This is pdfTeX, Version 3.14159265-2.6-1.40.19 (TeX Live 2018) (preloaded format=pdflatex 2018.9.11)  19 AUG 2020 17:03
entering extended mode
 restricted \write18 enabled.
 %&-line parsing enabled.
**new_grf_memo.tex
(./new_grf_memo.tex
LaTeX2e <2018-04-01> patch level 5
(/export/opt/texlive/2018/texmf-dist/tex/latex/base/article.cls
Document Class: article 2014/09/29 v1.4h Standard LaTeX document class
(/export/opt/texlive/2018/texmf-dist/tex/latex/base/size10.clo
File: size10.clo 2014/09/29 v1.4h Standard LaTeX file (size option)
)
\c@part=\count80
\c@section=\count81
\c@subsection=\count82
\c@subsubsection=\count83
\c@paragraph=\count84
\c@subparagraph=\count85
\c@figure=\count86
\c@table=\count87
\abovecaptionskip=\skip41
\belowcaptionskip=\skip42
\bibindent=\dimen102
) (/export/opt/texlive/2018/texmf-dist/tex/latex/lm/lmodern.sty
Package: lmodern 2009/10/30 v1.6 Latin Modern Fonts
LaTeX Font Info:    Overwriting symbol font `operators' in version `normal'
(Font)                  OT1/cmr/m/n --> OT1/lmr/m/n on input line 22.
LaTeX Font Info:    Overwriting symbol font `letters' in version `normal'
(Font)                  OML/cmm/m/it --> OML/lmm/m/it on input line 23.
LaTeX Font Info:    Overwriting symbol font `symbols' in version `normal'
(Font)                  OMS/cmsy/m/n --> OMS/lmsy/m/n on input line 24.
LaTeX Font Info:    Overwriting symbol font `largesymbols' in version `normal'
(Font)                  OMX/cmex/m/n --> OMX/lmex/m/n on input line 25.
LaTeX Font Info:    Overwriting symbol font `operators' in version `bold'
(Font)                  OT1/cmr/bx/n --> OT1/lmr/bx/n on input line 26.
LaTeX Font Info:    Overwriting symbol font `letters' in version `bold'
(Font)                  OML/cmm/b/it --> OML/lmm/b/it on input line 27.
LaTeX Font Info:    Overwriting symbol font `symbols' in version `bold'
(Font)                  OMS/cmsy/b/n --> OMS/lmsy/b/n on input line 28.
LaTeX Font Info:    Overwriting symbol font `largesymbols' in version `bold'
(Font)                  OMX/cmex/m/n --> OMX/lmex/m/n on input line 29.
LaTeX Font Info:    Overwriting math alphabet `\mathbf' in version `normal'
(Font)                  OT1/cmr/bx/n --> OT1/lmr/bx/n on input line 31.
LaTeX Font Info:    Overwriting math alphabet `\mathsf' in version `normal'
(Font)                  OT1/cmss/m/n --> OT1/lmss/m/n on input line 32.
LaTeX Font Info:    Overwriting math alphabet `\mathit' in version `normal'
(Font)                  OT1/cmr/m/it --> OT1/lmr/m/it on input line 33.
LaTeX Font Info:    Overwriting math alphabet `\mathtt' in version `normal'
(Font)                  OT1/cmtt/m/n --> OT1/lmtt/m/n on input line 34.
LaTeX Font Info:    Overwriting math alphabet `\mathbf' in version `bold'
(Font)                  OT1/cmr/bx/n --> OT1/lmr/bx/n on input line 35.
LaTeX Font Info:    Overwriting math alphabet `\mathsf' in version `bold'
(Font)                  OT1/cmss/bx/n --> OT1/lmss/bx/n on input line 36.
LaTeX Font Info:    Overwriting math alphabet `\mathit' in version `bold'
(Font)                  OT1/cmr/bx/it --> OT1/lmr/bx/it on input line 37.
LaTeX Font Info:    Overwriting math alphabet `\mathtt' in version `bold'
(Font)                  OT1/cmtt/m/n --> OT1/lmtt/m/n on input line 38.
) (/export/opt/texlive/2018/texmf-dist/tex/latex/amsfonts/amssymb.sty
Package: amssymb 2013/01/14 v3.01 AMS font symbols
(/export/opt/texlive/2018/texmf-dist/tex/latex/amsfonts/amsfonts.sty
Package: amsfonts 2013/01/14 v3.01 Basic AMSFonts support
\@emptytoks=\toks14
\symAMSa=\mathgroup4
\symAMSb=\mathgroup5
LaTeX Font Info:    Overwriting math alphabet `\mathfrak' in version `bold'
(Font)                  U/euf/m/n --> U/euf/b/n on input line 106.
)) (/export/opt/texlive/2018/texmf-dist/tex/latex/amsmath/amsmath.sty
Package: amsmath 2017/09/02 v2.17a AMS math features
\@mathmargin=\skip43
For additional information on amsmath, use the `?' option.
(/export/opt/texlive/2018/texmf-dist/tex/latex/amsmath/amstext.sty
Package: amstext 2000/06/29 v2.01 AMS text
(/export/opt/texlive/2018/texmf-dist/tex/latex/amsmath/amsgen.sty
File: amsgen.sty 1999/11/30 v2.0 generic functions
\@emptytoks=\toks15
\ex@=\dimen103
)) (/export/opt/texlive/2018/texmf-dist/tex/latex/amsmath/amsbsy.sty
Package: amsbsy 1999/11/29 v1.2d Bold Symbols
\pmbraise@=\dimen104
) (/export/opt/texlive/2018/texmf-dist/tex/latex/amsmath/amsopn.sty
Package: amsopn 2016/03/08 v2.02 operator names
)
\inf@bad=\count88
LaTeX Info: Redefining \frac on input line 213.
\uproot@=\count89
\leftroot@=\count90
LaTeX Info: Redefining \overline on input line 375.
\classnum@=\count91
\DOTSCASE@=\count92
LaTeX Info: Redefining \ldots on input line 472.
LaTeX Info: Redefining \dots on input line 475.
LaTeX Info: Redefining \cdots on input line 596.
\Mathstrutbox@=\box26
\strutbox@=\box27
\big@size=\dimen105
LaTeX Font Info:    Redeclaring font encoding OML on input line 712.
LaTeX Font Info:    Redeclaring font encoding OMS on input line 713.
\macc@depth=\count93
\c@MaxMatrixCols=\count94
\dotsspace@=\muskip10
\c@parentequation=\count95
\dspbrk@lvl=\count96
\tag@help=\toks16
\row@=\count97
\column@=\count98
\maxfields@=\count99
\andhelp@=\toks17
\eqnshift@=\dimen106
\alignsep@=\dimen107
\tagshift@=\dimen108
\tagwidth@=\dimen109
\totwidth@=\dimen110
\lineht@=\dimen111
\@envbody=\toks18
\multlinegap=\skip44
\multlinetaggap=\skip45
\mathdisplay@stack=\toks19
LaTeX Info: Redefining \[ on input line 2817.
LaTeX Info: Redefining \] on input line 2818.
) (/export/opt/texlive/2018/texmf-dist/tex/generic/ifxetex/ifxetex.sty
Package: ifxetex 2010/09/12 v0.6 Provides ifxetex conditional
) (/export/opt/texlive/2018/texmf-dist/tex/generic/oberdiek/ifluatex.sty
Package: ifluatex 2016/05/16 v1.4 Provides the ifluatex switch (HO)
Package ifluatex Info: LuaTeX not detected.
) (/export/opt/texlive/2018/texmf-dist/tex/latex/base/fixltx2e.sty
Package: fixltx2e 2016/12/29 v2.1a fixes to LaTeX (obsolete)
Applying: [2015/01/01] Old fixltx2e package on input line 46.

Package fixltx2e Warning: fixltx2e is not required with releases after 2015
(fixltx2e)                All fixes are now in the LaTeX kernel.
(fixltx2e)                See the latexrelease package for details.

Already applied: [0000/00/00] Old fixltx2e package on input line 53.
) (/export/opt/texlive/2018/texmf-dist/tex/latex/base/fontenc.sty
Package: fontenc 2017/04/05 v2.0i Standard LaTeX package
(/export/opt/texlive/2018/texmf-dist/tex/latex/base/t1enc.def
File: t1enc.def 2017/04/05 v2.0i Standard LaTeX file
LaTeX Font Info:    Redeclaring font encoding T1 on input line 48.
)) (/export/opt/texlive/2018/texmf-dist/tex/latex/base/inputenc.sty
Package: inputenc 2018/04/06 v1.3b Input encoding file
\inpenc@prehook=\toks20
\inpenc@posthook=\toks21
) (/export/opt/texlive/2018/texmf-dist/tex/latex/upquote/upquote.sty
Package: upquote 2012/04/19 v1.3 upright-quote and grave-accent glyphs in verba
tim
(/export/opt/texlive/2018/texmf-dist/tex/latex/base/textcomp.sty
Package: textcomp 2017/04/05 v2.0i Standard LaTeX package
Package textcomp Info: Sub-encoding information:
(textcomp)               5 = only ISO-Adobe without \textcurrency
(textcomp)               4 = 5 + \texteuro
(textcomp)               3 = 4 + \textohm
(textcomp)               2 = 3 + \textestimated + \textcurrency
(textcomp)               1 = TS1 - \textcircled - \t
(textcomp)               0 = TS1 (full)
(textcomp)             Font families with sub-encoding setting implement
(textcomp)             only a restricted character set as indicated.
(textcomp)             Family '?' is the default used for unknown fonts.
(textcomp)             See the documentation for details.
Package textcomp Info: Setting ? sub-encoding to TS1/1 on input line 79.
(/export/opt/texlive/2018/texmf-dist/tex/latex/base/ts1enc.def
File: ts1enc.def 2001/06/05 v3.0e (jk/car/fm) Standard LaTeX file
Now handling font encoding TS1 ...
... processing UTF-8 mapping file for font encoding TS1
(/export/opt/texlive/2018/texmf-dist/tex/latex/base/ts1enc.dfu
File: ts1enc.dfu 2018/04/05 v1.2c UTF-8 support for inputenc
   defining Unicode char U+00A2 (decimal 162)
   defining Unicode char U+00A3 (decimal 163)
   defining Unicode char U+00A4 (decimal 164)
   defining Unicode char U+00A5 (decimal 165)
   defining Unicode char U+00A6 (decimal 166)
   defining Unicode char U+00A7 (decimal 167)
   defining Unicode char U+00A8 (decimal 168)
   defining Unicode char U+00A9 (decimal 169)
   defining Unicode char U+00AA (decimal 170)
   defining Unicode char U+00AC (decimal 172)
   defining Unicode char U+00AE (decimal 174)
   defining Unicode char U+00AF (decimal 175)
   defining Unicode char U+00B0 (decimal 176)
   defining Unicode char U+00B1 (decimal 177)
   defining Unicode char U+00B2 (decimal 178)
   defining Unicode char U+00B3 (decimal 179)
   defining Unicode char U+00B4 (decimal 180)
   defining Unicode char U+00B5 (decimal 181)
   defining Unicode char U+00B6 (decimal 182)
   defining Unicode char U+00B7 (decimal 183)
   defining Unicode char U+00B9 (decimal 185)
   defining Unicode char U+00BA (decimal 186)
   defining Unicode char U+00BC (decimal 188)
   defining Unicode char U+00BD (decimal 189)
   defining Unicode char U+00BE (decimal 190)
   defining Unicode char U+00D7 (decimal 215)
   defining Unicode char U+00F7 (decimal 247)
   defining Unicode char U+0192 (decimal 402)
   defining Unicode char U+02C7 (decimal 711)
   defining Unicode char U+02D8 (decimal 728)
   defining Unicode char U+02DD (decimal 733)
   defining Unicode char U+0E3F (decimal 3647)
   defining Unicode char U+2016 (decimal 8214)
   defining Unicode char U+2020 (decimal 8224)
   defining Unicode char U+2021 (decimal 8225)
   defining Unicode char U+2022 (decimal 8226)
   defining Unicode char U+2030 (decimal 8240)
   defining Unicode char U+2031 (decimal 8241)
   defining Unicode char U+203B (decimal 8251)
   defining Unicode char U+203D (decimal 8253)
   defining Unicode char U+2044 (decimal 8260)
   defining Unicode char U+204E (decimal 8270)
   defining Unicode char U+2052 (decimal 8274)
   defining Unicode char U+20A1 (decimal 8353)
   defining Unicode char U+20A4 (decimal 8356)
   defining Unicode char U+20A6 (decimal 8358)
   defining Unicode char U+20A9 (decimal 8361)
   defining Unicode char U+20AB (decimal 8363)
   defining Unicode char U+20AC (decimal 8364)
   defining Unicode char U+20B1 (decimal 8369)
   defining Unicode char U+2103 (decimal 8451)
   defining Unicode char U+2116 (decimal 8470)
   defining Unicode char U+2117 (decimal 8471)
   defining Unicode char U+211E (decimal 8478)
   defining Unicode char U+2120 (decimal 8480)
   defining Unicode char U+2122 (decimal 8482)
   defining Unicode char U+2126 (decimal 8486)
   defining Unicode char U+2127 (decimal 8487)
   defining Unicode char U+212E (decimal 8494)
   defining Unicode char U+2190 (decimal 8592)
   defining Unicode char U+2191 (decimal 8593)
   defining Unicode char U+2192 (decimal 8594)
   defining Unicode char U+2193 (decimal 8595)
   defining Unicode char U+2329 (decimal 9001)
   defining Unicode char U+232A (decimal 9002)
   defining Unicode char U+2422 (decimal 9250)
   defining Unicode char U+25E6 (decimal 9702)
   defining Unicode char U+25EF (decimal 9711)
   defining Unicode char U+266A (decimal 9834)
   defining Unicode char U+FEFF (decimal 65279)
))
LaTeX Info: Redefining \oldstylenums on input line 334.
Package textcomp Info: Setting cmr sub-encoding to TS1/0 on input line 349.
Package textcomp Info: Setting cmss sub-encoding to TS1/0 on input line 350.
Package textcomp Info: Setting cmtt sub-encoding to TS1/0 on input line 351.
Package textcomp Info: Setting cmvtt sub-encoding to TS1/0 on input line 352.
Package textcomp Info: Setting cmbr sub-encoding to TS1/0 on input line 353.
Package textcomp Info: Setting cmtl sub-encoding to TS1/0 on input line 354.
Package textcomp Info: Setting ccr sub-encoding to TS1/0 on input line 355.
Package textcomp Info: Setting ptm sub-encoding to TS1/4 on input line 356.
Package textcomp Info: Setting pcr sub-encoding to TS1/4 on input line 357.
Package textcomp Info: Setting phv sub-encoding to TS1/4 on input line 358.
Package textcomp Info: Setting ppl sub-encoding to TS1/3 on input line 359.
Package textcomp Info: Setting pag sub-encoding to TS1/4 on input line 360.
Package textcomp Info: Setting pbk sub-encoding to TS1/4 on input line 361.
Package textcomp Info: Setting pnc sub-encoding to TS1/4 on input line 362.
Package textcomp Info: Setting pzc sub-encoding to TS1/4 on input line 363.
Package textcomp Info: Setting bch sub-encoding to TS1/4 on input line 364.
Package textcomp Info: Setting put sub-encoding to TS1/5 on input line 365.
Package textcomp Info: Setting uag sub-encoding to TS1/5 on input line 366.
Package textcomp Info: Setting ugq sub-encoding to TS1/5 on input line 367.
Package textcomp Info: Setting ul8 sub-encoding to TS1/4 on input line 368.
Package textcomp Info: Setting ul9 sub-encoding to TS1/4 on input line 369.
Package textcomp Info: Setting augie sub-encoding to TS1/5 on input line 370.
Package textcomp Info: Setting dayrom sub-encoding to TS1/3 on input line 371.
Package textcomp Info: Setting dayroms sub-encoding to TS1/3 on input line 372.

Package textcomp Info: Setting pxr sub-encoding to TS1/0 on input line 373.
Package textcomp Info: Setting pxss sub-encoding to TS1/0 on input line 374.
Package textcomp Info: Setting pxtt sub-encoding to TS1/0 on input line 375.
Package textcomp Info: Setting txr sub-encoding to TS1/0 on input line 376.
Package textcomp Info: Setting txss sub-encoding to TS1/0 on input line 377.
Package textcomp Info: Setting txtt sub-encoding to TS1/0 on input line 378.
Package textcomp Info: Setting lmr sub-encoding to TS1/0 on input line 379.
Package textcomp Info: Setting lmdh sub-encoding to TS1/0 on input line 380.
Package textcomp Info: Setting lmss sub-encoding to TS1/0 on input line 381.
Package textcomp Info: Setting lmssq sub-encoding to TS1/0 on input line 382.
Package textcomp Info: Setting lmvtt sub-encoding to TS1/0 on input line 383.
Package textcomp Info: Setting lmtt sub-encoding to TS1/0 on input line 384.
Package textcomp Info: Setting qhv sub-encoding to TS1/0 on input line 385.
Package textcomp Info: Setting qag sub-encoding to TS1/0 on input line 386.
Package textcomp Info: Setting qbk sub-encoding to TS1/0 on input line 387.
Package textcomp Info: Setting qcr sub-encoding to TS1/0 on input line 388.
Package textcomp Info: Setting qcs sub-encoding to TS1/0 on input line 389.
Package textcomp Info: Setting qpl sub-encoding to TS1/0 on input line 390.
Package textcomp Info: Setting qtm sub-encoding to TS1/0 on input line 391.
Package textcomp Info: Setting qzc sub-encoding to TS1/0 on input line 392.
Package textcomp Info: Setting qhvc sub-encoding to TS1/0 on input line 393.
Package textcomp Info: Setting futs sub-encoding to TS1/4 on input line 394.
Package textcomp Info: Setting futx sub-encoding to TS1/4 on input line 395.
Package textcomp Info: Setting futj sub-encoding to TS1/4 on input line 396.
Package textcomp Info: Setting hlh sub-encoding to TS1/3 on input line 397.
Package textcomp Info: Setting hls sub-encoding to TS1/3 on input line 398.
Package textcomp Info: Setting hlst sub-encoding to TS1/3 on input line 399.
Package textcomp Info: Setting hlct sub-encoding to TS1/5 on input line 400.
Package textcomp Info: Setting hlx sub-encoding to TS1/5 on input line 401.
Package textcomp Info: Setting hlce sub-encoding to TS1/5 on input line 402.
Package textcomp Info: Setting hlcn sub-encoding to TS1/5 on input line 403.
Package textcomp Info: Setting hlcw sub-encoding to TS1/5 on input line 404.
Package textcomp Info: Setting hlcf sub-encoding to TS1/5 on input line 405.
Package textcomp Info: Setting pplx sub-encoding to TS1/3 on input line 406.
Package textcomp Info: Setting pplj sub-encoding to TS1/3 on input line 407.
Package textcomp Info: Setting ptmx sub-encoding to TS1/4 on input line 408.
Package textcomp Info: Setting ptmj sub-encoding to TS1/4 on input line 409.
)) (/export/opt/texlive/2018/texmf-dist/tex/latex/microtype/microtype.sty
Package: microtype 2018/01/14 v2.7a Micro-typographical refinements (RS)
(/export/opt/texlive/2018/texmf-dist/tex/latex/graphics/keyval.sty
Package: keyval 2014/10/28 v1.15 key=value parser (DPC)
\KV@toks@=\toks22
)
\MT@toks=\toks23
\MT@count=\count100
LaTeX Info: Redefining \textls on input line 793.
\MT@outer@kern=\dimen112
LaTeX Info: Redefining \textmicrotypecontext on input line 1339.
\MT@listname@count=\count101
(/export/opt/texlive/2018/texmf-dist/tex/latex/microtype/microtype-pdftex.def
File: microtype-pdftex.def 2018/01/14 v2.7a Definitions specific to pdftex (RS)

LaTeX Info: Redefining \lsstyle on input line 913.
LaTeX Info: Redefining \lslig on input line 913.
\MT@outer@space=\skip46
)
Package microtype Info: Loading configuration file microtype.cfg.
(/export/opt/texlive/2018/texmf-dist/tex/latex/microtype/microtype.cfg
File: microtype.cfg 2018/01/14 v2.7a microtype main configuration file (RS)
)) (/export/opt/texlive/2018/texmf-dist/tex/latex/hyperref/hyperref.sty
Package: hyperref 2018/02/06 v6.86b Hypertext links for LaTeX
(/export/opt/texlive/2018/texmf-dist/tex/generic/oberdiek/hobsub-hyperref.sty
Package: hobsub-hyperref 2016/05/16 v1.14 Bundle oberdiek, subset hyperref (HO)

(/export/opt/texlive/2018/texmf-dist/tex/generic/oberdiek/hobsub-generic.sty
Package: hobsub-generic 2016/05/16 v1.14 Bundle oberdiek, subset generic (HO)
Package: hobsub 2016/05/16 v1.14 Construct package bundles (HO)
Package: infwarerr 2016/05/16 v1.4 Providing info/warning/error messages (HO)
Package: ltxcmds 2016/05/16 v1.23 LaTeX kernel commands for general use (HO)
Package hobsub Info: Skipping package `ifluatex' (already loaded).
Package: ifvtex 2016/05/16 v1.6 Detect VTeX and its facilities (HO)
Package ifvtex Info: VTeX not detected.
Package: intcalc 2016/05/16 v1.2 Expandable calculations with integers (HO)
Package: ifpdf 2018/09/07 v3.3 Provides the ifpdf switch
Package: etexcmds 2016/05/16 v1.6 Avoid name clashes with e-TeX commands (HO)
Package etexcmds Info: Could not find \expanded.
(etexcmds)             That can mean that you are not using pdfTeX 1.50 or
(etexcmds)             that some package has redefined \expanded.
(etexcmds)             In the latter case, load this package earlier.
Package: kvsetkeys 2016/05/16 v1.17 Key value parser (HO)
Package: kvdefinekeys 2016/05/16 v1.4 Define keys (HO)
Package: pdftexcmds 2018/09/07 v0.28 Utility functions of pdfTeX for LuaTeX (HO
)
Package pdftexcmds Info: LuaTeX not detected.
Package pdftexcmds Info: \pdf@primitive is available.
Package pdftexcmds Info: \pdf@ifprimitive is available.
Package pdftexcmds Info: \pdfdraftmode found.
Package: pdfescape 2016/05/16 v1.14 Implements pdfTeX's escape features (HO)
Package: bigintcalc 2016/05/16 v1.4 Expandable calculations on big integers (HO
)
Package: bitset 2016/05/16 v1.2 Handle bit-vector datatype (HO)
Package: uniquecounter 2016/05/16 v1.3 Provide unlimited unique counter (HO)
)
Package hobsub Info: Skipping package `hobsub' (already loaded).
Package: letltxmacro 2016/05/16 v1.5 Let assignment for LaTeX macros (HO)
Package: hopatch 2016/05/16 v1.3 Wrapper for package hooks (HO)
Package: xcolor-patch 2016/05/16 xcolor patch
Package: atveryend 2016/05/16 v1.9 Hooks at the very end of document (HO)
Package atveryend Info: \enddocument detected (standard20110627).
Package: atbegshi 2016/06/09 v1.18 At begin shipout hook (HO)
Package: refcount 2016/05/16 v3.5 Data extraction from label references (HO)
Package: hycolor 2016/05/16 v1.8 Color options for hyperref/bookmark (HO)
) (/export/opt/texlive/2018/texmf-dist/tex/latex/oberdiek/auxhook.sty
Package: auxhook 2016/05/16 v1.4 Hooks for auxiliary files (HO)
) (/export/opt/texlive/2018/texmf-dist/tex/latex/oberdiek/kvoptions.sty
Package: kvoptions 2016/05/16 v3.12 Key value format for package options (HO)
)
\@linkdim=\dimen113
\Hy@linkcounter=\count102
\Hy@pagecounter=\count103
(/export/opt/texlive/2018/texmf-dist/tex/latex/hyperref/pd1enc.def
File: pd1enc.def 2018/02/06 v6.86b Hyperref: PDFDocEncoding definition (HO)
Now handling font encoding PD1 ...
... no UTF-8 mapping file for font encoding PD1
)
\Hy@SavedSpaceFactor=\count104
(/export/opt/texlive/2018/texmf-dist/tex/latex/latexconfig/hyperref.cfg
File: hyperref.cfg 2002/06/06 v1.2 hyperref configuration of TeXLive
)
Package hyperref Info: Option `unicode' set `true' on input line 4383.
(/export/opt/texlive/2018/texmf-dist/tex/latex/hyperref/puenc.def
File: puenc.def 2018/02/06 v6.86b Hyperref: PDF Unicode definition (HO)
Now handling font encoding PU ...
... no UTF-8 mapping file for font encoding PU
)
Package hyperref Info: Hyper figures OFF on input line 4509.
Package hyperref Info: Link nesting OFF on input line 4514.
Package hyperref Info: Hyper index ON on input line 4517.
Package hyperref Info: Plain pages OFF on input line 4524.
Package hyperref Info: Backreferencing OFF on input line 4529.
Package hyperref Info: Implicit mode ON; LaTeX internals redefined.
Package hyperref Info: Bookmarks ON on input line 4762.
\c@Hy@tempcnt=\count105
(/export/opt/texlive/2018/texmf-dist/tex/latex/url/url.sty
\Urlmuskip=\muskip11
Package: url 2013/09/16  ver 3.4  Verb mode for urls, etc.
)
LaTeX Info: Redefining \url on input line 5115.
\XeTeXLinkMargin=\dimen114
\Fld@menulength=\count106
\Field@Width=\dimen115
\Fld@charsize=\dimen116
Package hyperref Info: Hyper figures OFF on input line 6369.
Package hyperref Info: Link nesting OFF on input line 6374.
Package hyperref Info: Hyper index ON on input line 6377.
Package hyperref Info: backreferencing OFF on input line 6384.
Package hyperref Info: Link coloring OFF on input line 6389.
Package hyperref Info: Link coloring with OCG OFF on input line 6394.
Package hyperref Info: PDF/A mode OFF on input line 6399.
LaTeX Info: Redefining \ref on input line 6439.
LaTeX Info: Redefining \pageref on input line 6443.
\Hy@abspage=\count107
\c@Item=\count108
\c@Hfootnote=\count109
)
Package hyperref Info: Driver (autodetected): hpdftex.
(/export/opt/texlive/2018/texmf-dist/tex/latex/hyperref/hpdftex.def
File: hpdftex.def 2018/02/06 v6.86b Hyperref driver for pdfTeX
\Fld@listcount=\count110
\c@bookmark@seq@number=\count111
(/export/opt/texlive/2018/texmf-dist/tex/latex/oberdiek/rerunfilecheck.sty
Package: rerunfilecheck 2016/05/16 v1.8 Rerun checks for auxiliary files (HO)
Package uniquecounter Info: New unique counter `rerunfilecheck' on input line 2
82.
)
\Hy@SectionHShift=\skip47
)
Package hyperref Info: Option `breaklinks' set `true' on input line 29.
(/export/opt/texlive/2018/texmf-dist/tex/latex/geometry/geometry.sty
Package: geometry 2018/04/16 v5.8 Page Geometry
\Gm@cnth=\count112
\Gm@cntv=\count113
\c@Gm@tempcnt=\count114
\Gm@bindingoffset=\dimen117
\Gm@wd@mp=\dimen118
\Gm@odd@mp=\dimen119
\Gm@even@mp=\dimen120
\Gm@layoutwidth=\dimen121
\Gm@layoutheight=\dimen122
\Gm@layouthoffset=\dimen123
\Gm@layoutvoffset=\dimen124
\Gm@dimlist=\toks24
) (/export/opt/texlive/2018/texmf-dist/tex/latex/graphics/graphicx.sty
Package: graphicx 2017/06/01 v1.1a Enhanced LaTeX Graphics (DPC,SPQR)
(/export/opt/texlive/2018/texmf-dist/tex/latex/graphics/graphics.sty
Package: graphics 2017/06/25 v1.2c Standard LaTeX Graphics (DPC,SPQR)
(/export/opt/texlive/2018/texmf-dist/tex/latex/graphics/trig.sty
Package: trig 2016/01/03 v1.10 sin cos tan (DPC)
) (/export/opt/texlive/2018/texmf-dist/tex/latex/graphics-cfg/graphics.cfg
File: graphics.cfg 2016/06/04 v1.11 sample graphics configuration
)
Package graphics Info: Driver file: pdftex.def on input line 99.
(/export/opt/texlive/2018/texmf-dist/tex/latex/graphics-def/pdftex.def
File: pdftex.def 2018/01/08 v1.0l Graphics/color driver for pdftex
))
\Gin@req@height=\dimen125
\Gin@req@width=\dimen126
) (/export/opt/texlive/2018/texmf-dist/tex/latex/oberdiek/grffile.sty
Package: grffile 2017/06/30 v1.18 Extended file name support for graphics (HO)
Package grffile Info: Option `multidot' is set to `true'.
Package grffile Info: Option `extendedchars' is set to `false'.
Package grffile Info: Option `space' is set to `true'.
Package grffile Info: \Gin@ii of package `graphicx' fixed on input line 494.
) (/export/opt/texlive/2018/texmf-dist/tex/generic/ulem/ulem.sty
\UL@box=\box28
\UL@hyphenbox=\box29
\UL@skip=\skip48
\UL@hook=\toks25
\UL@height=\dimen127
\UL@pe=\count115
\UL@pixel=\dimen128
\ULC@box=\box30
Package: ulem 2012/05/18
\ULdepth=\dimen129
) (/export/opt/texlive/2018/texmf-dist/tex/latex/parskip/parskip.sty
Package: parskip 2001/04/09 non-zero parskip adjustments
) (/export/opt/texlive/2018/texmf-dist/tex/latex/booktabs/booktabs.sty
Package: booktabs 2016/04/27 v1.618033 publication quality tables
\heavyrulewidth=\dimen130
\lightrulewidth=\dimen131
\cmidrulewidth=\dimen132
\belowrulesep=\dimen133
\belowbottomsep=\dimen134
\aboverulesep=\dimen135
\abovetopsep=\dimen136
\cmidrulesep=\dimen137
\cmidrulekern=\dimen138
\defaultaddspace=\dimen139
\@cmidla=\count116
\@cmidlb=\count117
\@aboverulesep=\dimen140
\@belowrulesep=\dimen141
\@thisruleclass=\count118
\@lastruleclass=\count119
\@thisrulewidth=\dimen142
) (/export/opt/texlive/2018/texmf-dist/tex/latex/tools/longtable.sty
Package: longtable 2014/10/28 v4.11 Multi-page Table package (DPC)
\LTleft=\skip49
\LTright=\skip50
\LTpre=\skip51
\LTpost=\skip52
\LTchunksize=\count120
\LTcapwidth=\dimen143
\LT@head=\box31
\LT@firsthead=\box32
\LT@foot=\box33
\LT@lastfoot=\box34
\LT@cols=\count121
\LT@rows=\count122
\c@LT@tables=\count123
\c@LT@chunks=\count124
\LT@p@ftn=\toks26
) (/export/opt/texlive/2018/texmf-dist/tex/latex/tools/array.sty
Package: array 2018/04/30 v2.4h Tabular extension package (FMi)
\col@sep=\dimen144
\ar@mcellbox=\box35
\extrarowheight=\dimen145
\NC@list=\toks27
\extratabsurround=\skip53
\backup@length=\skip54
\ar@cellbox=\box36
) (/export/opt/texlive/2018/texmf-dist/tex/latex/multirow/multirow.sty
Package: multirow 2018/08/03 v2.3 Span multiple rows of a table
\multirow@colwidth=\skip55
\multirow@cntb=\count125
\multirow@dima=\skip56
\bigstrutjot=\dimen146
) (/export/opt/texlive/2018/texmf-dist/tex/latex/wrapfig/wrapfig.sty
\wrapoverhang=\dimen147
\WF@size=\dimen148
\c@WF@wrappedlines=\count126
\WF@box=\box37
\WF@everypar=\toks28
Package: wrapfig 2003/01/31  v 3.6
) (/export/opt/texlive/2018/texmf-dist/tex/latex/float/float.sty
Package: float 2001/11/08 v1.3d Float enhancements (AL)
\c@float@type=\count127
\float@exts=\toks29
\float@box=\box38
\@float@everytoks=\toks30
\@floatcapt=\box39
) (/export/opt/texlive/2018/texmf-dist/tex/latex/colortbl/colortbl.sty
Package: colortbl 2018/05/02 v1.0c Color table columns (DPC)
(/export/opt/texlive/2018/texmf-dist/tex/latex/graphics/color.sty
Package: color 2016/07/10 v1.1e Standard LaTeX Color (DPC)
(/export/opt/texlive/2018/texmf-dist/tex/latex/graphics-cfg/color.cfg
File: color.cfg 2016/01/02 v1.6 sample color configuration
)
Package color Info: Driver file: pdftex.def on input line 147.
)
\everycr=\toks31
\minrowclearance=\skip57
) (/export/opt/texlive/2018/texmf-dist/tex/latex/oberdiek/pdflscape.sty
Package: pdflscape 2016/05/14 v0.11 Display of landscape pages in PDF (HO)
(/export/opt/texlive/2018/texmf-dist/tex/latex/graphics/lscape.sty
Package: lscape 2000/10/22 v3.01 Landscape Pages (DPC)
)
Package pdflscape Info: Auto-detected driver: pdftex on input line 81.
) (/export/opt/texlive/2018/texmf-dist/tex/latex/tabu/tabu.sty
Package: tabu 2011/02/26 v2.8 - flexible LaTeX tabulars (FC)
(/export/opt/texlive/2018/texmf-dist/tex/latex/varwidth/varwidth.sty
Package: varwidth 2009/03/30 ver 0.92;  Variable-width minipages
\@vwid@box=\box40
\sift@deathcycles=\count128
\@vwid@loff=\dimen149
\@vwid@roff=\dimen150
)
\c@taburow=\count129
\tabu@nbcols=\count130
\tabu@cnt=\count131
\tabu@Xcol=\count132
\tabu@alloc=\count133
\tabu@nested=\count134
\tabu@target=\dimen151
\tabu@spreadtarget=\dimen152
\tabu@naturalX=\dimen153
\tabucolX=\dimen154
\tabu@Xsum=\dimen155
\extrarowdepth=\dimen156
\abovetabulinesep=\dimen157
\belowtabulinesep=\dimen158
\tabustrutrule=\dimen159
\tabu@thebody=\toks32
\tabu@footnotes=\toks33
\tabu@box=\box41
\tabu@arstrutbox=\box42
\tabu@hleads=\box43
\tabu@vleads=\box44
\tabu@cellskip=\skip58
)
(/export/opt/texlive/2018/texmf-dist/tex/latex/threeparttable/threeparttable.st
y
Package: threeparttable 2003/06/13  v 3.0
\@tempboxb=\box45
)
(/export/opt/texlive/2018/texmf-dist/tex/latex/threeparttablex/threeparttablex.
sty
Package: threeparttablex 2013/07/23 v0.3 by daleif
(/export/opt/texlive/2018/texmf-dist/tex/latex/environ/environ.sty
Package: environ 2014/05/04 v0.3 A new way to define environments
(/export/opt/texlive/2018/texmf-dist/tex/latex/trimspaces/trimspaces.sty
Package: trimspaces 2009/09/17 v1.1 Trim spaces around a token list
))
\TPTL@width=\skip59
) (/export/opt/texlive/2018/texmf-dist/tex/latex/makecell/makecell.sty
Package: makecell 2009/08/03 V0.1e Managing of Tab Column Heads and Cells
\rotheadsize=\dimen160
\c@nlinenum=\count135
\TeXr@lab=\toks34
) (/export/opt/texlive/2018/texmf-dist/tex/latex/xcolor/xcolor.sty
Package: xcolor 2016/05/11 v2.12 LaTeX color extensions (UK)
(/export/opt/texlive/2018/texmf-dist/tex/latex/graphics-cfg/color.cfg
File: color.cfg 2016/01/02 v1.6 sample color configuration
)
Package xcolor Info: Driver file: pdftex.def on input line 225.
LaTeX Info: Redefining \color on input line 709.
Package xcolor Info: Model `cmy' substituted by `cmy0' on input line 1348.
Package xcolor Info: Model `hsb' substituted by `rgb' on input line 1352.
Package xcolor Info: Model `RGB' extended on input line 1364.
Package xcolor Info: Model `HTML' substituted by `rgb' on input line 1366.
Package xcolor Info: Model `Hsb' substituted by `hsb' on input line 1367.
Package xcolor Info: Model `tHsb' substituted by `hsb' on input line 1368.
Package xcolor Info: Model `HSB' substituted by `hsb' on input line 1369.
Package xcolor Info: Model `Gray' substituted by `gray' on input line 1370.
Package xcolor Info: Model `wave' substituted by `hsb' on input line 1371.
)

LaTeX Warning: Unused global option(s):
    [9pt].

(./new_grf_memo.aux

LaTeX Warning: Label `tab:unnamed-chunk-1' multiply defined.


LaTeX Warning: Label `tab:unnamed-chunk-1' multiply defined.


LaTeX Warning: Label `tab:unnamed-chunk-1' multiply defined.


LaTeX Warning: Label `tab:unnamed-chunk-1' multiply defined.


LaTeX Warning: Label `tab:unnamed-chunk-1' multiply defined.


LaTeX Warning: Label `tab:unnamed-chunk-1' multiply defined.


LaTeX Warning: Label `tab:unnamed-chunk-1' multiply defined.


LaTeX Warning: Label `tab:unnamed-chunk-1' multiply defined.


LaTeX Warning: Label `tab:unnamed-chunk-1' multiply defined.


LaTeX Warning: Label `tab:unnamed-chunk-1' multiply defined.


LaTeX Warning: Label `tab:unnamed-chunk-1' multiply defined.


LaTeX Warning: Label `tab:unnamed-chunk-1' multiply defined.


LaTeX Warning: Label `tab:unnamed-chunk-1' multiply defined.


LaTeX Warning: Label `tab:unnamed-chunk-1' multiply defined.


LaTeX Warning: Label `tab:unnamed-chunk-1' multiply defined.


LaTeX Warning: Label `tab:unnamed-chunk-1' multiply defined.


LaTeX Warning: Label `tab:unnamed-chunk-1' multiply defined.


LaTeX Warning: Label `tab:unnamed-chunk-1' multiply defined.


LaTeX Warning: Label `tab:unnamed-chunk-1' multiply defined.


LaTeX Warning: Label `tab:unnamed-chunk-1' multiply defined.


LaTeX Warning: Label `tab:unnamed-chunk-1' multiply defined.


LaTeX Warning: Label `tab:unnamed-chunk-1' multiply defined.


LaTeX Warning: Label `tab:unnamed-chunk-1' multiply defined.


LaTeX Warning: Label `tab:unnamed-chunk-1' multiply defined.


LaTeX Warning: Label `tab:unnamed-chunk-1' multiply defined.


LaTeX Warning: Label `tab:unnamed-chunk-1' multiply defined.


LaTeX Warning: Label `tab:unnamed-chunk-1' multiply defined.


LaTeX Warning: Label `tab:unnamed-chunk-1' multiply defined.


LaTeX Warning: Label `tab:unnamed-chunk-1' multiply defined.


LaTeX Warning: Label `tab:unnamed-chunk-1' multiply defined.


LaTeX Warning: Label `tab:unnamed-chunk-1' multiply defined.


LaTeX Warning: Label `tab:unnamed-chunk-1' multiply defined.

)
\openout1 = `new_grf_memo.aux'.

LaTeX Font Info:    Checking defaults for OML/cmm/m/it on input line 88.
LaTeX Font Info:    ... okay on input line 88.
LaTeX Font Info:    Checking defaults for T1/cmr/m/n on input line 88.
LaTeX Font Info:    ... okay on input line 88.
LaTeX Font Info:    Checking defaults for OT1/cmr/m/n on input line 88.
LaTeX Font Info:    ... okay on input line 88.
LaTeX Font Info:    Checking defaults for OMS/cmsy/m/n on input line 88.
LaTeX Font Info:    ... okay on input line 88.
LaTeX Font Info:    Checking defaults for OMX/cmex/m/n on input line 88.
LaTeX Font Info:    ... okay on input line 88.
LaTeX Font Info:    Checking defaults for U/cmr/m/n on input line 88.
LaTeX Font Info:    ... okay on input line 88.
LaTeX Font Info:    Checking defaults for TS1/cmr/m/n on input line 88.
LaTeX Font Info:    Try loading font information for TS1+cmr on input line 88.
(/export/opt/texlive/2018/texmf-dist/tex/latex/base/ts1cmr.fd
File: ts1cmr.fd 2014/09/29 v2.5h Standard LaTeX font definitions
)
LaTeX Font Info:    ... okay on input line 88.
LaTeX Font Info:    Checking defaults for PD1/pdf/m/n on input line 88.
LaTeX Font Info:    ... okay on input line 88.
LaTeX Font Info:    Checking defaults for PU/pdf/m/n on input line 88.
LaTeX Font Info:    ... okay on input line 88.
LaTeX Font Info:    Try loading font information for T1+lmr on input line 88.
(/export/opt/texlive/2018/texmf-dist/tex/latex/lm/t1lmr.fd
File: t1lmr.fd 2009/10/30 v1.6 Font defs for Latin Modern
)
LaTeX Info: Redefining \microtypecontext on input line 88.
Package microtype Info: Generating PDF output.
Package microtype Info: Character protrusion enabled (level 2).
Package microtype Info: Using protrusion set `basicmath'.
Package microtype Info: Automatic font expansion enabled (level 2),
(microtype)             stretch: 20, shrink: 20, step: 1, non-selected.
Package microtype Info: Using default expansion set `basictext'.
Package microtype Info: No adjustment of tracking.
Package microtype Info: No adjustment of interword spacing.
Package microtype Info: No adjustment of character kerning.
(/export/opt/texlive/2018/texmf-dist/tex/latex/microtype/mt-cmr.cfg
File: mt-cmr.cfg 2013/05/19 v2.2 microtype config. file: Computer Modern Roman 
(RS)
)
\AtBeginShipoutBox=\box46
Package hyperref Info: Link coloring OFF on input line 88.
(/export/opt/texlive/2018/texmf-dist/tex/latex/hyperref/nameref.sty
Package: nameref 2016/05/21 v2.44 Cross-referencing by name of section
(/export/opt/texlive/2018/texmf-dist/tex/generic/oberdiek/gettitlestring.sty
Package: gettitlestring 2016/05/16 v1.5 Cleanup title references (HO)
)
\c@section@level=\count136
)
LaTeX Info: Redefining \ref on input line 88.
LaTeX Info: Redefining \pageref on input line 88.
LaTeX Info: Redefining \nameref on input line 88.
(./new_grf_memo.out) (./new_grf_memo.out)
\@outlinefile=\write3
\openout3 = `new_grf_memo.out'.

*geometry* driver: auto-detecting
*geometry* detected driver: pdftex
*geometry* verbose mode - [ preamble ] result:
* driver: pdftex
* paper: <default>
* layout: <same size as paper>
* layoutoffset:(h,v)=(0.0pt,0.0pt)
* modes: 
* h-part:(L,W,R)=(54.2025pt, 505.89pt, 54.2025pt)
* v-part:(T,H,B)=(54.2025pt, 686.56499pt, 54.2025pt)
* \paperwidth=614.295pt
* \paperheight=794.96999pt
* \textwidth=505.89pt
* \textheight=686.56499pt
* \oddsidemargin=-18.06749pt
* \evensidemargin=-18.06749pt
* \topmargin=-55.06749pt
* \headheight=12.0pt
* \headsep=25.0pt
* \topskip=10.0pt
* \footskip=30.0pt
* \marginparwidth=65.0pt
* \marginparsep=11.0pt
* \columnsep=10.0pt
* \skip\footins=9.0pt plus 4.0pt minus 2.0pt
* \hoffset=0.0pt
* \voffset=0.0pt
* \mag=1000
* \@twocolumnfalse
* \@twosidefalse
* \@mparswitchfalse
* \@reversemarginfalse
* (1in=72.27pt=25.4mm, 1cm=28.453pt)

(/export/opt/texlive/2018/texmf-dist/tex/context/base/mkii/supp-pdf.mkii
[Loading MPS to PDF converter (version 2006.09.02).]
\scratchcounter=\count137
\scratchdimen=\dimen161
\scratchbox=\box47
\nofMPsegments=\count138
\nofMParguments=\count139
\everyMPshowfont=\toks35
\MPscratchCnt=\count140
\MPscratchDim=\dimen162
\MPnumerator=\count141
\makeMPintoPDFobject=\count142
\everyMPtoPDFconversion=\toks36
) (/export/opt/texlive/2018/texmf-dist/tex/latex/oberdiek/epstopdf-base.sty
Package: epstopdf-base 2016/05/15 v2.6 Base part for package epstopdf
(/export/opt/texlive/2018/texmf-dist/tex/latex/oberdiek/grfext.sty
Package: grfext 2016/05/16 v1.2 Manage graphics extensions (HO)
)
Package epstopdf-base Info: Redefining graphics rule for `.eps' on input line 4
38.
Package grfext Info: Graphics extension search list:
(grfext)             [.pdf,.png,.jpg,.mps,.jpeg,.jbig2,.jb2,.PDF,.PNG,.JPG,.JPE
G,.JBIG2,.JB2,.eps]
(grfext)             \AppendGraphicsExtensions on input line 456.
(/export/opt/texlive/2018/texmf-dist/tex/latex/latexconfig/epstopdf-sys.cfg
File: epstopdf-sys.cfg 2010/07/13 v1.3 Configuration of (r)epstopdf for TeX Liv
e
))
LaTeX Font Info:    Try loading font information for OT1+lmr on input line 90.
(/export/opt/texlive/2018/texmf-dist/tex/latex/lm/ot1lmr.fd
File: ot1lmr.fd 2009/10/30 v1.6 Font defs for Latin Modern
)
LaTeX Font Info:    Try loading font information for OML+lmm on input line 90.
(/export/opt/texlive/2018/texmf-dist/tex/latex/lm/omllmm.fd
File: omllmm.fd 2009/10/30 v1.6 Font defs for Latin Modern
)
LaTeX Font Info:    Try loading font information for OMS+lmsy on input line 90.

(/export/opt/texlive/2018/texmf-dist/tex/latex/lm/omslmsy.fd
File: omslmsy.fd 2009/10/30 v1.6 Font defs for Latin Modern
)
LaTeX Font Info:    Try loading font information for OMX+lmex on input line 90.

(/export/opt/texlive/2018/texmf-dist/tex/latex/lm/omxlmex.fd
File: omxlmex.fd 2009/10/30 v1.6 Font defs for Latin Modern
)
LaTeX Font Info:    External font `lmex10' loaded for size
(Font)              <12> on input line 90.
LaTeX Font Info:    External font `lmex10' loaded for size
(Font)              <8> on input line 90.
LaTeX Font Info:    External font `lmex10' loaded for size
(Font)              <6> on input line 90.
LaTeX Font Info:    Try loading font information for U+msa on input line 90.
(/export/opt/texlive/2018/texmf-dist/tex/latex/amsfonts/umsa.fd
File: umsa.fd 2013/01/14 v3.01 AMS symbols A
) (/export/opt/texlive/2018/texmf-dist/tex/latex/microtype/mt-msa.cfg
File: mt-msa.cfg 2006/02/04 v1.1 microtype config. file: AMS symbols (a) (RS)
)
LaTeX Font Info:    Try loading font information for U+msb on input line 90.
(/export/opt/texlive/2018/texmf-dist/tex/latex/amsfonts/umsb.fd
File: umsb.fd 2013/01/14 v3.01 AMS symbols B
) (/export/opt/texlive/2018/texmf-dist/tex/latex/microtype/mt-msb.cfg
File: mt-msb.cfg 2005/06/01 v1.0 microtype config. file: AMS symbols (b) (RS)
)
LaTeX Font Info:    Try loading font information for T1+lmtt on input line 91.
(/export/opt/texlive/2018/texmf-dist/tex/latex/lm/t1lmtt.fd
File: t1lmtt.fd 2009/10/30 v1.6 Font defs for Latin Modern
)
LaTeX Font Info:    Try loading font information for TS1+lmr on input line 98.
(/export/opt/texlive/2018/texmf-dist/tex/latex/lm/ts1lmr.fd
File: ts1lmr.fd 2009/10/30 v1.6 Font defs for Latin Modern
) [1

{/export/opt/texlive/2018/texmf-var/fonts/map/pdftex/updmap/pdftex.map}]
<new_grf_memo_files/figure-latex/unnamed-chunk-1-1.pdf, id=22, 459.7175pt x 226
.8475pt>
File: new_grf_memo_files/figure-latex/unnamed-chunk-1-1.pdf Graphic file (type 
pdf)
<use new_grf_memo_files/figure-latex/unnamed-chunk-1-1.pdf>
Package pdftex.def Info: new_grf_memo_files/figure-latex/unnamed-chunk-1-1.pdf 
 used on input line 178.
(pdftex.def)             Requested size: 459.71637pt x 226.84694pt.
LaTeX Font Info:    External font `lmex10' loaded for size
(Font)              <10> on input line 183.
LaTeX Font Info:    External font `lmex10' loaded for size
(Font)              <7> on input line 183.
LaTeX Font Info:    External font `lmex10' loaded for size
(Font)              <5> on input line 183.
<new_grf_memo_files/figure-latex/unnamed-chunk-1-2.pdf, id=24, 463.7325pt x 222
.8325pt>
File: new_grf_memo_files/figure-latex/unnamed-chunk-1-2.pdf Graphic file (type 
pdf)
<use new_grf_memo_files/figure-latex/unnamed-chunk-1-2.pdf>
Package pdftex.def Info: new_grf_memo_files/figure-latex/unnamed-chunk-1-2.pdf 
 used on input line 201.
(pdftex.def)             Requested size: 463.73842pt x 222.83534pt.
[2 <./new_grf_memo_files/figure-latex/unnamed-chunk-1-1.pdf> <./new_grf_memo_fi
les/figure-latex/unnamed-chunk-1-2.pdf>] [3pdfTeX warning (ext4): destination w
ith the same identifier (name{table.1}) has been already used, duplicate ignore
d

\AtBegShi@Output ...ipout \box \AtBeginShipoutBox 
                                                  \fi \fi 
l.288 
      pdfTeX warning (ext4): destination with the same identifier (name{table.2
}) has been already used, duplicate ignored

\AtBegShi@Output ...ipout \box \AtBeginShipoutBox 
                                                  \fi \fi 
l.288 
      ] [4pdfTeX warning (ext4): destination with the same identifier (name{tab
le.3}) has been already used, duplicate ignored

\AtBegShi@Output ...ipout \box \AtBeginShipoutBox 
                                                  \fi \fi 
l.289 ...1 0.694016 1 0.02760692 0.8210774\newpage
                                                  ]
<new_grf_memo_files/figure-latex/unnamed-chunk-1-3.pdf, id=70, 459.7175pt x 226
.8475pt>
File: new_grf_memo_files/figure-latex/unnamed-chunk-1-3.pdf Graphic file (type 
pdf)
<use new_grf_memo_files/figure-latex/unnamed-chunk-1-3.pdf>
Package pdftex.def Info: new_grf_memo_files/figure-latex/unnamed-chunk-1-3.pdf 
 used on input line 291.
(pdftex.def)             Requested size: 459.71637pt x 226.84694pt.
<new_grf_memo_files/figure-latex/unnamed-chunk-1-4.pdf, id=72, 463.7325pt x 222
.8325pt>
File: new_grf_memo_files/figure-latex/unnamed-chunk-1-4.pdf Graphic file (type 
pdf)
<use new_grf_memo_files/figure-latex/unnamed-chunk-1-4.pdf>
Package pdftex.def Info: new_grf_memo_files/figure-latex/unnamed-chunk-1-4.pdf 
 used on input line 314.
(pdftex.def)             Requested size: 463.73842pt x 222.83534pt.

Overfull \hbox (66.10666pt too wide) in paragraph at lines 290--315
[]\T1/lmr/m/n/10 (-20) ## Out-come: Math GPA []
 []

[5 <./new_grf_memo_files/figure-latex/unnamed-chunk-1-3.pdf> <./new_grf_memo_fi
les/figure-latex/unnamed-chunk-1-4.pdf>] [6pdfTeX warning (ext4): destination w
ith the same identifier (name{table.4}) has been already used, duplicate ignore
d

\AtBegShi@Output ...ipout \box \AtBeginShipoutBox 
                                                  \fi \fi 
l.401 
      pdfTeX warning (ext4): destination with the same identifier (name{table.5
}) has been already used, duplicate ignored

\AtBegShi@Output ...ipout \box \AtBeginShipoutBox 
                                                  \fi \fi 
l.401 
      ] [7pdfTeX warning (ext4): destination with the same identifier (name{tab
le.6}) has been already used, duplicate ignored

\AtBegShi@Output ...ipout \box \AtBeginShipoutBox 
                                                  \fi \fi 
l.402 ...4 0.7514214 1 0.03659856 1.807611\newpage
                                                  ]
<new_grf_memo_files/figure-latex/unnamed-chunk-1-5.pdf, id=108, 459.7175pt x 22
6.8475pt>
File: new_grf_memo_files/figure-latex/unnamed-chunk-1-5.pdf Graphic file (type 
pdf)
<use new_grf_memo_files/figure-latex/unnamed-chunk-1-5.pdf>
Package pdftex.def Info: new_grf_memo_files/figure-latex/unnamed-chunk-1-5.pdf 
 used on input line 404.
(pdftex.def)             Requested size: 459.71637pt x 226.84694pt.
<new_grf_memo_files/figure-latex/unnamed-chunk-1-6.pdf, id=110, 468.75125pt x 2
22.8325pt>
File: new_grf_memo_files/figure-latex/unnamed-chunk-1-6.pdf Graphic file (type 
pdf)
<use new_grf_memo_files/figure-latex/unnamed-chunk-1-6.pdf>
Package pdftex.def Info: new_grf_memo_files/figure-latex/unnamed-chunk-1-6.pdf 
 used on input line 427.
(pdftex.def)             Requested size: 468.75009pt x 222.83195pt.

Overfull \hbox (110.34776pt too wide) in paragraph at lines 403--428
[]\T1/lmr/m/n/10 (-20) ## Out-come: Math Course Fail-ures []
 []

[8 <./new_grf_memo_files/figure-latex/unnamed-chunk-1-5.pdf> <./new_grf_memo_fi
les/figure-latex/unnamed-chunk-1-6.pdf>] [9pdfTeX warning (ext4): destination w
ith the same identifier (name{table.7}) has been already used, duplicate ignore
d

\AtBegShi@Output ...ipout \box \AtBeginShipoutBox 
                                                  \fi \fi 
l.514 
      pdfTeX warning (ext4): destination with the same identifier (name{table.8
}) has been already used, duplicate ignored

\AtBegShi@Output ...ipout \box \AtBeginShipoutBox 
                                                  \fi \fi 
l.514 
      ] [10pdfTeX warning (ext4): destination with the same identifier (name{ta
ble.9}) has been already used, duplicate ignored

\AtBegShi@Output ...ipout \box \AtBeginShipoutBox 
                                                  \fi \fi 
l.515 ... 2 0.7945048 1 0.0180163 1.929979\newpage
                                                  ]
<new_grf_memo_files/figure-latex/unnamed-chunk-1-7.pdf, id=145, 464.73625pt x 2
26.8475pt>
File: new_grf_memo_files/figure-latex/unnamed-chunk-1-7.pdf Graphic file (type 
pdf)
<use new_grf_memo_files/figure-latex/unnamed-chunk-1-7.pdf>
Package pdftex.def Info: new_grf_memo_files/figure-latex/unnamed-chunk-1-7.pdf 
 used on input line 517.
(pdftex.def)             Requested size: 464.7351pt x 226.84694pt.
<new_grf_memo_files/figure-latex/unnamed-chunk-1-8.pdf, id=147, 463.7325pt x 22
2.8325pt>
File: new_grf_memo_files/figure-latex/unnamed-chunk-1-8.pdf Graphic file (type 
pdf)
<use new_grf_memo_files/figure-latex/unnamed-chunk-1-8.pdf>
Package pdftex.def Info: new_grf_memo_files/figure-latex/unnamed-chunk-1-8.pdf 
 used on input line 540.
(pdftex.def)             Requested size: 463.73842pt x 222.83534pt.

Overfull \hbox (156.1416pt too wide) in paragraph at lines 516--541
[]\T1/lmr/m/n/10 (-20) ## Out-come: Per-cent of Math Courses Failed []
 []

[11 <./new_grf_memo_files/figure-latex/unnamed-chunk-1-7.pdf> <./new_grf_memo_f
iles/figure-latex/unnamed-chunk-1-8.pdf>] [12pdfTeX warning (ext4): destination
 with the same identifier (name{table.10}) has been already used, duplicate ign
ored

\AtBegShi@Output ...ipout \box \AtBeginShipoutBox 
                                                  \fi \fi 
l.627 
      pdfTeX warning (ext4): destination with the same identifier (name{table.1
1}) has been already used, duplicate ignored

\AtBegShi@Output ...ipout \box \AtBeginShipoutBox 
                                                  \fi \fi 
l.627 
      ] [13pdfTeX warning (ext4): destination with the same identifier (name{ta
ble.12}) has been already used, duplicate ignored

\AtBegShi@Output ...ipout \box \AtBeginShipoutBox 
                                                  \fi \fi 
l.628 ... 0.640886 1 0.007615928 0.2416616\newpage
                                                  ]
<new_grf_memo_files/figure-latex/unnamed-chunk-1-9.pdf, id=184, 459.7175pt x 22
6.8475pt>
File: new_grf_memo_files/figure-latex/unnamed-chunk-1-9.pdf Graphic file (type 
pdf)
<use new_grf_memo_files/figure-latex/unnamed-chunk-1-9.pdf>
Package pdftex.def Info: new_grf_memo_files/figure-latex/unnamed-chunk-1-9.pdf 
 used on input line 630.
(pdftex.def)             Requested size: 459.71637pt x 226.84694pt.
<new_grf_memo_files/figure-latex/unnamed-chunk-1-10.pdf, id=186, 463.7325pt x 2
22.8325pt>
File: new_grf_memo_files/figure-latex/unnamed-chunk-1-10.pdf Graphic file (type
 pdf)
<use new_grf_memo_files/figure-latex/unnamed-chunk-1-10.pdf>
Package pdftex.def Info: new_grf_memo_files/figure-latex/unnamed-chunk-1-10.pdf
  used on input line 653.
(pdftex.def)             Requested size: 463.73842pt x 222.83534pt.

Overfull \hbox (86.25038pt too wide) in paragraph at lines 629--654
[]\T1/lmr/m/n/10 (-20) ## Out-come: Non-math GPA []
 []

[14 <./new_grf_memo_files/figure-latex/unnamed-chunk-1-9.pdf> <./new_grf_memo_f
iles/figure-latex/unnamed-chunk-1-10.pdf>] [15pdfTeX warning (ext4): destinatio
n with the same identifier (name{table.13}) has been already used, duplicate ig
nored

\AtBegShi@Output ...ipout \box \AtBeginShipoutBox 
                                                  \fi \fi 
l.740 
      pdfTeX warning (ext4): destination with the same identifier (name{table.1
4}) has been already used, duplicate ignored

\AtBegShi@Output ...ipout \box \AtBeginShipoutBox 
                                                  \fi \fi 
l.740 
      ] [16pdfTeX warning (ext4): destination with the same identifier (name{ta
ble.15}) has been already used, duplicate ignored

\AtBegShi@Output ...ipout \box \AtBeginShipoutBox 
                                                  \fi \fi 
l.741 ... 0.5595897 1 0.02643746 0.8033093\newpage
                                                  ]
<new_grf_memo_files/figure-latex/unnamed-chunk-1-11.pdf, id=221, 459.7175pt x 2
26.8475pt>
File: new_grf_memo_files/figure-latex/unnamed-chunk-1-11.pdf Graphic file (type
 pdf)
<use new_grf_memo_files/figure-latex/unnamed-chunk-1-11.pdf>
Package pdftex.def Info: new_grf_memo_files/figure-latex/unnamed-chunk-1-11.pdf
  used on input line 743.
(pdftex.def)             Requested size: 459.71637pt x 226.84694pt.
<new_grf_memo_files/figure-latex/unnamed-chunk-1-12.pdf, id=223, 463.7325pt x 2
22.8325pt>
File: new_grf_memo_files/figure-latex/unnamed-chunk-1-12.pdf Graphic file (type
 pdf)
<use new_grf_memo_files/figure-latex/unnamed-chunk-1-12.pdf>
Package pdftex.def Info: new_grf_memo_files/figure-latex/unnamed-chunk-1-12.pdf
  used on input line 766.
(pdftex.def)             Requested size: 463.73842pt x 222.83534pt.

Overfull \hbox (112.28615pt too wide) in paragraph at lines 742--767
[]\T1/lmr/m/n/10 (-20) ## Out-come: Read-ing test score (Z) []
 []

[17 <./new_grf_memo_files/figure-latex/unnamed-chunk-1-11.pdf> <./new_grf_memo_
files/figure-latex/unnamed-chunk-1-12.pdf>] [18pdfTeX warning (ext4): destinati
on with the same identifier (name{table.16}) has been already used, duplicate i
gnored

\AtBegShi@Output ...ipout \box \AtBeginShipoutBox 
                                                  \fi \fi 
l.853 
      pdfTeX warning (ext4): destination with the same identifier (name{table.1
7}) has been already used, duplicate ignored

\AtBegShi@Output ...ipout \box \AtBeginShipoutBox 
                                                  \fi \fi 
l.853 
      ] [19pdfTeX warning (ext4): destination with the same identifier (name{ta
ble.18}) has been already used, duplicate ignored

\AtBegShi@Output ...ipout \box \AtBeginShipoutBox 
                                                  \fi \fi 
l.854 ... 0.5302957 0 0.009221531 2.414188\newpage
                                                  ]
<new_grf_memo_files/figure-latex/unnamed-chunk-1-13.pdf, id=259, 459.7175pt x 2
26.8475pt>
File: new_grf_memo_files/figure-latex/unnamed-chunk-1-13.pdf Graphic file (type
 pdf)
<use new_grf_memo_files/figure-latex/unnamed-chunk-1-13.pdf>
Package pdftex.def Info: new_grf_memo_files/figure-latex/unnamed-chunk-1-13.pdf
  used on input line 856.
(pdftex.def)             Requested size: 459.71637pt x 226.84694pt.
<new_grf_memo_files/figure-latex/unnamed-chunk-1-14.pdf, id=261, 468.75125pt x 
222.8325pt>
File: new_grf_memo_files/figure-latex/unnamed-chunk-1-14.pdf Graphic file (type
 pdf)
<use new_grf_memo_files/figure-latex/unnamed-chunk-1-14.pdf>
Package pdftex.def Info: new_grf_memo_files/figure-latex/unnamed-chunk-1-14.pdf
  used on input line 879.
(pdftex.def)             Requested size: 468.75009pt x 222.83195pt.

Overfull \hbox (100.58719pt too wide) in paragraph at lines 855--880
[]\T1/lmr/m/n/10 (-20) ## Out-come: Grad-u-ated on-time []
 []

[20 <./new_grf_memo_files/figure-latex/unnamed-chunk-1-13.pdf> <./new_grf_memo_
files/figure-latex/unnamed-chunk-1-14.pdf>] [21pdfTeX warning (ext4): destinati
on with the same identifier (name{table.19}) has been already used, duplicate i
gnored

\AtBegShi@Output ...ipout \box \AtBeginShipoutBox 
                                                  \fi \fi 
l.966 
      pdfTeX warning (ext4): destination with the same identifier (name{table.2
0}) has been already used, duplicate ignored

\AtBegShi@Output ...ipout \box \AtBeginShipoutBox 
                                                  \fi \fi 
l.966 
      ] [22pdfTeX warning (ext4): destination with the same identifier (name{ta
ble.21}) has been already used, duplicate ignored

\AtBegShi@Output ...ipout \box \AtBeginShipoutBox 
                                                  \fi \fi 
l.967 ...0.7536215 1 0.008674368 0.1192588\newpage
                                                  ]
<new_grf_memo_files/figure-latex/unnamed-chunk-1-15.pdf, id=297, 459.7175pt x 2
26.8475pt>
File: new_grf_memo_files/figure-latex/unnamed-chunk-1-15.pdf Graphic file (type
 pdf)
<use new_grf_memo_files/figure-latex/unnamed-chunk-1-15.pdf>
Package pdftex.def Info: new_grf_memo_files/figure-latex/unnamed-chunk-1-15.pdf
  used on input line 969.
(pdftex.def)             Requested size: 459.71637pt x 226.84694pt.
<new_grf_memo_files/figure-latex/unnamed-chunk-1-16.pdf, id=299, 463.7325pt x 2
22.8325pt>
File: new_grf_memo_files/figure-latex/unnamed-chunk-1-16.pdf Graphic file (type
 pdf)
<use new_grf_memo_files/figure-latex/unnamed-chunk-1-16.pdf>
Package pdftex.def Info: new_grf_memo_files/figure-latex/unnamed-chunk-1-16.pdf
  used on input line 992.
(pdftex.def)             Requested size: 463.73842pt x 222.83534pt.

Overfull \hbox (85.36497pt too wide) in paragraph at lines 968--993
[]\T1/lmr/m/n/10 (-20) ## Out-come: Grad-u-ated ever []
 []

[23 <./new_grf_memo_files/figure-latex/unnamed-chunk-1-15.pdf> <./new_grf_memo_
files/figure-latex/unnamed-chunk-1-16.pdf>] [24pdfTeX warning (ext4): destinati
on with the same identifier (name{table.22}) has been already used, duplicate i
gnored

\AtBegShi@Output ...ipout \box \AtBeginShipoutBox 
                                                  \fi \fi 
l.1079 
       pdfTeX warning (ext4): destination with the same identifier (name{table.
23}) has been already used, duplicate ignored

\AtBegShi@Output ...ipout \box \AtBeginShipoutBox 
                                                  \fi \fi 
l.1079 
       ] [25pdfTeX warning (ext4): destination with the same identifier (name{t
able.24}) has been already used, duplicate ignored

\AtBegShi@Output ...ipout \box \AtBeginShipoutBox 
                                                  \fi \fi 
l.1080 ...0.7813505 1 0.05620829 0.7390069\newpage
                                                  ]
<new_grf_memo_files/figure-latex/unnamed-chunk-1-17.pdf, id=335, 464.73625pt x 
226.8475pt>
File: new_grf_memo_files/figure-latex/unnamed-chunk-1-17.pdf Graphic file (type
 pdf)
<use new_grf_memo_files/figure-latex/unnamed-chunk-1-17.pdf>
Package pdftex.def Info: new_grf_memo_files/figure-latex/unnamed-chunk-1-17.pdf
  used on input line 1082.
(pdftex.def)             Requested size: 464.7351pt x 226.84694pt.
<new_grf_memo_files/figure-latex/unnamed-chunk-1-18.pdf, id=337, 463.7325pt x 2
22.8325pt>
File: new_grf_memo_files/figure-latex/unnamed-chunk-1-18.pdf Graphic file (type
 pdf)
<use new_grf_memo_files/figure-latex/unnamed-chunk-1-18.pdf>
Package pdftex.def Info: new_grf_memo_files/figure-latex/unnamed-chunk-1-18.pdf
  used on input line 1105.
(pdftex.def)             Requested size: 463.73842pt x 222.83534pt.

Overfull \hbox (151.59074pt too wide) in paragraph at lines 1081--1106
[]\T1/lmr/m/n/10 (-20) ## Out-come: Par-tic-i-pated in Study 1 Year 2 []
 []

[26 <./new_grf_memo_files/figure-latex/unnamed-chunk-1-17.pdf> <./new_grf_memo_
files/figure-latex/unnamed-chunk-1-18.pdf>] [27pdfTeX warning (ext4): destinati
on with the same identifier (name{table.25}) has been already used, duplicate i
gnored

\AtBegShi@Output ...ipout \box \AtBeginShipoutBox 
                                                  \fi \fi 
l.1192 
       pdfTeX warning (ext4): destination with the same identifier (name{table.
26}) has been already used, duplicate ignored

\AtBegShi@Output ...ipout \box \AtBeginShipoutBox 
                                                  \fi \fi 
l.1192 
       ] [28pdfTeX warning (ext4): destination with the same identifier (name{t
able.27}) has been already used, duplicate ignored

\AtBegShi@Output ...ipout \box \AtBeginShipoutBox 
                                                  \fi \fi 
l.1193 ...664616 0 0.005445751 0.002942552\newpage
                                                  ]
<new_grf_memo_files/figure-latex/unnamed-chunk-1-19.pdf, id=372, 459.7175pt x 2
26.8475pt>
File: new_grf_memo_files/figure-latex/unnamed-chunk-1-19.pdf Graphic file (type
 pdf)
<use new_grf_memo_files/figure-latex/unnamed-chunk-1-19.pdf>
Package pdftex.def Info: new_grf_memo_files/figure-latex/unnamed-chunk-1-19.pdf
  used on input line 1195.
(pdftex.def)             Requested size: 459.71637pt x 226.84694pt.
<new_grf_memo_files/figure-latex/unnamed-chunk-1-20.pdf, id=374, 463.7325pt x 2
22.8325pt>
File: new_grf_memo_files/figure-latex/unnamed-chunk-1-20.pdf Graphic file (type
 pdf)
<use new_grf_memo_files/figure-latex/unnamed-chunk-1-20.pdf>
Package pdftex.def Info: new_grf_memo_files/figure-latex/unnamed-chunk-1-20.pdf
  used on input line 1218.
(pdftex.def)             Requested size: 463.73842pt x 222.83534pt.

Overfull \hbox (115.83508pt too wide) in paragraph at lines 1194--1219
[]\T1/lmr/m/n/10 (-20) ## Out-come: 11th Grade Math GPA []
 []

[29 <./new_grf_memo_files/figure-latex/unnamed-chunk-1-19.pdf> <./new_grf_memo_
files/figure-latex/unnamed-chunk-1-20.pdf>] [30pdfTeX warning (ext4): destinati
on with the same identifier (name{table.28}) has been already used, duplicate i
gnored

\AtBegShi@Output ...ipout \box \AtBeginShipoutBox 
                                                  \fi \fi 
l.1305 
       pdfTeX warning (ext4): destination with the same identifier (name{table.
29}) has been already used, duplicate ignored

\AtBegShi@Output ...ipout \box \AtBeginShipoutBox 
                                                  \fi \fi 
l.1305 
       ] [31pdfTeX warning (ext4): destination with the same identifier (name{t
able.30}) has been already used, duplicate ignored

\AtBegShi@Output ...ipout \box \AtBeginShipoutBox 
                                                  \fi \fi 
l.1306 ...0.5757383 0 0.06313904 0.3481267\newpage
                                                  ]
<new_grf_memo_files/figure-latex/unnamed-chunk-1-21.pdf, id=410, 464.73625pt x 
226.8475pt>
File: new_grf_memo_files/figure-latex/unnamed-chunk-1-21.pdf Graphic file (type
 pdf)
<use new_grf_memo_files/figure-latex/unnamed-chunk-1-21.pdf>
Package pdftex.def Info: new_grf_memo_files/figure-latex/unnamed-chunk-1-21.pdf
  used on input line 1308.
(pdftex.def)             Requested size: 464.7351pt x 226.84694pt.
<new_grf_memo_files/figure-latex/unnamed-chunk-1-22.pdf, id=412, 463.7325pt x 2
22.8325pt>
File: new_grf_memo_files/figure-latex/unnamed-chunk-1-22.pdf Graphic file (type
 pdf)
<use new_grf_memo_files/figure-latex/unnamed-chunk-1-22.pdf>
Package pdftex.def Info: new_grf_memo_files/figure-latex/unnamed-chunk-1-22.pdf
  used on input line 1331.
(pdftex.def)             Requested size: 463.73842pt x 222.83534pt.

Overfull \hbox (159.204pt too wide) in paragraph at lines 1307--1332
[]\T1/lmr/m/n/10 (-20) ## Out-come: 11th Grade Math Test Score (Z) []
 []

[32 <./new_grf_memo_files/figure-latex/unnamed-chunk-1-21.pdf> <./new_grf_memo_
files/figure-latex/unnamed-chunk-1-22.pdf>] [33pdfTeX warning (ext4): destinati
on with the same identifier (name{table.31}) has been already used, duplicate i
gnored

\AtBegShi@Output ...ipout \box \AtBeginShipoutBox 
                                                  \fi \fi 
l.1418 
       pdfTeX warning (ext4): destination with the same identifier (name{table.
32}) has been already used, duplicate ignored

\AtBegShi@Output ...ipout \box \AtBeginShipoutBox 
                                                  \fi \fi 
l.1418 
       ] [34pdfTeX warning (ext4): destination with the same identifier (name{t
able.33}) has been already used, duplicate ignored

\AtBegShi@Output ...ipout \box \AtBeginShipoutBox 
                                                  \fi \fi 
l.1419 ...0.7360488 1 0.003484605 2.304497\newpage
                                                  ]
<new_grf_memo_files/figure-latex/unnamed-chunk-2-1.pdf, id=448, 493.845pt x 309
.155pt>
File: new_grf_memo_files/figure-latex/unnamed-chunk-2-1.pdf Graphic file (type 
pdf)
<use new_grf_memo_files/figure-latex/unnamed-chunk-2-1.pdf>
Package pdftex.def Info: new_grf_memo_files/figure-latex/unnamed-chunk-2-1.pdf 
 used on input line 1423.
(pdftex.def)             Requested size: 493.84378pt x 309.15424pt.
<new_grf_memo_files/figure-latex/unnamed-chunk-2-2.pdf, id=449, 493.845pt x 309
.155pt>
File: new_grf_memo_files/figure-latex/unnamed-chunk-2-2.pdf Graphic file (type 
pdf)
<use new_grf_memo_files/figure-latex/unnamed-chunk-2-2.pdf>
Package pdftex.def Info: new_grf_memo_files/figure-latex/unnamed-chunk-2-2.pdf 
 used on input line 1425.
(pdftex.def)             Requested size: 493.84378pt x 309.15424pt.
<new_grf_memo_files/figure-latex/unnamed-chunk-2-3.pdf, id=450, 499.8675pt x 30
9.155pt>
File: new_grf_memo_files/figure-latex/unnamed-chunk-2-3.pdf Graphic file (type 
pdf)
<use new_grf_memo_files/figure-latex/unnamed-chunk-2-3.pdf>
Package pdftex.def Info: new_grf_memo_files/figure-latex/unnamed-chunk-2-3.pdf 
 used on input line 1427.
(pdftex.def)             Requested size: 499.88152pt x 309.16367pt.
[35 <./new_grf_memo_files/figure-latex/unnamed-chunk-2-1.pdf> <./new_grf_memo_f
iles/figure-latex/unnamed-chunk-2-2.pdf>]
<new_grf_memo_files/figure-latex/unnamed-chunk-2-4.pdf, id=472, 499.8675pt x 30
9.155pt>
File: new_grf_memo_files/figure-latex/unnamed-chunk-2-4.pdf Graphic file (type 
pdf)
<use new_grf_memo_files/figure-latex/unnamed-chunk-2-4.pdf>
Package pdftex.def Info: new_grf_memo_files/figure-latex/unnamed-chunk-2-4.pdf 
 used on input line 1429.
(pdftex.def)             Requested size: 499.88152pt x 309.16367pt.
[36 <./new_grf_memo_files/figure-latex/unnamed-chunk-2-3.pdf> <./new_grf_memo_f
iles/figure-latex/unnamed-chunk-2-4.pdf>]
<new_grf_memo_files/figure-latex/unnamed-chunk-2-5.pdf, id=502, 493.845pt x 309
.155pt>
File: new_grf_memo_files/figure-latex/unnamed-chunk-2-5.pdf Graphic file (type 
pdf)
<use new_grf_memo_files/figure-latex/unnamed-chunk-2-5.pdf>
Package pdftex.def Info: new_grf_memo_files/figure-latex/unnamed-chunk-2-5.pdf 
 used on input line 1431.
(pdftex.def)             Requested size: 493.84378pt x 309.15424pt.
<new_grf_memo_files/figure-latex/unnamed-chunk-2-6.pdf, id=503, 493.845pt x 309
.155pt>
File: new_grf_memo_files/figure-latex/unnamed-chunk-2-6.pdf Graphic file (type 
pdf)
<use new_grf_memo_files/figure-latex/unnamed-chunk-2-6.pdf>
Package pdftex.def Info: new_grf_memo_files/figure-latex/unnamed-chunk-2-6.pdf 
 used on input line 1433.
(pdftex.def)             Requested size: 493.84378pt x 309.15424pt.
<new_grf_memo_files/figure-latex/unnamed-chunk-2-7.pdf, id=504, 499.8675pt x 30
9.155pt>
File: new_grf_memo_files/figure-latex/unnamed-chunk-2-7.pdf Graphic file (type 
pdf)
<use new_grf_memo_files/figure-latex/unnamed-chunk-2-7.pdf>
Package pdftex.def Info: new_grf_memo_files/figure-latex/unnamed-chunk-2-7.pdf 
 used on input line 1435.
(pdftex.def)             Requested size: 499.88152pt x 309.16367pt.
[37 <./new_grf_memo_files/figure-latex/unnamed-chunk-2-5.pdf> <./new_grf_memo_f
iles/figure-latex/unnamed-chunk-2-6.pdf>]
<new_grf_memo_files/figure-latex/unnamed-chunk-2-8.pdf, id=527, 499.8675pt x 30
9.155pt>
File: new_grf_memo_files/figure-latex/unnamed-chunk-2-8.pdf Graphic file (type 
pdf)
<use new_grf_memo_files/figure-latex/unnamed-chunk-2-8.pdf>
Package pdftex.def Info: new_grf_memo_files/figure-latex/unnamed-chunk-2-8.pdf 
 used on input line 1437.
(pdftex.def)             Requested size: 499.88152pt x 309.16367pt.
[38 <./new_grf_memo_files/figure-latex/unnamed-chunk-2-7.pdf> <./new_grf_memo_f
iles/figure-latex/unnamed-chunk-2-8.pdf>]
<new_grf_memo_files/figure-latex/unnamed-chunk-2-9.pdf, id=557, 493.845pt x 309
.155pt>
File: new_grf_memo_files/figure-latex/unnamed-chunk-2-9.pdf Graphic file (type 
pdf)
<use new_grf_memo_files/figure-latex/unnamed-chunk-2-9.pdf>
Package pdftex.def Info: new_grf_memo_files/figure-latex/unnamed-chunk-2-9.pdf 
 used on input line 1439.
(pdftex.def)             Requested size: 493.84378pt x 309.15424pt.
<new_grf_memo_files/figure-latex/unnamed-chunk-2-10.pdf, id=558, 493.845pt x 30
9.155pt>
File: new_grf_memo_files/figure-latex/unnamed-chunk-2-10.pdf Graphic file (type
 pdf)
<use new_grf_memo_files/figure-latex/unnamed-chunk-2-10.pdf>
Package pdftex.def Info: new_grf_memo_files/figure-latex/unnamed-chunk-2-10.pdf
  used on input line 1441.
(pdftex.def)             Requested size: 493.84378pt x 309.15424pt.
<new_grf_memo_files/figure-latex/unnamed-chunk-2-11.pdf, id=559, 499.8675pt x 3
09.155pt>
File: new_grf_memo_files/figure-latex/unnamed-chunk-2-11.pdf Graphic file (type
 pdf)
<use new_grf_memo_files/figure-latex/unnamed-chunk-2-11.pdf>
Package pdftex.def Info: new_grf_memo_files/figure-latex/unnamed-chunk-2-11.pdf
  used on input line 1443.
(pdftex.def)             Requested size: 499.88152pt x 309.16367pt.
[39 <./new_grf_memo_files/figure-latex/unnamed-chunk-2-9.pdf> <./new_grf_memo_f
iles/figure-latex/unnamed-chunk-2-10.pdf>]
<new_grf_memo_files/figure-latex/unnamed-chunk-2-12.pdf, id=582, 499.8675pt x 3
09.155pt>
File: new_grf_memo_files/figure-latex/unnamed-chunk-2-12.pdf Graphic file (type
 pdf)
<use new_grf_memo_files/figure-latex/unnamed-chunk-2-12.pdf>
Package pdftex.def Info: new_grf_memo_files/figure-latex/unnamed-chunk-2-12.pdf
  used on input line 1445.
(pdftex.def)             Requested size: 499.88152pt x 309.16367pt.
[40 <./new_grf_memo_files/figure-latex/unnamed-chunk-2-11.pdf> <./new_grf_memo_
files/figure-latex/unnamed-chunk-2-12.pdf>]
<new_grf_memo_files/figure-latex/unnamed-chunk-2-13.pdf, id=612, 493.845pt x 30
9.155pt>
File: new_grf_memo_files/figure-latex/unnamed-chunk-2-13.pdf Graphic file (type
 pdf)
<use new_grf_memo_files/figure-latex/unnamed-chunk-2-13.pdf>
Package pdftex.def Info: new_grf_memo_files/figure-latex/unnamed-chunk-2-13.pdf
  used on input line 1447.
(pdftex.def)             Requested size: 493.84378pt x 309.15424pt.
<new_grf_memo_files/figure-latex/unnamed-chunk-2-14.pdf, id=613, 493.845pt x 30
9.155pt>
File: new_grf_memo_files/figure-latex/unnamed-chunk-2-14.pdf Graphic file (type
 pdf)
<use new_grf_memo_files/figure-latex/unnamed-chunk-2-14.pdf>
Package pdftex.def Info: new_grf_memo_files/figure-latex/unnamed-chunk-2-14.pdf
  used on input line 1449.
(pdftex.def)             Requested size: 493.84378pt x 309.15424pt.
<new_grf_memo_files/figure-latex/unnamed-chunk-2-15.pdf, id=614, 501.875pt x 30
9.155pt>
File: new_grf_memo_files/figure-latex/unnamed-chunk-2-15.pdf Graphic file (type
 pdf)
<use new_grf_memo_files/figure-latex/unnamed-chunk-2-15.pdf>
Package pdftex.def Info: new_grf_memo_files/figure-latex/unnamed-chunk-2-15.pdf
  used on input line 1451.
(pdftex.def)             Requested size: 501.89673pt x 309.16838pt.
[41 <./new_grf_memo_files/figure-latex/unnamed-chunk-2-13.pdf> <./new_grf_memo_
files/figure-latex/unnamed-chunk-2-14.pdf>]
<new_grf_memo_files/figure-latex/unnamed-chunk-2-16.pdf, id=636, 499.8675pt x 3
09.155pt>
File: new_grf_memo_files/figure-latex/unnamed-chunk-2-16.pdf Graphic file (type
 pdf)
<use new_grf_memo_files/figure-latex/unnamed-chunk-2-16.pdf>
Package pdftex.def Info: new_grf_memo_files/figure-latex/unnamed-chunk-2-16.pdf
  used on input line 1453.
(pdftex.def)             Requested size: 499.88152pt x 309.16367pt.
[42 <./new_grf_memo_files/figure-latex/unnamed-chunk-2-15.pdf> <./new_grf_memo_
files/figure-latex/unnamed-chunk-2-16.pdf>]
<new_grf_memo_files/figure-latex/unnamed-chunk-2-17.pdf, id=666, 493.845pt x 30
9.155pt>
File: new_grf_memo_files/figure-latex/unnamed-chunk-2-17.pdf Graphic file (type
 pdf)
<use new_grf_memo_files/figure-latex/unnamed-chunk-2-17.pdf>
Package pdftex.def Info: new_grf_memo_files/figure-latex/unnamed-chunk-2-17.pdf
  used on input line 1455.
(pdftex.def)             Requested size: 493.84378pt x 309.15424pt.
<new_grf_memo_files/figure-latex/unnamed-chunk-2-18.pdf, id=667, 493.845pt x 30
9.155pt>
File: new_grf_memo_files/figure-latex/unnamed-chunk-2-18.pdf Graphic file (type
 pdf)
<use new_grf_memo_files/figure-latex/unnamed-chunk-2-18.pdf>
Package pdftex.def Info: new_grf_memo_files/figure-latex/unnamed-chunk-2-18.pdf
  used on input line 1457.
(pdftex.def)             Requested size: 493.84378pt x 309.15424pt.
<new_grf_memo_files/figure-latex/unnamed-chunk-2-19.pdf, id=668, 501.875pt x 30
9.155pt>
File: new_grf_memo_files/figure-latex/unnamed-chunk-2-19.pdf Graphic file (type
 pdf)
<use new_grf_memo_files/figure-latex/unnamed-chunk-2-19.pdf>
Package pdftex.def Info: new_grf_memo_files/figure-latex/unnamed-chunk-2-19.pdf
  used on input line 1459.
(pdftex.def)             Requested size: 501.89673pt x 309.16838pt.
[43 <./new_grf_memo_files/figure-latex/unnamed-chunk-2-17.pdf> <./new_grf_memo_
files/figure-latex/unnamed-chunk-2-18.pdf>]
<new_grf_memo_files/figure-latex/unnamed-chunk-2-20.pdf, id=691, 499.8675pt x 3
09.155pt>
File: new_grf_memo_files/figure-latex/unnamed-chunk-2-20.pdf Graphic file (type
 pdf)
<use new_grf_memo_files/figure-latex/unnamed-chunk-2-20.pdf>
Package pdftex.def Info: new_grf_memo_files/figure-latex/unnamed-chunk-2-20.pdf
  used on input line 1461.
(pdftex.def)             Requested size: 499.88152pt x 309.16367pt.
[44 <./new_grf_memo_files/figure-latex/unnamed-chunk-2-19.pdf> <./new_grf_memo_
files/figure-latex/unnamed-chunk-2-20.pdf>]
<new_grf_memo_files/figure-latex/unnamed-chunk-2-21.pdf, id=721, 493.845pt x 30
9.155pt>
File: new_grf_memo_files/figure-latex/unnamed-chunk-2-21.pdf Graphic file (type
 pdf)
<use new_grf_memo_files/figure-latex/unnamed-chunk-2-21.pdf>
Package pdftex.def Info: new_grf_memo_files/figure-latex/unnamed-chunk-2-21.pdf
  used on input line 1463.
(pdftex.def)             Requested size: 493.84378pt x 309.15424pt.
<new_grf_memo_files/figure-latex/unnamed-chunk-2-22.pdf, id=722, 493.845pt x 30
9.155pt>
File: new_grf_memo_files/figure-latex/unnamed-chunk-2-22.pdf Graphic file (type
 pdf)
<use new_grf_memo_files/figure-latex/unnamed-chunk-2-22.pdf>
Package pdftex.def Info: new_grf_memo_files/figure-latex/unnamed-chunk-2-22.pdf
  used on input line 1465.
(pdftex.def)             Requested size: 493.84378pt x 309.15424pt.
<new_grf_memo_files/figure-latex/unnamed-chunk-2-23.pdf, id=723, 501.875pt x 30
9.155pt>
File: new_grf_memo_files/figure-latex/unnamed-chunk-2-23.pdf Graphic file (type
 pdf)
<use new_grf_memo_files/figure-latex/unnamed-chunk-2-23.pdf>
Package pdftex.def Info: new_grf_memo_files/figure-latex/unnamed-chunk-2-23.pdf
  used on input line 1467.
(pdftex.def)             Requested size: 501.89673pt x 309.16838pt.
[45 <./new_grf_memo_files/figure-latex/unnamed-chunk-2-21.pdf> <./new_grf_memo_
files/figure-latex/unnamed-chunk-2-22.pdf>]
<new_grf_memo_files/figure-latex/unnamed-chunk-2-24.pdf, id=746, 499.8675pt x 3
09.155pt>
File: new_grf_memo_files/figure-latex/unnamed-chunk-2-24.pdf Graphic file (type
 pdf)
<use new_grf_memo_files/figure-latex/unnamed-chunk-2-24.pdf>
Package pdftex.def Info: new_grf_memo_files/figure-latex/unnamed-chunk-2-24.pdf
  used on input line 1469.
(pdftex.def)             Requested size: 499.88152pt x 309.16367pt.
[46 <./new_grf_memo_files/figure-latex/unnamed-chunk-2-23.pdf> <./new_grf_memo_
files/figure-latex/unnamed-chunk-2-24.pdf>]
<new_grf_memo_files/figure-latex/unnamed-chunk-2-25.pdf, id=776, 493.845pt x 30
9.155pt>
File: new_grf_memo_files/figure-latex/unnamed-chunk-2-25.pdf Graphic file (type
 pdf)
<use new_grf_memo_files/figure-latex/unnamed-chunk-2-25.pdf>
Package pdftex.def Info: new_grf_memo_files/figure-latex/unnamed-chunk-2-25.pdf
  used on input line 1471.
(pdftex.def)             Requested size: 493.84378pt x 309.15424pt.
<new_grf_memo_files/figure-latex/unnamed-chunk-2-26.pdf, id=777, 493.845pt x 30
9.155pt>
File: new_grf_memo_files/figure-latex/unnamed-chunk-2-26.pdf Graphic file (type
 pdf)
<use new_grf_memo_files/figure-latex/unnamed-chunk-2-26.pdf>
Package pdftex.def Info: new_grf_memo_files/figure-latex/unnamed-chunk-2-26.pdf
  used on input line 1473.
(pdftex.def)             Requested size: 493.84378pt x 309.15424pt.
<new_grf_memo_files/figure-latex/unnamed-chunk-2-27.pdf, id=778, 499.8675pt x 3
09.155pt>
File: new_grf_memo_files/figure-latex/unnamed-chunk-2-27.pdf Graphic file (type
 pdf)
<use new_grf_memo_files/figure-latex/unnamed-chunk-2-27.pdf>
Package pdftex.def Info: new_grf_memo_files/figure-latex/unnamed-chunk-2-27.pdf
  used on input line 1475.
(pdftex.def)             Requested size: 499.88152pt x 309.16367pt.
[47 <./new_grf_memo_files/figure-latex/unnamed-chunk-2-25.pdf> <./new_grf_memo_
files/figure-latex/unnamed-chunk-2-26.pdf>]
<new_grf_memo_files/figure-latex/unnamed-chunk-2-28.pdf, id=800, 499.8675pt x 3
09.155pt>
File: new_grf_memo_files/figure-latex/unnamed-chunk-2-28.pdf Graphic file (type
 pdf)
<use new_grf_memo_files/figure-latex/unnamed-chunk-2-28.pdf>
Package pdftex.def Info: new_grf_memo_files/figure-latex/unnamed-chunk-2-28.pdf
  used on input line 1477.
(pdftex.def)             Requested size: 499.88152pt x 309.16367pt.
[48 <./new_grf_memo_files/figure-latex/unnamed-chunk-2-27.pdf> <./new_grf_memo_
files/figure-latex/unnamed-chunk-2-28.pdf>]
<new_grf_memo_files/figure-latex/unnamed-chunk-2-29.pdf, id=830, 493.845pt x 30
9.155pt>
File: new_grf_memo_files/figure-latex/unnamed-chunk-2-29.pdf Graphic file (type
 pdf)
<use new_grf_memo_files/figure-latex/unnamed-chunk-2-29.pdf>
Package pdftex.def Info: new_grf_memo_files/figure-latex/unnamed-chunk-2-29.pdf
  used on input line 1479.
(pdftex.def)             Requested size: 493.84378pt x 309.15424pt.
<new_grf_memo_files/figure-latex/unnamed-chunk-2-30.pdf, id=831, 493.845pt x 30
9.155pt>
File: new_grf_memo_files/figure-latex/unnamed-chunk-2-30.pdf Graphic file (type
 pdf)
<use new_grf_memo_files/figure-latex/unnamed-chunk-2-30.pdf>
Package pdftex.def Info: new_grf_memo_files/figure-latex/unnamed-chunk-2-30.pdf
  used on input line 1481.
(pdftex.def)             Requested size: 493.84378pt x 309.15424pt.
<new_grf_memo_files/figure-latex/unnamed-chunk-2-31.pdf, id=832, 499.8675pt x 3
09.155pt>
File: new_grf_memo_files/figure-latex/unnamed-chunk-2-31.pdf Graphic file (type
 pdf)
<use new_grf_memo_files/figure-latex/unnamed-chunk-2-31.pdf>
Package pdftex.def Info: new_grf_memo_files/figure-latex/unnamed-chunk-2-31.pdf
  used on input line 1483.
(pdftex.def)             Requested size: 499.88152pt x 309.16367pt.
[49 <./new_grf_memo_files/figure-latex/unnamed-chunk-2-29.pdf> <./new_grf_memo_
files/figure-latex/unnamed-chunk-2-30.pdf>]
<new_grf_memo_files/figure-latex/unnamed-chunk-2-32.pdf, id=855, 499.8675pt x 3
09.155pt>
File: new_grf_memo_files/figure-latex/unnamed-chunk-2-32.pdf Graphic file (type
 pdf)
<use new_grf_memo_files/figure-latex/unnamed-chunk-2-32.pdf>
Package pdftex.def Info: new_grf_memo_files/figure-latex/unnamed-chunk-2-32.pdf
  used on input line 1485.
(pdftex.def)             Requested size: 499.88152pt x 309.16367pt.
[50 <./new_grf_memo_files/figure-latex/unnamed-chunk-2-31.pdf> <./new_grf_memo_
files/figure-latex/unnamed-chunk-2-32.pdf>]
<new_grf_memo_files/figure-latex/unnamed-chunk-2-33.pdf, id=886, 493.845pt x 30
9.155pt>
File: new_grf_memo_files/figure-latex/unnamed-chunk-2-33.pdf Graphic file (type
 pdf)
<use new_grf_memo_files/figure-latex/unnamed-chunk-2-33.pdf>
Package pdftex.def Info: new_grf_memo_files/figure-latex/unnamed-chunk-2-33.pdf
  used on input line 1487.
(pdftex.def)             Requested size: 493.84378pt x 309.15424pt.
<new_grf_memo_files/figure-latex/unnamed-chunk-2-34.pdf, id=887, 493.845pt x 30
9.155pt>
File: new_grf_memo_files/figure-latex/unnamed-chunk-2-34.pdf Graphic file (type
 pdf)
<use new_grf_memo_files/figure-latex/unnamed-chunk-2-34.pdf>
Package pdftex.def Info: new_grf_memo_files/figure-latex/unnamed-chunk-2-34.pdf
  used on input line 1489.
(pdftex.def)             Requested size: 493.84378pt x 309.15424pt.
<new_grf_memo_files/figure-latex/unnamed-chunk-2-35.pdf, id=888, 499.8675pt x 3
09.155pt>
File: new_grf_memo_files/figure-latex/unnamed-chunk-2-35.pdf Graphic file (type
 pdf)
<use new_grf_memo_files/figure-latex/unnamed-chunk-2-35.pdf>
Package pdftex.def Info: new_grf_memo_files/figure-latex/unnamed-chunk-2-35.pdf
  used on input line 1491.
(pdftex.def)             Requested size: 499.88152pt x 309.16367pt.
[51 <./new_grf_memo_files/figure-latex/unnamed-chunk-2-33.pdf> <./new_grf_memo_
files/figure-latex/unnamed-chunk-2-34.pdf>]
<new_grf_memo_files/figure-latex/unnamed-chunk-2-36.pdf, id=910, 499.8675pt x 3
09.155pt>
File: new_grf_memo_files/figure-latex/unnamed-chunk-2-36.pdf Graphic file (type
 pdf)
<use new_grf_memo_files/figure-latex/unnamed-chunk-2-36.pdf>
Package pdftex.def Info: new_grf_memo_files/figure-latex/unnamed-chunk-2-36.pdf
  used on input line 1493.
(pdftex.def)             Requested size: 499.88152pt x 309.16367pt.
[52 <./new_grf_memo_files/figure-latex/unnamed-chunk-2-35.pdf> <./new_grf_memo_
files/figure-latex/unnamed-chunk-2-36.pdf>]
<new_grf_memo_files/figure-latex/unnamed-chunk-2-37.pdf, id=940, 493.845pt x 30
9.155pt>
File: new_grf_memo_files/figure-latex/unnamed-chunk-2-37.pdf Graphic file (type
 pdf)
<use new_grf_memo_files/figure-latex/unnamed-chunk-2-37.pdf>
Package pdftex.def Info: new_grf_memo_files/figure-latex/unnamed-chunk-2-37.pdf
  used on input line 1495.
(pdftex.def)             Requested size: 493.84378pt x 309.15424pt.
<new_grf_memo_files/figure-latex/unnamed-chunk-2-38.pdf, id=941, 493.845pt x 30
9.155pt>
File: new_grf_memo_files/figure-latex/unnamed-chunk-2-38.pdf Graphic file (type
 pdf)
<use new_grf_memo_files/figure-latex/unnamed-chunk-2-38.pdf>
Package pdftex.def Info: new_grf_memo_files/figure-latex/unnamed-chunk-2-38.pdf
  used on input line 1497.
(pdftex.def)             Requested size: 493.84378pt x 309.15424pt.
<new_grf_memo_files/figure-latex/unnamed-chunk-2-39.pdf, id=942, 499.8675pt x 3
09.155pt>
File: new_grf_memo_files/figure-latex/unnamed-chunk-2-39.pdf Graphic file (type
 pdf)
<use new_grf_memo_files/figure-latex/unnamed-chunk-2-39.pdf>
Package pdftex.def Info: new_grf_memo_files/figure-latex/unnamed-chunk-2-39.pdf
  used on input line 1499.
(pdftex.def)             Requested size: 499.88152pt x 309.16367pt.
[53 <./new_grf_memo_files/figure-latex/unnamed-chunk-2-37.pdf> <./new_grf_memo_
files/figure-latex/unnamed-chunk-2-38.pdf>]
<new_grf_memo_files/figure-latex/unnamed-chunk-2-40.pdf, id=964, 499.8675pt x 3
09.155pt>
File: new_grf_memo_files/figure-latex/unnamed-chunk-2-40.pdf Graphic file (type
 pdf)
<use new_grf_memo_files/figure-latex/unnamed-chunk-2-40.pdf>
Package pdftex.def Info: new_grf_memo_files/figure-latex/unnamed-chunk-2-40.pdf
  used on input line 1501.
(pdftex.def)             Requested size: 499.88152pt x 309.16367pt.
[54 <./new_grf_memo_files/figure-latex/unnamed-chunk-2-39.pdf> <./new_grf_memo_
files/figure-latex/unnamed-chunk-2-40.pdf>]
<new_grf_memo_files/figure-latex/unnamed-chunk-2-41.pdf, id=994, 493.845pt x 30
9.155pt>
File: new_grf_memo_files/figure-latex/unnamed-chunk-2-41.pdf Graphic file (type
 pdf)
<use new_grf_memo_files/figure-latex/unnamed-chunk-2-41.pdf>
Package pdftex.def Info: new_grf_memo_files/figure-latex/unnamed-chunk-2-41.pdf
  used on input line 1503.
(pdftex.def)             Requested size: 493.84378pt x 309.15424pt.
<new_grf_memo_files/figure-latex/unnamed-chunk-2-42.pdf, id=995, 493.845pt x 30
9.155pt>
File: new_grf_memo_files/figure-latex/unnamed-chunk-2-42.pdf Graphic file (type
 pdf)
<use new_grf_memo_files/figure-latex/unnamed-chunk-2-42.pdf>
Package pdftex.def Info: new_grf_memo_files/figure-latex/unnamed-chunk-2-42.pdf
  used on input line 1505.
(pdftex.def)             Requested size: 493.84378pt x 309.15424pt.
<new_grf_memo_files/figure-latex/unnamed-chunk-2-43.pdf, id=996, 499.8675pt x 3
09.155pt>
File: new_grf_memo_files/figure-latex/unnamed-chunk-2-43.pdf Graphic file (type
 pdf)
<use new_grf_memo_files/figure-latex/unnamed-chunk-2-43.pdf>
Package pdftex.def Info: new_grf_memo_files/figure-latex/unnamed-chunk-2-43.pdf
  used on input line 1507.
(pdftex.def)             Requested size: 499.88152pt x 309.16367pt.
[55 <./new_grf_memo_files/figure-latex/unnamed-chunk-2-41.pdf> <./new_grf_memo_
files/figure-latex/unnamed-chunk-2-42.pdf>]
<new_grf_memo_files/figure-latex/unnamed-chunk-2-44.pdf, id=1019, 499.8675pt x 
309.155pt>
File: new_grf_memo_files/figure-latex/unnamed-chunk-2-44.pdf Graphic file (type
 pdf)
<use new_grf_memo_files/figure-latex/unnamed-chunk-2-44.pdf>
Package pdftex.def Info: new_grf_memo_files/figure-latex/unnamed-chunk-2-44.pdf
  used on input line 1509.
(pdftex.def)             Requested size: 499.88152pt x 309.16367pt.
[56 <./new_grf_memo_files/figure-latex/unnamed-chunk-2-43.pdf> <./new_grf_memo_
files/figure-latex/unnamed-chunk-2-44.pdf>]
<new_grf_memo_files/figure-latex/unnamed-chunk-2-45.pdf, id=1050, 493.845pt x 3
09.155pt>
File: new_grf_memo_files/figure-latex/unnamed-chunk-2-45.pdf Graphic file (type
 pdf)
<use new_grf_memo_files/figure-latex/unnamed-chunk-2-45.pdf>
Package pdftex.def Info: new_grf_memo_files/figure-latex/unnamed-chunk-2-45.pdf
  used on input line 1511.
(pdftex.def)             Requested size: 493.84378pt x 309.15424pt.
<new_grf_memo_files/figure-latex/unnamed-chunk-2-46.pdf, id=1051, 493.845pt x 3
09.155pt>
File: new_grf_memo_files/figure-latex/unnamed-chunk-2-46.pdf Graphic file (type
 pdf)
<use new_grf_memo_files/figure-latex/unnamed-chunk-2-46.pdf>
Package pdftex.def Info: new_grf_memo_files/figure-latex/unnamed-chunk-2-46.pdf
  used on input line 1513.
(pdftex.def)             Requested size: 493.84378pt x 309.15424pt.
<new_grf_memo_files/figure-latex/unnamed-chunk-2-47.pdf, id=1052, 499.8675pt x 
309.155pt>
File: new_grf_memo_files/figure-latex/unnamed-chunk-2-47.pdf Graphic file (type
 pdf)
<use new_grf_memo_files/figure-latex/unnamed-chunk-2-47.pdf>
Package pdftex.def Info: new_grf_memo_files/figure-latex/unnamed-chunk-2-47.pdf
  used on input line 1515.
(pdftex.def)             Requested size: 499.88152pt x 309.16367pt.
[57 <./new_grf_memo_files/figure-latex/unnamed-chunk-2-45.pdf> <./new_grf_memo_
files/figure-latex/unnamed-chunk-2-46.pdf>]
<new_grf_memo_files/figure-latex/unnamed-chunk-2-48.pdf, id=1074, 499.8675pt x 
309.155pt>
File: new_grf_memo_files/figure-latex/unnamed-chunk-2-48.pdf Graphic file (type
 pdf)
<use new_grf_memo_files/figure-latex/unnamed-chunk-2-48.pdf>
Package pdftex.def Info: new_grf_memo_files/figure-latex/unnamed-chunk-2-48.pdf
  used on input line 1517.
(pdftex.def)             Requested size: 499.88152pt x 309.16367pt.
[58 <./new_grf_memo_files/figure-latex/unnamed-chunk-2-47.pdf> <./new_grf_memo_
files/figure-latex/unnamed-chunk-2-48.pdf>]
<new_grf_memo_files/figure-latex/unnamed-chunk-2-49.pdf, id=1104, 493.845pt x 3
09.155pt>
File: new_grf_memo_files/figure-latex/unnamed-chunk-2-49.pdf Graphic file (type
 pdf)
<use new_grf_memo_files/figure-latex/unnamed-chunk-2-49.pdf>
Package pdftex.def Info: new_grf_memo_files/figure-latex/unnamed-chunk-2-49.pdf
  used on input line 1519.
(pdftex.def)             Requested size: 493.84378pt x 309.15424pt.
<new_grf_memo_files/figure-latex/unnamed-chunk-2-50.pdf, id=1105, 493.845pt x 3
09.155pt>
File: new_grf_memo_files/figure-latex/unnamed-chunk-2-50.pdf Graphic file (type
 pdf)
<use new_grf_memo_files/figure-latex/unnamed-chunk-2-50.pdf>
Package pdftex.def Info: new_grf_memo_files/figure-latex/unnamed-chunk-2-50.pdf
  used on input line 1521.
(pdftex.def)             Requested size: 493.84378pt x 309.15424pt.
<new_grf_memo_files/figure-latex/unnamed-chunk-2-51.pdf, id=1106, 499.8675pt x 
309.155pt>
File: new_grf_memo_files/figure-latex/unnamed-chunk-2-51.pdf Graphic file (type
 pdf)
<use new_grf_memo_files/figure-latex/unnamed-chunk-2-51.pdf>
Package pdftex.def Info: new_grf_memo_files/figure-latex/unnamed-chunk-2-51.pdf
  used on input line 1523.
(pdftex.def)             Requested size: 499.88152pt x 309.16367pt.
[59 <./new_grf_memo_files/figure-latex/unnamed-chunk-2-49.pdf> <./new_grf_memo_
files/figure-latex/unnamed-chunk-2-50.pdf>]
<new_grf_memo_files/figure-latex/unnamed-chunk-2-52.pdf, id=1128, 499.8675pt x 
309.155pt>
File: new_grf_memo_files/figure-latex/unnamed-chunk-2-52.pdf Graphic file (type
 pdf)
<use new_grf_memo_files/figure-latex/unnamed-chunk-2-52.pdf>
Package pdftex.def Info: new_grf_memo_files/figure-latex/unnamed-chunk-2-52.pdf
  used on input line 1525.
(pdftex.def)             Requested size: 499.88152pt x 309.16367pt.
[60 <./new_grf_memo_files/figure-latex/unnamed-chunk-2-51.pdf> <./new_grf_memo_
files/figure-latex/unnamed-chunk-2-52.pdf>]
<new_grf_memo_files/figure-latex/unnamed-chunk-2-53.pdf, id=1158, 493.845pt x 3
09.155pt>
File: new_grf_memo_files/figure-latex/unnamed-chunk-2-53.pdf Graphic file (type
 pdf)
<use new_grf_memo_files/figure-latex/unnamed-chunk-2-53.pdf>
Package pdftex.def Info: new_grf_memo_files/figure-latex/unnamed-chunk-2-53.pdf
  used on input line 1527.
(pdftex.def)             Requested size: 493.84378pt x 309.15424pt.
<new_grf_memo_files/figure-latex/unnamed-chunk-2-54.pdf, id=1159, 493.845pt x 3
09.155pt>
File: new_grf_memo_files/figure-latex/unnamed-chunk-2-54.pdf Graphic file (type
 pdf)
<use new_grf_memo_files/figure-latex/unnamed-chunk-2-54.pdf>
Package pdftex.def Info: new_grf_memo_files/figure-latex/unnamed-chunk-2-54.pdf
  used on input line 1529.
(pdftex.def)             Requested size: 493.84378pt x 309.15424pt.
<new_grf_memo_files/figure-latex/unnamed-chunk-2-55.pdf, id=1160, 499.8675pt x 
309.155pt>
File: new_grf_memo_files/figure-latex/unnamed-chunk-2-55.pdf Graphic file (type
 pdf)
<use new_grf_memo_files/figure-latex/unnamed-chunk-2-55.pdf>
Package pdftex.def Info: new_grf_memo_files/figure-latex/unnamed-chunk-2-55.pdf
  used on input line 1531.
(pdftex.def)             Requested size: 499.88152pt x 309.16367pt.
[61 <./new_grf_memo_files/figure-latex/unnamed-chunk-2-53.pdf> <./new_grf_memo_
files/figure-latex/unnamed-chunk-2-54.pdf>]
<new_grf_memo_files/figure-latex/unnamed-chunk-2-56.pdf, id=1183, 499.8675pt x 
309.155pt>
File: new_grf_memo_files/figure-latex/unnamed-chunk-2-56.pdf Graphic file (type
 pdf)
<use new_grf_memo_files/figure-latex/unnamed-chunk-2-56.pdf>
Package pdftex.def Info: new_grf_memo_files/figure-latex/unnamed-chunk-2-56.pdf
  used on input line 1533.
(pdftex.def)             Requested size: 499.88152pt x 309.16367pt.
[62 <./new_grf_memo_files/figure-latex/unnamed-chunk-2-55.pdf> <./new_grf_memo_
files/figure-latex/unnamed-chunk-2-56.pdf>]
<new_grf_memo_files/figure-latex/unnamed-chunk-2-57.pdf, id=1214, 493.845pt x 3
09.155pt>
File: new_grf_memo_files/figure-latex/unnamed-chunk-2-57.pdf Graphic file (type
 pdf)
<use new_grf_memo_files/figure-latex/unnamed-chunk-2-57.pdf>
Package pdftex.def Info: new_grf_memo_files/figure-latex/unnamed-chunk-2-57.pdf
  used on input line 1535.
(pdftex.def)             Requested size: 493.84378pt x 309.15424pt.
<new_grf_memo_files/figure-latex/unnamed-chunk-2-58.pdf, id=1215, 493.845pt x 3
09.155pt>
File: new_grf_memo_files/figure-latex/unnamed-chunk-2-58.pdf Graphic file (type
 pdf)
<use new_grf_memo_files/figure-latex/unnamed-chunk-2-58.pdf>
Package pdftex.def Info: new_grf_memo_files/figure-latex/unnamed-chunk-2-58.pdf
  used on input line 1537.
(pdftex.def)             Requested size: 493.84378pt x 309.15424pt.
<new_grf_memo_files/figure-latex/unnamed-chunk-2-59.pdf, id=1216, 499.8675pt x 
309.155pt>
File: new_grf_memo_files/figure-latex/unnamed-chunk-2-59.pdf Graphic file (type
 pdf)
<use new_grf_memo_files/figure-latex/unnamed-chunk-2-59.pdf>
Package pdftex.def Info: new_grf_memo_files/figure-latex/unnamed-chunk-2-59.pdf
  used on input line 1539.
(pdftex.def)             Requested size: 499.88152pt x 309.16367pt.
[63 <./new_grf_memo_files/figure-latex/unnamed-chunk-2-57.pdf> <./new_grf_memo_
files/figure-latex/unnamed-chunk-2-58.pdf>]
<new_grf_memo_files/figure-latex/unnamed-chunk-2-60.pdf, id=1238, 499.8675pt x 
309.155pt>
File: new_grf_memo_files/figure-latex/unnamed-chunk-2-60.pdf Graphic file (type
 pdf)
<use new_grf_memo_files/figure-latex/unnamed-chunk-2-60.pdf>
Package pdftex.def Info: new_grf_memo_files/figure-latex/unnamed-chunk-2-60.pdf
  used on input line 1541.
(pdftex.def)             Requested size: 499.88152pt x 309.16367pt.
[64 <./new_grf_memo_files/figure-latex/unnamed-chunk-2-59.pdf> <./new_grf_memo_
files/figure-latex/unnamed-chunk-2-60.pdf>]
<new_grf_memo_files/figure-latex/unnamed-chunk-2-61.pdf, id=1268, 493.845pt x 3
09.155pt>
File: new_grf_memo_files/figure-latex/unnamed-chunk-2-61.pdf Graphic file (type
 pdf)
<use new_grf_memo_files/figure-latex/unnamed-chunk-2-61.pdf>
Package pdftex.def Info: new_grf_memo_files/figure-latex/unnamed-chunk-2-61.pdf
  used on input line 1543.
(pdftex.def)             Requested size: 493.84378pt x 309.15424pt.
<new_grf_memo_files/figure-latex/unnamed-chunk-2-62.pdf, id=1269, 493.845pt x 3
09.155pt>
File: new_grf_memo_files/figure-latex/unnamed-chunk-2-62.pdf Graphic file (type
 pdf)
<use new_grf_memo_files/figure-latex/unnamed-chunk-2-62.pdf>
Package pdftex.def Info: new_grf_memo_files/figure-latex/unnamed-chunk-2-62.pdf
  used on input line 1545.
(pdftex.def)             Requested size: 493.84378pt x 309.15424pt.
<new_grf_memo_files/figure-latex/unnamed-chunk-2-63.pdf, id=1270, 500.87125pt x
 309.155pt>
File: new_grf_memo_files/figure-latex/unnamed-chunk-2-63.pdf Graphic file (type
 pdf)
<use new_grf_memo_files/figure-latex/unnamed-chunk-2-63.pdf>
Package pdftex.def Info: new_grf_memo_files/figure-latex/unnamed-chunk-2-63.pdf
  used on input line 1547.
(pdftex.def)             Requested size: 500.89293pt x 309.16838pt.
[65 <./new_grf_memo_files/figure-latex/unnamed-chunk-2-61.pdf> <./new_grf_memo_
files/figure-latex/unnamed-chunk-2-62.pdf>]
<new_grf_memo_files/figure-latex/unnamed-chunk-2-64.pdf, id=1292, 499.8675pt x 
309.155pt>
File: new_grf_memo_files/figure-latex/unnamed-chunk-2-64.pdf Graphic file (type
 pdf)
<use new_grf_memo_files/figure-latex/unnamed-chunk-2-64.pdf>
Package pdftex.def Info: new_grf_memo_files/figure-latex/unnamed-chunk-2-64.pdf
  used on input line 1549.
(pdftex.def)             Requested size: 499.88152pt x 309.16367pt.
[66 <./new_grf_memo_files/figure-latex/unnamed-chunk-2-63.pdf> <./new_grf_memo_
files/figure-latex/unnamed-chunk-2-64.pdf>]
<new_grf_memo_files/figure-latex/unnamed-chunk-2-65.pdf, id=1322, 493.845pt x 3
09.155pt>
File: new_grf_memo_files/figure-latex/unnamed-chunk-2-65.pdf Graphic file (type
 pdf)
<use new_grf_memo_files/figure-latex/unnamed-chunk-2-65.pdf>
Package pdftex.def Info: new_grf_memo_files/figure-latex/unnamed-chunk-2-65.pdf
  used on input line 1551.
(pdftex.def)             Requested size: 493.84378pt x 309.15424pt.
<new_grf_memo_files/figure-latex/unnamed-chunk-2-66.pdf, id=1323, 493.845pt x 3
09.155pt>
File: new_grf_memo_files/figure-latex/unnamed-chunk-2-66.pdf Graphic file (type
 pdf)
<use new_grf_memo_files/figure-latex/unnamed-chunk-2-66.pdf>
Package pdftex.def Info: new_grf_memo_files/figure-latex/unnamed-chunk-2-66.pdf
  used on input line 1553.
(pdftex.def)             Requested size: 493.84378pt x 309.15424pt.
<new_grf_memo_files/figure-latex/unnamed-chunk-2-67.pdf, id=1324, 499.8675pt x 
309.155pt>
File: new_grf_memo_files/figure-latex/unnamed-chunk-2-67.pdf Graphic file (type
 pdf)
<use new_grf_memo_files/figure-latex/unnamed-chunk-2-67.pdf>
Package pdftex.def Info: new_grf_memo_files/figure-latex/unnamed-chunk-2-67.pdf
  used on input line 1555.
(pdftex.def)             Requested size: 499.88152pt x 309.16367pt.
[67 <./new_grf_memo_files/figure-latex/unnamed-chunk-2-65.pdf> <./new_grf_memo_
files/figure-latex/unnamed-chunk-2-66.pdf>]
<new_grf_memo_files/figure-latex/unnamed-chunk-2-68.pdf, id=1348, 499.8675pt x 
309.155pt>
File: new_grf_memo_files/figure-latex/unnamed-chunk-2-68.pdf Graphic file (type
 pdf)
<use new_grf_memo_files/figure-latex/unnamed-chunk-2-68.pdf>
Package pdftex.def Info: new_grf_memo_files/figure-latex/unnamed-chunk-2-68.pdf
  used on input line 1557.
(pdftex.def)             Requested size: 499.88152pt x 309.16367pt.
[68 <./new_grf_memo_files/figure-latex/unnamed-chunk-2-67.pdf> <./new_grf_memo_
files/figure-latex/unnamed-chunk-2-68.pdf>]
<new_grf_memo_files/figure-latex/unnamed-chunk-2-69.pdf, id=1378, 493.845pt x 3
09.155pt>
File: new_grf_memo_files/figure-latex/unnamed-chunk-2-69.pdf Graphic file (type
 pdf)
<use new_grf_memo_files/figure-latex/unnamed-chunk-2-69.pdf>
Package pdftex.def Info: new_grf_memo_files/figure-latex/unnamed-chunk-2-69.pdf
  used on input line 1559.
(pdftex.def)             Requested size: 493.84378pt x 309.15424pt.
<new_grf_memo_files/figure-latex/unnamed-chunk-2-70.pdf, id=1379, 493.845pt x 3
09.155pt>
File: new_grf_memo_files/figure-latex/unnamed-chunk-2-70.pdf Graphic file (type
 pdf)
<use new_grf_memo_files/figure-latex/unnamed-chunk-2-70.pdf>
Package pdftex.def Info: new_grf_memo_files/figure-latex/unnamed-chunk-2-70.pdf
  used on input line 1561.
(pdftex.def)             Requested size: 493.84378pt x 309.15424pt.
<new_grf_memo_files/figure-latex/unnamed-chunk-2-71.pdf, id=1380, 499.8675pt x 
309.155pt>
File: new_grf_memo_files/figure-latex/unnamed-chunk-2-71.pdf Graphic file (type
 pdf)
<use new_grf_memo_files/figure-latex/unnamed-chunk-2-71.pdf>
Package pdftex.def Info: new_grf_memo_files/figure-latex/unnamed-chunk-2-71.pdf
  used on input line 1563.
(pdftex.def)             Requested size: 499.88152pt x 309.16367pt.
[69 <./new_grf_memo_files/figure-latex/unnamed-chunk-2-69.pdf> <./new_grf_memo_
files/figure-latex/unnamed-chunk-2-70.pdf>]
<new_grf_memo_files/figure-latex/unnamed-chunk-2-72.pdf, id=1402, 499.8675pt x 
309.155pt>
File: new_grf_memo_files/figure-latex/unnamed-chunk-2-72.pdf Graphic file (type
 pdf)
<use new_grf_memo_files/figure-latex/unnamed-chunk-2-72.pdf>
Package pdftex.def Info: new_grf_memo_files/figure-latex/unnamed-chunk-2-72.pdf
  used on input line 1565.
(pdftex.def)             Requested size: 499.88152pt x 309.16367pt.
[70 <./new_grf_memo_files/figure-latex/unnamed-chunk-2-71.pdf> <./new_grf_memo_
files/figure-latex/unnamed-chunk-2-72.pdf>]
Package atveryend Info: Empty hook `BeforeClearDocument' on input line 1568.
Package atveryend Info: Empty hook `AfterLastShipout' on input line 1568.
(./new_grf_memo.aux)
Package atveryend Info: Executing hook `AtVeryEndDocument' on input line 1568.
Package atveryend Info: Executing hook `AtEndAfterFileList' on input line 1568.

Package rerunfilecheck Info: File `new_grf_memo.out' has not changed.
(rerunfilecheck)             Checksum: A79EE4A0032DFE950A14FA20209B59EA;324.

LaTeX Warning: There were multiply-defined labels.

Package atveryend Info: Empty hook `AtVeryVeryEnd' on input line 1568.
 ) 
Here is how much of TeX's memory you used:
 14429 strings out of 492641
 228079 string characters out of 6128839
 340202 words of memory out of 5000000
 17906 multiletter control sequences out of 15000+600000
 66487 words of font info for 92 fonts, out of 8000000 for 9000
 1141 hyphenation exceptions out of 8191
 34i,13n,38p,250b,380s stack positions out of 5000i,500n,10000p,200000b,80000s
{/export/opt/texlive/2018/texmf-dist/fonts/enc/dvips/lm/lm-ec.enc}{/export/op
t/texlive/2018/texmf-dist/fonts/enc/dvips/lm/lm-mathsy.enc}{/export/opt/texlive
/2018/texmf-dist/fonts/enc/dvips/lm/lm-mathit.enc}{/export/opt/texlive/2018/tex
mf-dist/fonts/enc/dvips/lm/lm-rm.enc}{/export/opt/texlive/2018/texmf-dist/fonts
/enc/dvips/lm/lm-ts1.enc}</export/opt/texlive/2018/texmf-dist/fonts/type1/publi
c/lm/lmbx10.pfb></export/opt/texlive/2018/texmf-dist/fonts/type1/public/lm/lmbx
12.pfb></export/opt/texlive/2018/texmf-dist/fonts/type1/public/lm/lmmi10.pfb></
export/opt/texlive/2018/texmf-dist/fonts/type1/public/lm/lmmi7.pfb></export/opt
/texlive/2018/texmf-dist/fonts/type1/public/lm/lmr10.pfb></export/opt/texlive/2
018/texmf-dist/fonts/type1/public/lm/lmr17.pfb></export/opt/texlive/2018/texmf-
dist/fonts/type1/public/lm/lmr6.pfb></export/opt/texlive/2018/texmf-dist/fonts/
type1/public/lm/lmr7.pfb></export/opt/texlive/2018/texmf-dist/fonts/type1/publi
c/lm/lmr8.pfb></export/opt/texlive/2018/texmf-dist/fonts/type1/public/lm/lmri10
.pfb></export/opt/texlive/2018/texmf-dist/fonts/type1/public/lm/lmsy10.pfb></ex
port/opt/texlive/2018/texmf-dist/fonts/type1/public/lm/lmsy7.pfb></export/opt/t
exlive/2018/texmf-dist/fonts/type1/public/lm/lmtt10.pfb>
Output written on new_grf_memo.pdf (70 pages, 6315452 bytes).
PDF statistics:
 1512 PDF objects out of 1728 (max. 8388607)
 1062 compressed objects within 11 object streams
 117 named destinations out of 1000 (max. 500000)
 14823 words of extra memory for PDF output out of 17280 (max. 10000000)

