This is pdfTeX, Version 3.14159265-2.6-1.40.19 (TeX Live 2018) (preloaded format=pdflatex 2018.9.11)  19 JAN 2021 19:41
entering extended mode
 restricted \write18 enabled.
 %&-line parsing enabled.
**causal_forest_memo.tex
(./causal_forest_memo.tex
LaTeX2e <2018-04-01> patch level 5
(/export/opt/texlive/2018/texmf-dist/tex/latex/base/article.cls
Document Class: article 2014/09/29 v1.4h Standard LaTeX document class
(/export/opt/texlive/2018/texmf-dist/tex/latex/base/size10.clo
File: size10.clo 2014/09/29 v1.4h Standard LaTeX file (size option)
)
\c@part=\count80
\c@section=\count81
\c@subsection=\count82
\c@subsubsection=\count83
\c@paragraph=\count84
\c@subparagraph=\count85
\c@figure=\count86
\c@table=\count87
\abovecaptionskip=\skip41
\belowcaptionskip=\skip42
\bibindent=\dimen102
) (/export/opt/texlive/2018/texmf-dist/tex/latex/lm/lmodern.sty
Package: lmodern 2009/10/30 v1.6 Latin Modern Fonts
LaTeX Font Info:    Overwriting symbol font `operators' in version `normal'
(Font)                  OT1/cmr/m/n --> OT1/lmr/m/n on input line 22.
LaTeX Font Info:    Overwriting symbol font `letters' in version `normal'
(Font)                  OML/cmm/m/it --> OML/lmm/m/it on input line 23.
LaTeX Font Info:    Overwriting symbol font `symbols' in version `normal'
(Font)                  OMS/cmsy/m/n --> OMS/lmsy/m/n on input line 24.
LaTeX Font Info:    Overwriting symbol font `largesymbols' in version `normal'
(Font)                  OMX/cmex/m/n --> OMX/lmex/m/n on input line 25.
LaTeX Font Info:    Overwriting symbol font `operators' in version `bold'
(Font)                  OT1/cmr/bx/n --> OT1/lmr/bx/n on input line 26.
LaTeX Font Info:    Overwriting symbol font `letters' in version `bold'
(Font)                  OML/cmm/b/it --> OML/lmm/b/it on input line 27.
LaTeX Font Info:    Overwriting symbol font `symbols' in version `bold'
(Font)                  OMS/cmsy/b/n --> OMS/lmsy/b/n on input line 28.
LaTeX Font Info:    Overwriting symbol font `largesymbols' in version `bold'
(Font)                  OMX/cmex/m/n --> OMX/lmex/m/n on input line 29.
LaTeX Font Info:    Overwriting math alphabet `\mathbf' in version `normal'
(Font)                  OT1/cmr/bx/n --> OT1/lmr/bx/n on input line 31.
LaTeX Font Info:    Overwriting math alphabet `\mathsf' in version `normal'
(Font)                  OT1/cmss/m/n --> OT1/lmss/m/n on input line 32.
LaTeX Font Info:    Overwriting math alphabet `\mathit' in version `normal'
(Font)                  OT1/cmr/m/it --> OT1/lmr/m/it on input line 33.
LaTeX Font Info:    Overwriting math alphabet `\mathtt' in version `normal'
(Font)                  OT1/cmtt/m/n --> OT1/lmtt/m/n on input line 34.
LaTeX Font Info:    Overwriting math alphabet `\mathbf' in version `bold'
(Font)                  OT1/cmr/bx/n --> OT1/lmr/bx/n on input line 35.
LaTeX Font Info:    Overwriting math alphabet `\mathsf' in version `bold'
(Font)                  OT1/cmss/bx/n --> OT1/lmss/bx/n on input line 36.
LaTeX Font Info:    Overwriting math alphabet `\mathit' in version `bold'
(Font)                  OT1/cmr/bx/it --> OT1/lmr/bx/it on input line 37.
LaTeX Font Info:    Overwriting math alphabet `\mathtt' in version `bold'
(Font)                  OT1/cmtt/m/n --> OT1/lmtt/m/n on input line 38.
) (/export/opt/texlive/2018/texmf-dist/tex/latex/amsfonts/amssymb.sty
Package: amssymb 2013/01/14 v3.01 AMS font symbols
(/export/opt/texlive/2018/texmf-dist/tex/latex/amsfonts/amsfonts.sty
Package: amsfonts 2013/01/14 v3.01 Basic AMSFonts support
\@emptytoks=\toks14
\symAMSa=\mathgroup4
\symAMSb=\mathgroup5
LaTeX Font Info:    Overwriting math alphabet `\mathfrak' in version `bold'
(Font)                  U/euf/m/n --> U/euf/b/n on input line 106.
)) (/export/opt/texlive/2018/texmf-dist/tex/latex/amsmath/amsmath.sty
Package: amsmath 2017/09/02 v2.17a AMS math features
\@mathmargin=\skip43
For additional information on amsmath, use the `?' option.
(/export/opt/texlive/2018/texmf-dist/tex/latex/amsmath/amstext.sty
Package: amstext 2000/06/29 v2.01 AMS text
(/export/opt/texlive/2018/texmf-dist/tex/latex/amsmath/amsgen.sty
File: amsgen.sty 1999/11/30 v2.0 generic functions
\@emptytoks=\toks15
\ex@=\dimen103
)) (/export/opt/texlive/2018/texmf-dist/tex/latex/amsmath/amsbsy.sty
Package: amsbsy 1999/11/29 v1.2d Bold Symbols
\pmbraise@=\dimen104
) (/export/opt/texlive/2018/texmf-dist/tex/latex/amsmath/amsopn.sty
Package: amsopn 2016/03/08 v2.02 operator names
)
\inf@bad=\count88
LaTeX Info: Redefining \frac on input line 213.
\uproot@=\count89
\leftroot@=\count90
LaTeX Info: Redefining \overline on input line 375.
\classnum@=\count91
\DOTSCASE@=\count92
LaTeX Info: Redefining \ldots on input line 472.
LaTeX Info: Redefining \dots on input line 475.
LaTeX Info: Redefining \cdots on input line 596.
\Mathstrutbox@=\box26
\strutbox@=\box27
\big@size=\dimen105
LaTeX Font Info:    Redeclaring font encoding OML on input line 712.
LaTeX Font Info:    Redeclaring font encoding OMS on input line 713.
\macc@depth=\count93
\c@MaxMatrixCols=\count94
\dotsspace@=\muskip10
\c@parentequation=\count95
\dspbrk@lvl=\count96
\tag@help=\toks16
\row@=\count97
\column@=\count98
\maxfields@=\count99
\andhelp@=\toks17
\eqnshift@=\dimen106
\alignsep@=\dimen107
\tagshift@=\dimen108
\tagwidth@=\dimen109
\totwidth@=\dimen110
\lineht@=\dimen111
\@envbody=\toks18
\multlinegap=\skip44
\multlinetaggap=\skip45
\mathdisplay@stack=\toks19
LaTeX Info: Redefining \[ on input line 2817.
LaTeX Info: Redefining \] on input line 2818.
) (/export/opt/texlive/2018/texmf-dist/tex/generic/ifxetex/ifxetex.sty
Package: ifxetex 2010/09/12 v0.6 Provides ifxetex conditional
) (/export/opt/texlive/2018/texmf-dist/tex/generic/oberdiek/ifluatex.sty
Package: ifluatex 2016/05/16 v1.4 Provides the ifluatex switch (HO)
Package ifluatex Info: LuaTeX not detected.
) (/export/opt/texlive/2018/texmf-dist/tex/latex/base/fixltx2e.sty
Package: fixltx2e 2016/12/29 v2.1a fixes to LaTeX (obsolete)
Applying: [2015/01/01] Old fixltx2e package on input line 46.

Package fixltx2e Warning: fixltx2e is not required with releases after 2015
(fixltx2e)                All fixes are now in the LaTeX kernel.
(fixltx2e)                See the latexrelease package for details.

Already applied: [0000/00/00] Old fixltx2e package on input line 53.
) (/export/opt/texlive/2018/texmf-dist/tex/latex/base/fontenc.sty
Package: fontenc 2017/04/05 v2.0i Standard LaTeX package
(/export/opt/texlive/2018/texmf-dist/tex/latex/base/t1enc.def
File: t1enc.def 2017/04/05 v2.0i Standard LaTeX file
LaTeX Font Info:    Redeclaring font encoding T1 on input line 48.
)) (/export/opt/texlive/2018/texmf-dist/tex/latex/base/inputenc.sty
Package: inputenc 2018/04/06 v1.3b Input encoding file
\inpenc@prehook=\toks20
\inpenc@posthook=\toks21
) (/export/opt/texlive/2018/texmf-dist/tex/latex/upquote/upquote.sty
Package: upquote 2012/04/19 v1.3 upright-quote and grave-accent glyphs in verba
tim
(/export/opt/texlive/2018/texmf-dist/tex/latex/base/textcomp.sty
Package: textcomp 2017/04/05 v2.0i Standard LaTeX package
Package textcomp Info: Sub-encoding information:
(textcomp)               5 = only ISO-Adobe without \textcurrency
(textcomp)               4 = 5 + \texteuro
(textcomp)               3 = 4 + \textohm
(textcomp)               2 = 3 + \textestimated + \textcurrency
(textcomp)               1 = TS1 - \textcircled - \t
(textcomp)               0 = TS1 (full)
(textcomp)             Font families with sub-encoding setting implement
(textcomp)             only a restricted character set as indicated.
(textcomp)             Family '?' is the default used for unknown fonts.
(textcomp)             See the documentation for details.
Package textcomp Info: Setting ? sub-encoding to TS1/1 on input line 79.
(/export/opt/texlive/2018/texmf-dist/tex/latex/base/ts1enc.def
File: ts1enc.def 2001/06/05 v3.0e (jk/car/fm) Standard LaTeX file
Now handling font encoding TS1 ...
... processing UTF-8 mapping file for font encoding TS1
(/export/opt/texlive/2018/texmf-dist/tex/latex/base/ts1enc.dfu
File: ts1enc.dfu 2018/04/05 v1.2c UTF-8 support for inputenc
   defining Unicode char U+00A2 (decimal 162)
   defining Unicode char U+00A3 (decimal 163)
   defining Unicode char U+00A4 (decimal 164)
   defining Unicode char U+00A5 (decimal 165)
   defining Unicode char U+00A6 (decimal 166)
   defining Unicode char U+00A7 (decimal 167)
   defining Unicode char U+00A8 (decimal 168)
   defining Unicode char U+00A9 (decimal 169)
   defining Unicode char U+00AA (decimal 170)
   defining Unicode char U+00AC (decimal 172)
   defining Unicode char U+00AE (decimal 174)
   defining Unicode char U+00AF (decimal 175)
   defining Unicode char U+00B0 (decimal 176)
   defining Unicode char U+00B1 (decimal 177)
   defining Unicode char U+00B2 (decimal 178)
   defining Unicode char U+00B3 (decimal 179)
   defining Unicode char U+00B4 (decimal 180)
   defining Unicode char U+00B5 (decimal 181)
   defining Unicode char U+00B6 (decimal 182)
   defining Unicode char U+00B7 (decimal 183)
   defining Unicode char U+00B9 (decimal 185)
   defining Unicode char U+00BA (decimal 186)
   defining Unicode char U+00BC (decimal 188)
   defining Unicode char U+00BD (decimal 189)
   defining Unicode char U+00BE (decimal 190)
   defining Unicode char U+00D7 (decimal 215)
   defining Unicode char U+00F7 (decimal 247)
   defining Unicode char U+0192 (decimal 402)
   defining Unicode char U+02C7 (decimal 711)
   defining Unicode char U+02D8 (decimal 728)
   defining Unicode char U+02DD (decimal 733)
   defining Unicode char U+0E3F (decimal 3647)
   defining Unicode char U+2016 (decimal 8214)
   defining Unicode char U+2020 (decimal 8224)
   defining Unicode char U+2021 (decimal 8225)
   defining Unicode char U+2022 (decimal 8226)
   defining Unicode char U+2030 (decimal 8240)
   defining Unicode char U+2031 (decimal 8241)
   defining Unicode char U+203B (decimal 8251)
   defining Unicode char U+203D (decimal 8253)
   defining Unicode char U+2044 (decimal 8260)
   defining Unicode char U+204E (decimal 8270)
   defining Unicode char U+2052 (decimal 8274)
   defining Unicode char U+20A1 (decimal 8353)
   defining Unicode char U+20A4 (decimal 8356)
   defining Unicode char U+20A6 (decimal 8358)
   defining Unicode char U+20A9 (decimal 8361)
   defining Unicode char U+20AB (decimal 8363)
   defining Unicode char U+20AC (decimal 8364)
   defining Unicode char U+20B1 (decimal 8369)
   defining Unicode char U+2103 (decimal 8451)
   defining Unicode char U+2116 (decimal 8470)
   defining Unicode char U+2117 (decimal 8471)
   defining Unicode char U+211E (decimal 8478)
   defining Unicode char U+2120 (decimal 8480)
   defining Unicode char U+2122 (decimal 8482)
   defining Unicode char U+2126 (decimal 8486)
   defining Unicode char U+2127 (decimal 8487)
   defining Unicode char U+212E (decimal 8494)
   defining Unicode char U+2190 (decimal 8592)
   defining Unicode char U+2191 (decimal 8593)
   defining Unicode char U+2192 (decimal 8594)
   defining Unicode char U+2193 (decimal 8595)
   defining Unicode char U+2329 (decimal 9001)
   defining Unicode char U+232A (decimal 9002)
   defining Unicode char U+2422 (decimal 9250)
   defining Unicode char U+25E6 (decimal 9702)
   defining Unicode char U+25EF (decimal 9711)
   defining Unicode char U+266A (decimal 9834)
   defining Unicode char U+FEFF (decimal 65279)
))
LaTeX Info: Redefining \oldstylenums on input line 334.
Package textcomp Info: Setting cmr sub-encoding to TS1/0 on input line 349.
Package textcomp Info: Setting cmss sub-encoding to TS1/0 on input line 350.
Package textcomp Info: Setting cmtt sub-encoding to TS1/0 on input line 351.
Package textcomp Info: Setting cmvtt sub-encoding to TS1/0 on input line 352.
Package textcomp Info: Setting cmbr sub-encoding to TS1/0 on input line 353.
Package textcomp Info: Setting cmtl sub-encoding to TS1/0 on input line 354.
Package textcomp Info: Setting ccr sub-encoding to TS1/0 on input line 355.
Package textcomp Info: Setting ptm sub-encoding to TS1/4 on input line 356.
Package textcomp Info: Setting pcr sub-encoding to TS1/4 on input line 357.
Package textcomp Info: Setting phv sub-encoding to TS1/4 on input line 358.
Package textcomp Info: Setting ppl sub-encoding to TS1/3 on input line 359.
Package textcomp Info: Setting pag sub-encoding to TS1/4 on input line 360.
Package textcomp Info: Setting pbk sub-encoding to TS1/4 on input line 361.
Package textcomp Info: Setting pnc sub-encoding to TS1/4 on input line 362.
Package textcomp Info: Setting pzc sub-encoding to TS1/4 on input line 363.
Package textcomp Info: Setting bch sub-encoding to TS1/4 on input line 364.
Package textcomp Info: Setting put sub-encoding to TS1/5 on input line 365.
Package textcomp Info: Setting uag sub-encoding to TS1/5 on input line 366.
Package textcomp Info: Setting ugq sub-encoding to TS1/5 on input line 367.
Package textcomp Info: Setting ul8 sub-encoding to TS1/4 on input line 368.
Package textcomp Info: Setting ul9 sub-encoding to TS1/4 on input line 369.
Package textcomp Info: Setting augie sub-encoding to TS1/5 on input line 370.
Package textcomp Info: Setting dayrom sub-encoding to TS1/3 on input line 371.
Package textcomp Info: Setting dayroms sub-encoding to TS1/3 on input line 372.

Package textcomp Info: Setting pxr sub-encoding to TS1/0 on input line 373.
Package textcomp Info: Setting pxss sub-encoding to TS1/0 on input line 374.
Package textcomp Info: Setting pxtt sub-encoding to TS1/0 on input line 375.
Package textcomp Info: Setting txr sub-encoding to TS1/0 on input line 376.
Package textcomp Info: Setting txss sub-encoding to TS1/0 on input line 377.
Package textcomp Info: Setting txtt sub-encoding to TS1/0 on input line 378.
Package textcomp Info: Setting lmr sub-encoding to TS1/0 on input line 379.
Package textcomp Info: Setting lmdh sub-encoding to TS1/0 on input line 380.
Package textcomp Info: Setting lmss sub-encoding to TS1/0 on input line 381.
Package textcomp Info: Setting lmssq sub-encoding to TS1/0 on input line 382.
Package textcomp Info: Setting lmvtt sub-encoding to TS1/0 on input line 383.
Package textcomp Info: Setting lmtt sub-encoding to TS1/0 on input line 384.
Package textcomp Info: Setting qhv sub-encoding to TS1/0 on input line 385.
Package textcomp Info: Setting qag sub-encoding to TS1/0 on input line 386.
Package textcomp Info: Setting qbk sub-encoding to TS1/0 on input line 387.
Package textcomp Info: Setting qcr sub-encoding to TS1/0 on input line 388.
Package textcomp Info: Setting qcs sub-encoding to TS1/0 on input line 389.
Package textcomp Info: Setting qpl sub-encoding to TS1/0 on input line 390.
Package textcomp Info: Setting qtm sub-encoding to TS1/0 on input line 391.
Package textcomp Info: Setting qzc sub-encoding to TS1/0 on input line 392.
Package textcomp Info: Setting qhvc sub-encoding to TS1/0 on input line 393.
Package textcomp Info: Setting futs sub-encoding to TS1/4 on input line 394.
Package textcomp Info: Setting futx sub-encoding to TS1/4 on input line 395.
Package textcomp Info: Setting futj sub-encoding to TS1/4 on input line 396.
Package textcomp Info: Setting hlh sub-encoding to TS1/3 on input line 397.
Package textcomp Info: Setting hls sub-encoding to TS1/3 on input line 398.
Package textcomp Info: Setting hlst sub-encoding to TS1/3 on input line 399.
Package textcomp Info: Setting hlct sub-encoding to TS1/5 on input line 400.
Package textcomp Info: Setting hlx sub-encoding to TS1/5 on input line 401.
Package textcomp Info: Setting hlce sub-encoding to TS1/5 on input line 402.
Package textcomp Info: Setting hlcn sub-encoding to TS1/5 on input line 403.
Package textcomp Info: Setting hlcw sub-encoding to TS1/5 on input line 404.
Package textcomp Info: Setting hlcf sub-encoding to TS1/5 on input line 405.
Package textcomp Info: Setting pplx sub-encoding to TS1/3 on input line 406.
Package textcomp Info: Setting pplj sub-encoding to TS1/3 on input line 407.
Package textcomp Info: Setting ptmx sub-encoding to TS1/4 on input line 408.
Package textcomp Info: Setting ptmj sub-encoding to TS1/4 on input line 409.
)) (/export/opt/texlive/2018/texmf-dist/tex/latex/microtype/microtype.sty
Package: microtype 2018/01/14 v2.7a Micro-typographical refinements (RS)
(/export/opt/texlive/2018/texmf-dist/tex/latex/graphics/keyval.sty
Package: keyval 2014/10/28 v1.15 key=value parser (DPC)
\KV@toks@=\toks22
)
\MT@toks=\toks23
\MT@count=\count100
LaTeX Info: Redefining \textls on input line 793.
\MT@outer@kern=\dimen112
LaTeX Info: Redefining \textmicrotypecontext on input line 1339.
\MT@listname@count=\count101
(/export/opt/texlive/2018/texmf-dist/tex/latex/microtype/microtype-pdftex.def
File: microtype-pdftex.def 2018/01/14 v2.7a Definitions specific to pdftex (RS)

LaTeX Info: Redefining \lsstyle on input line 913.
LaTeX Info: Redefining \lslig on input line 913.
\MT@outer@space=\skip46
)
Package microtype Info: Loading configuration file microtype.cfg.
(/export/opt/texlive/2018/texmf-dist/tex/latex/microtype/microtype.cfg
File: microtype.cfg 2018/01/14 v2.7a microtype main configuration file (RS)
)) (/export/opt/texlive/2018/texmf-dist/tex/latex/hyperref/hyperref.sty
Package: hyperref 2018/02/06 v6.86b Hypertext links for LaTeX
(/export/opt/texlive/2018/texmf-dist/tex/generic/oberdiek/hobsub-hyperref.sty
Package: hobsub-hyperref 2016/05/16 v1.14 Bundle oberdiek, subset hyperref (HO)

(/export/opt/texlive/2018/texmf-dist/tex/generic/oberdiek/hobsub-generic.sty
Package: hobsub-generic 2016/05/16 v1.14 Bundle oberdiek, subset generic (HO)
Package: hobsub 2016/05/16 v1.14 Construct package bundles (HO)
Package: infwarerr 2016/05/16 v1.4 Providing info/warning/error messages (HO)
Package: ltxcmds 2016/05/16 v1.23 LaTeX kernel commands for general use (HO)
Package hobsub Info: Skipping package `ifluatex' (already loaded).
Package: ifvtex 2016/05/16 v1.6 Detect VTeX and its facilities (HO)
Package ifvtex Info: VTeX not detected.
Package: intcalc 2016/05/16 v1.2 Expandable calculations with integers (HO)
Package: ifpdf 2018/09/07 v3.3 Provides the ifpdf switch
Package: etexcmds 2016/05/16 v1.6 Avoid name clashes with e-TeX commands (HO)
Package etexcmds Info: Could not find \expanded.
(etexcmds)             That can mean that you are not using pdfTeX 1.50 or
(etexcmds)             that some package has redefined \expanded.
(etexcmds)             In the latter case, load this package earlier.
Package: kvsetkeys 2016/05/16 v1.17 Key value parser (HO)
Package: kvdefinekeys 2016/05/16 v1.4 Define keys (HO)
Package: pdftexcmds 2018/09/07 v0.28 Utility functions of pdfTeX for LuaTeX (HO
)
Package pdftexcmds Info: LuaTeX not detected.
Package pdftexcmds Info: \pdf@primitive is available.
Package pdftexcmds Info: \pdf@ifprimitive is available.
Package pdftexcmds Info: \pdfdraftmode found.
Package: pdfescape 2016/05/16 v1.14 Implements pdfTeX's escape features (HO)
Package: bigintcalc 2016/05/16 v1.4 Expandable calculations on big integers (HO
)
Package: bitset 2016/05/16 v1.2 Handle bit-vector datatype (HO)
Package: uniquecounter 2016/05/16 v1.3 Provide unlimited unique counter (HO)
)
Package hobsub Info: Skipping package `hobsub' (already loaded).
Package: letltxmacro 2016/05/16 v1.5 Let assignment for LaTeX macros (HO)
Package: hopatch 2016/05/16 v1.3 Wrapper for package hooks (HO)
Package: xcolor-patch 2016/05/16 xcolor patch
Package: atveryend 2016/05/16 v1.9 Hooks at the very end of document (HO)
Package atveryend Info: \enddocument detected (standard20110627).
Package: atbegshi 2016/06/09 v1.18 At begin shipout hook (HO)
Package: refcount 2016/05/16 v3.5 Data extraction from label references (HO)
Package: hycolor 2016/05/16 v1.8 Color options for hyperref/bookmark (HO)
) (/export/opt/texlive/2018/texmf-dist/tex/latex/oberdiek/auxhook.sty
Package: auxhook 2016/05/16 v1.4 Hooks for auxiliary files (HO)
) (/export/opt/texlive/2018/texmf-dist/tex/latex/oberdiek/kvoptions.sty
Package: kvoptions 2016/05/16 v3.12 Key value format for package options (HO)
)
\@linkdim=\dimen113
\Hy@linkcounter=\count102
\Hy@pagecounter=\count103
(/export/opt/texlive/2018/texmf-dist/tex/latex/hyperref/pd1enc.def
File: pd1enc.def 2018/02/06 v6.86b Hyperref: PDFDocEncoding definition (HO)
Now handling font encoding PD1 ...
... no UTF-8 mapping file for font encoding PD1
)
\Hy@SavedSpaceFactor=\count104
(/export/opt/texlive/2018/texmf-dist/tex/latex/latexconfig/hyperref.cfg
File: hyperref.cfg 2002/06/06 v1.2 hyperref configuration of TeXLive
)
Package hyperref Info: Option `unicode' set `true' on input line 4383.
(/export/opt/texlive/2018/texmf-dist/tex/latex/hyperref/puenc.def
File: puenc.def 2018/02/06 v6.86b Hyperref: PDF Unicode definition (HO)
Now handling font encoding PU ...
... no UTF-8 mapping file for font encoding PU
)
Package hyperref Info: Hyper figures OFF on input line 4509.
Package hyperref Info: Link nesting OFF on input line 4514.
Package hyperref Info: Hyper index ON on input line 4517.
Package hyperref Info: Plain pages OFF on input line 4524.
Package hyperref Info: Backreferencing OFF on input line 4529.
Package hyperref Info: Implicit mode ON; LaTeX internals redefined.
Package hyperref Info: Bookmarks ON on input line 4762.
\c@Hy@tempcnt=\count105
(/export/opt/texlive/2018/texmf-dist/tex/latex/url/url.sty
\Urlmuskip=\muskip11
Package: url 2013/09/16  ver 3.4  Verb mode for urls, etc.
)
LaTeX Info: Redefining \url on input line 5115.
\XeTeXLinkMargin=\dimen114
\Fld@menulength=\count106
\Field@Width=\dimen115
\Fld@charsize=\dimen116
Package hyperref Info: Hyper figures OFF on input line 6369.
Package hyperref Info: Link nesting OFF on input line 6374.
Package hyperref Info: Hyper index ON on input line 6377.
Package hyperref Info: backreferencing OFF on input line 6384.
Package hyperref Info: Link coloring OFF on input line 6389.
Package hyperref Info: Link coloring with OCG OFF on input line 6394.
Package hyperref Info: PDF/A mode OFF on input line 6399.
LaTeX Info: Redefining \ref on input line 6439.
LaTeX Info: Redefining \pageref on input line 6443.
\Hy@abspage=\count107
\c@Item=\count108
\c@Hfootnote=\count109
)
Package hyperref Info: Driver (autodetected): hpdftex.
(/export/opt/texlive/2018/texmf-dist/tex/latex/hyperref/hpdftex.def
File: hpdftex.def 2018/02/06 v6.86b Hyperref driver for pdfTeX
\Fld@listcount=\count110
\c@bookmark@seq@number=\count111
(/export/opt/texlive/2018/texmf-dist/tex/latex/oberdiek/rerunfilecheck.sty
Package: rerunfilecheck 2016/05/16 v1.8 Rerun checks for auxiliary files (HO)
Package uniquecounter Info: New unique counter `rerunfilecheck' on input line 2
82.
)
\Hy@SectionHShift=\skip47
)
Package hyperref Info: Option `breaklinks' set `true' on input line 29.
(/export/opt/texlive/2018/texmf-dist/tex/latex/geometry/geometry.sty
Package: geometry 2018/04/16 v5.8 Page Geometry
\Gm@cnth=\count112
\Gm@cntv=\count113
\c@Gm@tempcnt=\count114
\Gm@bindingoffset=\dimen117
\Gm@wd@mp=\dimen118
\Gm@odd@mp=\dimen119
\Gm@even@mp=\dimen120
\Gm@layoutwidth=\dimen121
\Gm@layoutheight=\dimen122
\Gm@layouthoffset=\dimen123
\Gm@layoutvoffset=\dimen124
\Gm@dimlist=\toks24
) (/export/opt/texlive/2018/texmf-dist/tex/latex/graphics/graphicx.sty
Package: graphicx 2017/06/01 v1.1a Enhanced LaTeX Graphics (DPC,SPQR)
(/export/opt/texlive/2018/texmf-dist/tex/latex/graphics/graphics.sty
Package: graphics 2017/06/25 v1.2c Standard LaTeX Graphics (DPC,SPQR)
(/export/opt/texlive/2018/texmf-dist/tex/latex/graphics/trig.sty
Package: trig 2016/01/03 v1.10 sin cos tan (DPC)
) (/export/opt/texlive/2018/texmf-dist/tex/latex/graphics-cfg/graphics.cfg
File: graphics.cfg 2016/06/04 v1.11 sample graphics configuration
)
Package graphics Info: Driver file: pdftex.def on input line 99.
(/export/opt/texlive/2018/texmf-dist/tex/latex/graphics-def/pdftex.def
File: pdftex.def 2018/01/08 v1.0l Graphics/color driver for pdftex
))
\Gin@req@height=\dimen125
\Gin@req@width=\dimen126
) (/export/opt/texlive/2018/texmf-dist/tex/latex/oberdiek/grffile.sty
Package: grffile 2017/06/30 v1.18 Extended file name support for graphics (HO)
Package grffile Info: Option `multidot' is set to `true'.
Package grffile Info: Option `extendedchars' is set to `false'.
Package grffile Info: Option `space' is set to `true'.
Package grffile Info: \Gin@ii of package `graphicx' fixed on input line 494.
) (/export/opt/texlive/2018/texmf-dist/tex/latex/parskip/parskip.sty
Package: parskip 2001/04/09 non-zero parskip adjustments
) (/export/opt/texlive/2018/texmf-dist/tex/latex/xcolor/xcolor.sty
Package: xcolor 2016/05/11 v2.12 LaTeX color extensions (UK)
(/export/opt/texlive/2018/texmf-dist/tex/latex/graphics-cfg/color.cfg
File: color.cfg 2016/01/02 v1.6 sample color configuration
)
Package xcolor Info: Driver file: pdftex.def on input line 225.
Package xcolor Info: Model `cmy' substituted by `cmy0' on input line 1348.
Package xcolor Info: Model `hsb' substituted by `rgb' on input line 1352.
Package xcolor Info: Model `RGB' extended on input line 1364.
Package xcolor Info: Model `HTML' substituted by `rgb' on input line 1366.
Package xcolor Info: Model `Hsb' substituted by `hsb' on input line 1367.
Package xcolor Info: Model `tHsb' substituted by `hsb' on input line 1368.
Package xcolor Info: Model `HSB' substituted by `hsb' on input line 1369.
Package xcolor Info: Model `Gray' substituted by `gray' on input line 1370.
Package xcolor Info: Model `wave' substituted by `hsb' on input line 1371.
) (/export/opt/texlive/2018/texmf-dist/tex/latex/oberdiek/pdflscape.sty
Package: pdflscape 2016/05/14 v0.11 Display of landscape pages in PDF (HO)
(/export/opt/texlive/2018/texmf-dist/tex/latex/graphics/lscape.sty
Package: lscape 2000/10/22 v3.01 Landscape Pages (DPC)
)
Package pdflscape Info: Auto-detected driver: pdftex on input line 81.
) (/export/opt/texlive/2018/texmf-dist/tex/latex/booktabs/booktabs.sty
Package: booktabs 2016/04/27 v1.618033 publication quality tables
\heavyrulewidth=\dimen127
\lightrulewidth=\dimen128
\cmidrulewidth=\dimen129
\belowrulesep=\dimen130
\belowbottomsep=\dimen131
\aboverulesep=\dimen132
\abovetopsep=\dimen133
\cmidrulesep=\dimen134
\cmidrulekern=\dimen135
\defaultaddspace=\dimen136
\@cmidla=\count115
\@cmidlb=\count116
\@aboverulesep=\dimen137
\@belowrulesep=\dimen138
\@thisruleclass=\count117
\@lastruleclass=\count118
\@thisrulewidth=\dimen139
) (/export/opt/texlive/2018/texmf-dist/tex/latex/tools/longtable.sty
Package: longtable 2014/10/28 v4.11 Multi-page Table package (DPC)
\LTleft=\skip48
\LTright=\skip49
\LTpre=\skip50
\LTpost=\skip51
\LTchunksize=\count119
\LTcapwidth=\dimen140
\LT@head=\box28
\LT@firsthead=\box29
\LT@foot=\box30
\LT@lastfoot=\box31
\LT@cols=\count120
\LT@rows=\count121
\c@LT@tables=\count122
\c@LT@chunks=\count123
\LT@p@ftn=\toks25
) (/export/opt/texlive/2018/texmf-dist/tex/latex/tools/array.sty
Package: array 2018/04/30 v2.4h Tabular extension package (FMi)
\col@sep=\dimen141
\ar@mcellbox=\box32
\extrarowheight=\dimen142
\NC@list=\toks26
\extratabsurround=\skip52
\backup@length=\skip53
\ar@cellbox=\box33
) (/export/opt/texlive/2018/texmf-dist/tex/latex/multirow/multirow.sty
Package: multirow 2018/08/03 v2.3 Span multiple rows of a table
\multirow@colwidth=\skip54
\multirow@cntb=\count124
\multirow@dima=\skip55
\bigstrutjot=\dimen143
) (/export/opt/texlive/2018/texmf-dist/tex/latex/wrapfig/wrapfig.sty
\wrapoverhang=\dimen144
\WF@size=\dimen145
\c@WF@wrappedlines=\count125
\WF@box=\box34
\WF@everypar=\toks27
Package: wrapfig 2003/01/31  v 3.6
) (/export/opt/texlive/2018/texmf-dist/tex/latex/float/float.sty
Package: float 2001/11/08 v1.3d Float enhancements (AL)
\c@float@type=\count126
\float@exts=\toks28
\float@box=\box35
\@float@everytoks=\toks29
\@floatcapt=\box36
) (/export/opt/texlive/2018/texmf-dist/tex/latex/colortbl/colortbl.sty
Package: colortbl 2018/05/02 v1.0c Color table columns (DPC)
\everycr=\toks30
\minrowclearance=\skip56
) (/export/opt/texlive/2018/texmf-dist/tex/latex/tabu/tabu.sty
Package: tabu 2011/02/26 v2.8 - flexible LaTeX tabulars (FC)
(/export/opt/texlive/2018/texmf-dist/tex/latex/varwidth/varwidth.sty
Package: varwidth 2009/03/30 ver 0.92;  Variable-width minipages
\@vwid@box=\box37
\sift@deathcycles=\count127
\@vwid@loff=\dimen146
\@vwid@roff=\dimen147
)
\c@taburow=\count128
\tabu@nbcols=\count129
\tabu@cnt=\count130
\tabu@Xcol=\count131
\tabu@alloc=\count132
\tabu@nested=\count133
\tabu@target=\dimen148
\tabu@spreadtarget=\dimen149
\tabu@naturalX=\dimen150
\tabucolX=\dimen151
\tabu@Xsum=\dimen152
\extrarowdepth=\dimen153
\abovetabulinesep=\dimen154
\belowtabulinesep=\dimen155
\tabustrutrule=\dimen156
\tabu@thebody=\toks31
\tabu@footnotes=\toks32
\tabu@box=\box38
\tabu@arstrutbox=\box39
\tabu@hleads=\box40
\tabu@vleads=\box41
\tabu@cellskip=\skip57
)
(/export/opt/texlive/2018/texmf-dist/tex/latex/threeparttable/threeparttable.st
y
Package: threeparttable 2003/06/13  v 3.0
\@tempboxb=\box42
)
(/export/opt/texlive/2018/texmf-dist/tex/latex/threeparttablex/threeparttablex.
sty
Package: threeparttablex 2013/07/23 v0.3 by daleif
(/export/opt/texlive/2018/texmf-dist/tex/latex/environ/environ.sty
Package: environ 2014/05/04 v0.3 A new way to define environments
(/export/opt/texlive/2018/texmf-dist/tex/latex/trimspaces/trimspaces.sty
Package: trimspaces 2009/09/17 v1.1 Trim spaces around a token list
))
\TPTL@width=\skip58
) (/export/opt/texlive/2018/texmf-dist/tex/generic/ulem/ulem.sty
\UL@box=\box43
\UL@hyphenbox=\box44
\UL@skip=\skip59
\UL@hook=\toks33
\UL@height=\dimen157
\UL@pe=\count134
\UL@pixel=\dimen158
\ULC@box=\box45
Package: ulem 2012/05/18
\ULdepth=\dimen159
) (/export/opt/texlive/2018/texmf-dist/tex/latex/makecell/makecell.sty
Package: makecell 2009/08/03 V0.1e Managing of Tab Column Heads and Cells
\rotheadsize=\dimen160
\c@nlinenum=\count135
\TeXr@lab=\toks34
)

LaTeX Warning: Unused global option(s):
    [9pt].

(./causal_forest_memo.aux

LaTeX Warning: Label `tab:unnamed-chunk-2' multiply defined.


LaTeX Warning: Label `tab:unnamed-chunk-2' multiply defined.


LaTeX Warning: Label `tab:unnamed-chunk-2' multiply defined.


LaTeX Warning: Label `tab:unnamed-chunk-2' multiply defined.


LaTeX Warning: Label `tab:unnamed-chunk-2' multiply defined.


LaTeX Warning: Label `tab:unnamed-chunk-2' multiply defined.


LaTeX Warning: Label `tab:unnamed-chunk-2' multiply defined.


LaTeX Warning: Label `tab:unnamed-chunk-2' multiply defined.


LaTeX Warning: Label `tab:unnamed-chunk-2' multiply defined.


LaTeX Warning: Label `tab:unnamed-chunk-2' multiply defined.


LaTeX Warning: Label `tab:unnamed-chunk-2' multiply defined.


LaTeX Warning: Label `tab:unnamed-chunk-2' multiply defined.


LaTeX Warning: Label `tab:unnamed-chunk-2' multiply defined.


LaTeX Warning: Label `tab:unnamed-chunk-2' multiply defined.


LaTeX Warning: Label `tab:unnamed-chunk-2' multiply defined.


LaTeX Warning: Label `tab:unnamed-chunk-2' multiply defined.


LaTeX Warning: Label `tab:unnamed-chunk-2' multiply defined.


LaTeX Warning: Label `tab:unnamed-chunk-2' multiply defined.


LaTeX Warning: Label `tab:unnamed-chunk-2' multiply defined.


LaTeX Warning: Label `tab:unnamed-chunk-2' multiply defined.


LaTeX Warning: Label `tab:unnamed-chunk-2' multiply defined.


LaTeX Warning: Label `tab:unnamed-chunk-2' multiply defined.


LaTeX Warning: Label `tab:unnamed-chunk-2' multiply defined.


LaTeX Warning: Label `tab:unnamed-chunk-2' multiply defined.


LaTeX Warning: Label `tab:unnamed-chunk-2' multiply defined.


LaTeX Warning: Label `tab:unnamed-chunk-2' multiply defined.


LaTeX Warning: Label `tab:unnamed-chunk-2' multiply defined.


LaTeX Warning: Label `tab:unnamed-chunk-2' multiply defined.


LaTeX Warning: Label `tab:unnamed-chunk-2' multiply defined.


LaTeX Warning: Label `tab:unnamed-chunk-2' multiply defined.


LaTeX Warning: Label `tab:unnamed-chunk-2' multiply defined.


LaTeX Warning: Label `tab:unnamed-chunk-2' multiply defined.


LaTeX Warning: Label `tab:unnamed-chunk-2' multiply defined.


LaTeX Warning: Label `tab:unnamed-chunk-2' multiply defined.


LaTeX Warning: Label `tab:unnamed-chunk-2' multiply defined.


LaTeX Warning: Label `tab:unnamed-chunk-2' multiply defined.


LaTeX Warning: Label `tab:unnamed-chunk-2' multiply defined.


LaTeX Warning: Label `tab:unnamed-chunk-2' multiply defined.


LaTeX Warning: Label `tab:unnamed-chunk-2' multiply defined.


LaTeX Warning: Label `tab:unnamed-chunk-2' multiply defined.


LaTeX Warning: Label `tab:unnamed-chunk-2' multiply defined.


LaTeX Warning: Label `tab:unnamed-chunk-2' multiply defined.


LaTeX Warning: Label `tab:unnamed-chunk-2' multiply defined.


LaTeX Warning: Label `tab:unnamed-chunk-2' multiply defined.


LaTeX Warning: Label `tab:unnamed-chunk-2' multiply defined.


LaTeX Warning: Label `tab:unnamed-chunk-2' multiply defined.


LaTeX Warning: Label `tab:unnamed-chunk-2' multiply defined.


LaTeX Warning: Label `tab:unnamed-chunk-2' multiply defined.


LaTeX Warning: Label `tab:unnamed-chunk-2' multiply defined.


LaTeX Warning: Label `tab:unnamed-chunk-2' multiply defined.


LaTeX Warning: Label `tab:unnamed-chunk-2' multiply defined.


LaTeX Warning: Label `tab:unnamed-chunk-2' multiply defined.


LaTeX Warning: Label `tab:unnamed-chunk-2' multiply defined.


LaTeX Warning: Label `tab:unnamed-chunk-2' multiply defined.


LaTeX Warning: Label `tab:unnamed-chunk-2' multiply defined.


LaTeX Warning: Label `tab:unnamed-chunk-2' multiply defined.


LaTeX Warning: Label `tab:unnamed-chunk-2' multiply defined.


LaTeX Warning: Label `tab:unnamed-chunk-2' multiply defined.


LaTeX Warning: Label `tab:unnamed-chunk-2' multiply defined.


LaTeX Warning: Label `tab:unnamed-chunk-2' multiply defined.


LaTeX Warning: Label `tab:unnamed-chunk-2' multiply defined.


LaTeX Warning: Label `tab:unnamed-chunk-2' multiply defined.


LaTeX Warning: Label `tab:unnamed-chunk-3' multiply defined.


LaTeX Warning: Label `tab:unnamed-chunk-3' multiply defined.


LaTeX Warning: Label `tab:unnamed-chunk-3' multiply defined.


LaTeX Warning: Label `tab:unnamed-chunk-3' multiply defined.


LaTeX Warning: Label `tab:unnamed-chunk-3' multiply defined.


LaTeX Warning: Label `tab:unnamed-chunk-3' multiply defined.


LaTeX Warning: Label `tab:unnamed-chunk-3' multiply defined.

)
\openout1 = `causal_forest_memo.aux'.

LaTeX Font Info:    Checking defaults for OML/cmm/m/it on input line 89.
LaTeX Font Info:    ... okay on input line 89.
LaTeX Font Info:    Checking defaults for T1/cmr/m/n on input line 89.
LaTeX Font Info:    ... okay on input line 89.
LaTeX Font Info:    Checking defaults for OT1/cmr/m/n on input line 89.
LaTeX Font Info:    ... okay on input line 89.
LaTeX Font Info:    Checking defaults for OMS/cmsy/m/n on input line 89.
LaTeX Font Info:    ... okay on input line 89.
LaTeX Font Info:    Checking defaults for OMX/cmex/m/n on input line 89.
LaTeX Font Info:    ... okay on input line 89.
LaTeX Font Info:    Checking defaults for U/cmr/m/n on input line 89.
LaTeX Font Info:    ... okay on input line 89.
LaTeX Font Info:    Checking defaults for TS1/cmr/m/n on input line 89.
LaTeX Font Info:    Try loading font information for TS1+cmr on input line 89.
(/export/opt/texlive/2018/texmf-dist/tex/latex/base/ts1cmr.fd
File: ts1cmr.fd 2014/09/29 v2.5h Standard LaTeX font definitions
)
LaTeX Font Info:    ... okay on input line 89.
LaTeX Font Info:    Checking defaults for PD1/pdf/m/n on input line 89.
LaTeX Font Info:    ... okay on input line 89.
LaTeX Font Info:    Checking defaults for PU/pdf/m/n on input line 89.
LaTeX Font Info:    ... okay on input line 89.
LaTeX Font Info:    Try loading font information for T1+lmr on input line 89.
(/export/opt/texlive/2018/texmf-dist/tex/latex/lm/t1lmr.fd
File: t1lmr.fd 2009/10/30 v1.6 Font defs for Latin Modern
)
LaTeX Info: Redefining \microtypecontext on input line 89.
Package microtype Info: Generating PDF output.
Package microtype Info: Character protrusion enabled (level 2).
Package microtype Info: Using protrusion set `basicmath'.
Package microtype Info: Automatic font expansion enabled (level 2),
(microtype)             stretch: 20, shrink: 20, step: 1, non-selected.
Package microtype Info: Using default expansion set `basictext'.
Package microtype Info: No adjustment of tracking.
Package microtype Info: No adjustment of interword spacing.
Package microtype Info: No adjustment of character kerning.
(/export/opt/texlive/2018/texmf-dist/tex/latex/microtype/mt-cmr.cfg
File: mt-cmr.cfg 2013/05/19 v2.2 microtype config. file: Computer Modern Roman 
(RS)
)
\AtBeginShipoutBox=\box46
Package hyperref Info: Link coloring OFF on input line 89.
(/export/opt/texlive/2018/texmf-dist/tex/latex/hyperref/nameref.sty
Package: nameref 2016/05/21 v2.44 Cross-referencing by name of section
(/export/opt/texlive/2018/texmf-dist/tex/generic/oberdiek/gettitlestring.sty
Package: gettitlestring 2016/05/16 v1.5 Cleanup title references (HO)
)
\c@section@level=\count136
)
LaTeX Info: Redefining \ref on input line 89.
LaTeX Info: Redefining \pageref on input line 89.
LaTeX Info: Redefining \nameref on input line 89.
(./causal_forest_memo.out) (./causal_forest_memo.out)
\@outlinefile=\write3
\openout3 = `causal_forest_memo.out'.

*geometry* driver: auto-detecting
*geometry* detected driver: pdftex
*geometry* verbose mode - [ preamble ] result:
* driver: pdftex
* paper: <default>
* layout: <same size as paper>
* layoutoffset:(h,v)=(0.0pt,0.0pt)
* modes: 
* h-part:(L,W,R)=(54.2025pt, 505.89pt, 54.2025pt)
* v-part:(T,H,B)=(54.2025pt, 686.56499pt, 54.2025pt)
* \paperwidth=614.295pt
* \paperheight=794.96999pt
* \textwidth=505.89pt
* \textheight=686.56499pt
* \oddsidemargin=-18.06749pt
* \evensidemargin=-18.06749pt
* \topmargin=-55.06749pt
* \headheight=12.0pt
* \headsep=25.0pt
* \topskip=10.0pt
* \footskip=30.0pt
* \marginparwidth=65.0pt
* \marginparsep=11.0pt
* \columnsep=10.0pt
* \skip\footins=9.0pt plus 4.0pt minus 2.0pt
* \hoffset=0.0pt
* \voffset=0.0pt
* \mag=1000
* \@twocolumnfalse
* \@twosidefalse
* \@mparswitchfalse
* \@reversemarginfalse
* (1in=72.27pt=25.4mm, 1cm=28.453pt)

(/export/opt/texlive/2018/texmf-dist/tex/context/base/mkii/supp-pdf.mkii
[Loading MPS to PDF converter (version 2006.09.02).]
\scratchcounter=\count137
\scratchdimen=\dimen161
\scratchbox=\box47
\nofMPsegments=\count138
\nofMParguments=\count139
\everyMPshowfont=\toks35
\MPscratchCnt=\count140
\MPscratchDim=\dimen162
\MPnumerator=\count141
\makeMPintoPDFobject=\count142
\everyMPtoPDFconversion=\toks36
) (/export/opt/texlive/2018/texmf-dist/tex/latex/oberdiek/epstopdf-base.sty
Package: epstopdf-base 2016/05/15 v2.6 Base part for package epstopdf
(/export/opt/texlive/2018/texmf-dist/tex/latex/oberdiek/grfext.sty
Package: grfext 2016/05/16 v1.2 Manage graphics extensions (HO)
)
Package epstopdf-base Info: Redefining graphics rule for `.eps' on input line 4
38.
Package grfext Info: Graphics extension search list:
(grfext)             [.pdf,.png,.jpg,.mps,.jpeg,.jbig2,.jb2,.PDF,.PNG,.JPG,.JPE
G,.JBIG2,.JB2,.eps]
(grfext)             \AppendGraphicsExtensions on input line 456.
(/export/opt/texlive/2018/texmf-dist/tex/latex/latexconfig/epstopdf-sys.cfg
File: epstopdf-sys.cfg 2010/07/13 v1.3 Configuration of (r)epstopdf for TeX Liv
e
))
LaTeX Font Info:    Try loading font information for OT1+lmr on input line 91.
(/export/opt/texlive/2018/texmf-dist/tex/latex/lm/ot1lmr.fd
File: ot1lmr.fd 2009/10/30 v1.6 Font defs for Latin Modern
)
LaTeX Font Info:    Try loading font information for OML+lmm on input line 91.
(/export/opt/texlive/2018/texmf-dist/tex/latex/lm/omllmm.fd
File: omllmm.fd 2009/10/30 v1.6 Font defs for Latin Modern
)
LaTeX Font Info:    Try loading font information for OMS+lmsy on input line 91.

(/export/opt/texlive/2018/texmf-dist/tex/latex/lm/omslmsy.fd
File: omslmsy.fd 2009/10/30 v1.6 Font defs for Latin Modern
)
LaTeX Font Info:    Try loading font information for OMX+lmex on input line 91.

(/export/opt/texlive/2018/texmf-dist/tex/latex/lm/omxlmex.fd
File: omxlmex.fd 2009/10/30 v1.6 Font defs for Latin Modern
)
LaTeX Font Info:    External font `lmex10' loaded for size
(Font)              <12> on input line 91.
LaTeX Font Info:    External font `lmex10' loaded for size
(Font)              <8> on input line 91.
LaTeX Font Info:    External font `lmex10' loaded for size
(Font)              <6> on input line 91.
LaTeX Font Info:    Try loading font information for U+msa on input line 91.
(/export/opt/texlive/2018/texmf-dist/tex/latex/amsfonts/umsa.fd
File: umsa.fd 2013/01/14 v3.01 AMS symbols A
) (/export/opt/texlive/2018/texmf-dist/tex/latex/microtype/mt-msa.cfg
File: mt-msa.cfg 2006/02/04 v1.1 microtype config. file: AMS symbols (a) (RS)
)
LaTeX Font Info:    Try loading font information for U+msb on input line 91.
(/export/opt/texlive/2018/texmf-dist/tex/latex/amsfonts/umsb.fd
File: umsb.fd 2013/01/14 v3.01 AMS symbols B
) (/export/opt/texlive/2018/texmf-dist/tex/latex/microtype/mt-msb.cfg
File: mt-msb.cfg 2005/06/01 v1.0 microtype config. file: AMS symbols (b) (RS)
)
LaTeX Font Info:    Try loading font information for T1+lmtt on input line 92.
(/export/opt/texlive/2018/texmf-dist/tex/latex/lm/t1lmtt.fd
File: t1lmtt.fd 2009/10/30 v1.6 Font defs for Latin Modern
)
LaTeX Font Info:    Try loading font information for TS1+lmr on input line 99.
(/export/opt/texlive/2018/texmf-dist/tex/latex/lm/ts1lmr.fd
File: ts1lmr.fd 2009/10/30 v1.6 Font defs for Latin Modern
) [1

{/export/opt/texlive/2018/texmf-var/fonts/map/pdftex/updmap/pdftex.map}]
<causal_forest_memo_files/figure-latex/unnamed-chunk-1-1.pdf, id=41, 1078.0275p
t x 713.66624pt>
File: causal_forest_memo_files/figure-latex/unnamed-chunk-1-1.pdf Graphic file 
(type pdf)
<use causal_forest_memo_files/figure-latex/unnamed-chunk-1-1.pdf>
Package pdftex.def Info: causal_forest_memo_files/figure-latex/unnamed-chunk-1-
1.pdf  used on input line 126.
(pdftex.def)             Requested size: 686.57959pt x 454.52335pt.
[2

 <./causal_forest_memo_files/figure-latex/unnamed-chunk-1-1.pdf>]
<causal_forest_memo_files/figure-latex/unnamed-chunk-2-1.pdf, id=56, 495.8525pt
 x 243.91125pt>
File: causal_forest_memo_files/figure-latex/unnamed-chunk-2-1.pdf Graphic file 
(type pdf)
<use causal_forest_memo_files/figure-latex/unnamed-chunk-2-1.pdf>
Package pdftex.def Info: causal_forest_memo_files/figure-latex/unnamed-chunk-2-
1.pdf  used on input line 131.
(pdftex.def)             Requested size: 495.85129pt x 243.91064pt.

Overfull \hbox (18.00262pt too wide) in paragraph at lines 139--139
[]|\T1/lmr/m/n/10 (-20) differential.forest.prediction|  
 []


Overfull \hbox (40.11pt too wide) in alignment at lines 133--141
 [] [] [] [] [] [] [] [] 
 []

<causal_forest_memo_files/figure-latex/unnamed-chunk-2-2.pdf, id=57, 499.8675pt
 x 243.91125pt>
File: causal_forest_memo_files/figure-latex/unnamed-chunk-2-2.pdf Graphic file 
(type pdf)
<use causal_forest_memo_files/figure-latex/unnamed-chunk-2-2.pdf>
Package pdftex.def Info: causal_forest_memo_files/figure-latex/unnamed-chunk-2-
2.pdf  used on input line 143.
(pdftex.def)             Requested size: 499.87389pt x 243.91435pt.
LaTeX Font Info:    External font `lmex10' loaded for size
(Font)              <10> on input line 148.
LaTeX Font Info:    External font `lmex10' loaded for size
(Font)              <7> on input line 148.
LaTeX Font Info:    External font `lmex10' loaded for size
(Font)              <5> on input line 148.

Overfull \hbox (32.7914pt too wide) in alignment at lines 145--150
 [] [] [] [] [] 
 []


Overfull \hbox (32.7914pt too wide) in alignment at lines 150--155
 [] [] [] [] [] 
 []


Overfull \hbox (32.7914pt too wide) in alignment at lines 155--157
 [] [] [] [] [] 
 []


Overfull \hbox (32.7914pt too wide) in alignment at lines 157--159
 [] [] [] [] [] 
 []


Overfull \hbox (32.7914pt too wide) in alignment at lines 159--181
 [] [] [] [] [] 
 []


Overfull \hbox (32.7914pt too wide) in alignment at lines 181--202
 [] [] [] [] [] 
 []

[3

 <./causal_forest_memo_files/figure-latex/unnamed-chunk-2-1.pdf> <./causal_fore
st_memo_files/figure-latex/unnamed-chunk-2-2.pdf>]
Overfull \hbox (32.7914pt too wide) in alignment at lines 202--223
 [] [] [] [] [] 
 []


Overfull \hbox (32.7914pt too wide) in alignment at lines 223--243
 [] [] [] [] [] 
 []

[4]
Overfull \hbox (32.7914pt too wide) in alignment at lines 243--263
 [] [] [] [] [] 
 []


Overfull \hbox (32.7914pt too wide) in alignment at lines 263--284
 [] [] [] [] [] 
 []

[5]
Overfull \hbox (32.7914pt too wide) in alignment at lines 284--304
 [] [] [] [] [] 
 []


Overfull \hbox (32.7914pt too wide) in alignment at lines 304--324
 [] [] [] [] [] 
 []


Overfull \hbox (32.7914pt too wide) in alignment at lines 324--344
 [] [] [] [] [] 
 []

[6]
Overfull \hbox (32.7914pt too wide) in alignment at lines 344--361
 [] [] [] [] [] 
 []

[7]
Overfull \hbox (46.11pt too wide) in alignment at lines 363--368
 [] [] [] [] [] [] 
 []


Overfull \hbox (46.11pt too wide) in alignment at lines 368--373
 [] [] [] [] [] [] 
 []


Overfull \hbox (46.11pt too wide) in alignment at lines 373--375
 [] [] [] [] [] [] 
 []


Overfull \hbox (46.11pt too wide) in alignment at lines 375--377
 [] [] [] [] [] [] 
 []


Overfull \hbox (46.11pt too wide) in alignment at lines 377--399
 [] [] [] [] [] [] 
 []

[8] [9] [10] [11] [12] [13] [14] [15] [16] [17]
Overfull \hbox (15.28033pt too wide) in paragraph at lines 790--790
\T1/lmr/m/n/10 (-20) drug/inhalant/prescription 
 []

[18] [19] [20] [21] [22] [23] [24] [25]
Overfull \hbox (15.28033pt too wide) in paragraph at lines 975--975
\T1/lmr/m/n/10 (-20) drug/inhalant/prescription 
 []

[26] [27] [28] [29] [30]
<causal_forest_memo_files/figure-latex/unnamed-chunk-2-3.pdf, id=203, 495.8525p
t x 243.91125pt>
File: causal_forest_memo_files/figure-latex/unnamed-chunk-2-3.pdf Graphic file 
(type pdf)
<use causal_forest_memo_files/figure-latex/unnamed-chunk-2-3.pdf>
Package pdftex.def Info: causal_forest_memo_files/figure-latex/unnamed-chunk-2-
3.pdf  used on input line 1031.
(pdftex.def)             Requested size: 495.85129pt x 243.91064pt.

Overfull \hbox (18.00262pt too wide) in paragraph at lines 1039--1039
[]|\T1/lmr/m/n/10 (-20) differential.forest.prediction|  
 []


Overfull \hbox (40.11pt too wide) in alignment at lines 1033--1041
 [] [] [] [] [] [] [] [] 
 []

<causal_forest_memo_files/figure-latex/unnamed-chunk-2-4.pdf, id=204, 499.8675p
t x 243.91125pt>
File: causal_forest_memo_files/figure-latex/unnamed-chunk-2-4.pdf Graphic file 
(type pdf)
<use causal_forest_memo_files/figure-latex/unnamed-chunk-2-4.pdf>
Package pdftex.def Info: causal_forest_memo_files/figure-latex/unnamed-chunk-2-
4.pdf  used on input line 1043.
(pdftex.def)             Requested size: 499.87389pt x 243.91435pt.

Overfull \hbox (32.7914pt too wide) in alignment at lines 1045--1050
 [] [] [] [] [] 
 []


Overfull \hbox (32.7914pt too wide) in alignment at lines 1050--1055
 [] [] [] [] [] 
 []


Overfull \hbox (32.7914pt too wide) in alignment at lines 1055--1057
 [] [] [] [] [] 
 []


Overfull \hbox (32.7914pt too wide) in alignment at lines 1057--1059
 [] [] [] [] [] 
 []


Overfull \hbox (32.7914pt too wide) in alignment at lines 1059--1081
 [] [] [] [] [] 
 []

[31 <./causal_forest_memo_files/figure-latex/unnamed-chunk-2-3.pdf> <./causal_f
orest_memo_files/figure-latex/unnamed-chunk-2-4.pdf>]
Overfull \hbox (32.7914pt too wide) in alignment at lines 1081--1102
 [] [] [] [] [] 
 []


Overfull \hbox (32.7914pt too wide) in alignment at lines 1102--1123
 [] [] [] [] [] 
 []


Overfull \hbox (32.7914pt too wide) in alignment at lines 1123--1143
 [] [] [] [] [] 
 []

[32]
Overfull \hbox (32.7914pt too wide) in alignment at lines 1143--1163
 [] [] [] [] [] 
 []


Overfull \hbox (32.7914pt too wide) in alignment at lines 1163--1184
 [] [] [] [] [] 
 []

[33]
Overfull \hbox (32.7914pt too wide) in alignment at lines 1184--1204
 [] [] [] [] [] 
 []


Overfull \hbox (32.7914pt too wide) in alignment at lines 1204--1224
 [] [] [] [] [] 
 []


Overfull \hbox (32.7914pt too wide) in alignment at lines 1224--1244
 [] [] [] [] [] 
 []

[34]
Overfull \hbox (32.7914pt too wide) in alignment at lines 1244--1261
 [] [] [] [] [] 
 []

[35]
Overfull \hbox (46.11pt too wide) in alignment at lines 1263--1268
 [] [] [] [] [] [] 
 []


Overfull \hbox (46.11pt too wide) in alignment at lines 1268--1273
 [] [] [] [] [] [] 
 []


Overfull \hbox (46.11pt too wide) in alignment at lines 1273--1275
 [] [] [] [] [] [] 
 []


Overfull \hbox (46.11pt too wide) in alignment at lines 1275--1277
 [] [] [] [] [] [] 
 []


Overfull \hbox (46.11pt too wide) in alignment at lines 1277--1299
 [] [] [] [] [] [] 
 []

[36] [37] [38] [39] [40] [41] [42] [43] [44] [45]
Overfull \hbox (15.28033pt too wide) in paragraph at lines 1690--1690
\T1/lmr/m/n/10 (-20) drug/inhalant/prescription 
 []

[46] [47] [48] [49] [50] [51] [52]
Overfull \hbox (15.28033pt too wide) in paragraph at lines 1875--1875
\T1/lmr/m/n/10 (-20) drug/inhalant/prescription 
 []

[53] [54] [55] [56] [57] [58]
<causal_forest_memo_files/figure-latex/unnamed-chunk-2-5.pdf, id=348, 495.8525p
t x 243.91125pt>
File: causal_forest_memo_files/figure-latex/unnamed-chunk-2-5.pdf Graphic file 
(type pdf)
<use causal_forest_memo_files/figure-latex/unnamed-chunk-2-5.pdf>
Package pdftex.def Info: causal_forest_memo_files/figure-latex/unnamed-chunk-2-
5.pdf  used on input line 1932.
(pdftex.def)             Requested size: 495.85129pt x 243.91064pt.

Overfull \hbox (18.00262pt too wide) in paragraph at lines 1940--1940
[]|\T1/lmr/m/n/10 (-20) differential.forest.prediction|  
 []


Overfull \hbox (40.11pt too wide) in alignment at lines 1934--1942
 [] [] [] [] [] [] [] [] 
 []

<causal_forest_memo_files/figure-latex/unnamed-chunk-2-6.pdf, id=349, 499.8675p
t x 243.91125pt>
File: causal_forest_memo_files/figure-latex/unnamed-chunk-2-6.pdf Graphic file 
(type pdf)
<use causal_forest_memo_files/figure-latex/unnamed-chunk-2-6.pdf>
Package pdftex.def Info: causal_forest_memo_files/figure-latex/unnamed-chunk-2-
6.pdf  used on input line 1944.
(pdftex.def)             Requested size: 499.87389pt x 243.91435pt.

Overfull \hbox (32.7914pt too wide) in alignment at lines 1946--1951
 [] [] [] [] [] 
 []


Overfull \hbox (32.7914pt too wide) in alignment at lines 1951--1956
 [] [] [] [] [] 
 []


Overfull \hbox (32.7914pt too wide) in alignment at lines 1956--1958
 [] [] [] [] [] 
 []


Overfull \hbox (32.7914pt too wide) in alignment at lines 1958--1960
 [] [] [] [] [] 
 []


Overfull \hbox (32.7914pt too wide) in alignment at lines 1960--1982
 [] [] [] [] [] 
 []

[59 <./causal_forest_memo_files/figure-latex/unnamed-chunk-2-5.pdf> <./causal_f
orest_memo_files/figure-latex/unnamed-chunk-2-6.pdf>]
Overfull \hbox (32.7914pt too wide) in alignment at lines 1982--2003
 [] [] [] [] [] 
 []


Overfull \hbox (32.7914pt too wide) in alignment at lines 2003--2024
 [] [] [] [] [] 
 []


Overfull \hbox (32.7914pt too wide) in alignment at lines 2024--2044
 [] [] [] [] [] 
 []

[60]
Overfull \hbox (32.7914pt too wide) in alignment at lines 2044--2064
 [] [] [] [] [] 
 []


Overfull \hbox (32.7914pt too wide) in alignment at lines 2064--2085
 [] [] [] [] [] 
 []

[61]
Overfull \hbox (32.7914pt too wide) in alignment at lines 2085--2105
 [] [] [] [] [] 
 []


Overfull \hbox (32.7914pt too wide) in alignment at lines 2105--2125
 [] [] [] [] [] 
 []


Overfull \hbox (32.7914pt too wide) in alignment at lines 2125--2145
 [] [] [] [] [] 
 []

[62]
Overfull \hbox (32.7914pt too wide) in alignment at lines 2145--2162
 [] [] [] [] [] 
 []

[63]
Overfull \hbox (46.11pt too wide) in alignment at lines 2164--2169
 [] [] [] [] [] [] 
 []


Overfull \hbox (46.11pt too wide) in alignment at lines 2169--2174
 [] [] [] [] [] [] 
 []


Overfull \hbox (46.11pt too wide) in alignment at lines 2174--2176
 [] [] [] [] [] [] 
 []


Overfull \hbox (46.11pt too wide) in alignment at lines 2176--2178
 [] [] [] [] [] [] 
 []


Overfull \hbox (46.11pt too wide) in alignment at lines 2178--2200
 [] [] [] [] [] [] 
 []

[64] [65] [66] [67] [68] [69] [70] [71] [72] [73]
Overfull \hbox (15.28033pt too wide) in paragraph at lines 2591--2591
\T1/lmr/m/n/10 (-20) drug/inhalant/prescription 
 []

[74] [75] [76] [77] [78] [79] [80]
Overfull \hbox (15.28033pt too wide) in paragraph at lines 2776--2776
\T1/lmr/m/n/10 (-20) drug/inhalant/prescription 
 []

[81] [82] [83] [84] [85] [86]
<causal_forest_memo_files/figure-latex/unnamed-chunk-2-7.pdf, id=492, 500.87125
pt x 243.91125pt>
File: causal_forest_memo_files/figure-latex/unnamed-chunk-2-7.pdf Graphic file 
(type pdf)
<use causal_forest_memo_files/figure-latex/unnamed-chunk-2-7.pdf>
Package pdftex.def Info: causal_forest_memo_files/figure-latex/unnamed-chunk-2-
7.pdf  used on input line 2833.
(pdftex.def)             Requested size: 500.87764pt x 243.91435pt.

Overfull \hbox (18.00262pt too wide) in paragraph at lines 2841--2841
[]|\T1/lmr/m/n/10 (-20) differential.forest.prediction|  
 []


Overfull \hbox (40.11pt too wide) in alignment at lines 2835--2843
 [] [] [] [] [] [] [] [] 
 []

<causal_forest_memo_files/figure-latex/unnamed-chunk-2-8.pdf, id=493, 499.8675p
t x 243.91125pt>
File: causal_forest_memo_files/figure-latex/unnamed-chunk-2-8.pdf Graphic file 
(type pdf)
<use causal_forest_memo_files/figure-latex/unnamed-chunk-2-8.pdf>
Package pdftex.def Info: causal_forest_memo_files/figure-latex/unnamed-chunk-2-
8.pdf  used on input line 2845.
(pdftex.def)             Requested size: 499.87389pt x 243.91435pt.

Overfull \hbox (32.7914pt too wide) in alignment at lines 2847--2852
 [] [] [] [] [] 
 []


Overfull \hbox (32.7914pt too wide) in alignment at lines 2852--2857
 [] [] [] [] [] 
 []


Overfull \hbox (32.7914pt too wide) in alignment at lines 2857--2859
 [] [] [] [] [] 
 []


Overfull \hbox (32.7914pt too wide) in alignment at lines 2859--2861
 [] [] [] [] [] 
 []


Overfull \hbox (32.7914pt too wide) in alignment at lines 2861--2883
 [] [] [] [] [] 
 []

[87 <./causal_forest_memo_files/figure-latex/unnamed-chunk-2-7.pdf> <./causal_f
orest_memo_files/figure-latex/unnamed-chunk-2-8.pdf>]
Overfull \hbox (32.7914pt too wide) in alignment at lines 2883--2904
 [] [] [] [] [] 
 []


Overfull \hbox (32.7914pt too wide) in alignment at lines 2904--2925
 [] [] [] [] [] 
 []


Overfull \hbox (32.7914pt too wide) in alignment at lines 2925--2945
 [] [] [] [] [] 
 []

[88]
Overfull \hbox (32.7914pt too wide) in alignment at lines 2945--2965
 [] [] [] [] [] 
 []


Overfull \hbox (32.7914pt too wide) in alignment at lines 2965--2986
 [] [] [] [] [] 
 []

[89]
Overfull \hbox (32.7914pt too wide) in alignment at lines 2986--3006
 [] [] [] [] [] 
 []


Overfull \hbox (32.7914pt too wide) in alignment at lines 3006--3026
 [] [] [] [] [] 
 []


Overfull \hbox (32.7914pt too wide) in alignment at lines 3026--3046
 [] [] [] [] [] 
 []

[90]
Overfull \hbox (32.7914pt too wide) in alignment at lines 3046--3063
 [] [] [] [] [] 
 []

[91]
Overfull \hbox (46.11pt too wide) in alignment at lines 3065--3070
 [] [] [] [] [] [] 
 []


Overfull \hbox (46.11pt too wide) in alignment at lines 3070--3075
 [] [] [] [] [] [] 
 []


Overfull \hbox (46.11pt too wide) in alignment at lines 3075--3077
 [] [] [] [] [] [] 
 []


Overfull \hbox (46.11pt too wide) in alignment at lines 3077--3079
 [] [] [] [] [] [] 
 []


Overfull \hbox (46.11pt too wide) in alignment at lines 3079--3101
 [] [] [] [] [] [] 
 []

[92] [93] [94] [95] [96] [97] [98] [99] [100] [101]
Overfull \hbox (15.28033pt too wide) in paragraph at lines 3492--3492
\T1/lmr/m/n/10 (-20) drug/inhalant/prescription 
 []

[102] [103] [104] [105] [106] [107] [108] [109]
Overfull \hbox (15.28033pt too wide) in paragraph at lines 3677--3677
\T1/lmr/m/n/10 (-20) drug/inhalant/prescription 
 []

[110] [111] [112] [113] [114]
<causal_forest_memo_files/figure-latex/unnamed-chunk-2-9.pdf, id=635, 500.87125
pt x 243.91125pt>
File: causal_forest_memo_files/figure-latex/unnamed-chunk-2-9.pdf Graphic file 
(type pdf)
<use causal_forest_memo_files/figure-latex/unnamed-chunk-2-9.pdf>
Package pdftex.def Info: causal_forest_memo_files/figure-latex/unnamed-chunk-2-
9.pdf  used on input line 3734.
(pdftex.def)             Requested size: 500.87764pt x 243.91435pt.

Overfull \hbox (18.00262pt too wide) in paragraph at lines 3742--3742
[]|\T1/lmr/m/n/10 (-20) differential.forest.prediction|  
 []


Overfull \hbox (40.11pt too wide) in alignment at lines 3736--3744
 [] [] [] [] [] [] [] [] 
 []

<causal_forest_memo_files/figure-latex/unnamed-chunk-2-10.pdf, id=636, 499.8675
pt x 243.91125pt>
File: causal_forest_memo_files/figure-latex/unnamed-chunk-2-10.pdf Graphic file
 (type pdf)
<use causal_forest_memo_files/figure-latex/unnamed-chunk-2-10.pdf>
Package pdftex.def Info: causal_forest_memo_files/figure-latex/unnamed-chunk-2-
10.pdf  used on input line 3746.
(pdftex.def)             Requested size: 499.87389pt x 243.91435pt.

Overfull \hbox (32.7914pt too wide) in alignment at lines 3748--3753
 [] [] [] [] [] 
 []


Overfull \hbox (32.7914pt too wide) in alignment at lines 3753--3758
 [] [] [] [] [] 
 []


Overfull \hbox (32.7914pt too wide) in alignment at lines 3758--3760
 [] [] [] [] [] 
 []


Overfull \hbox (32.7914pt too wide) in alignment at lines 3760--3762
 [] [] [] [] [] 
 []


Overfull \hbox (32.7914pt too wide) in alignment at lines 3762--3784
 [] [] [] [] [] 
 []

[115 <./causal_forest_memo_files/figure-latex/unnamed-chunk-2-9.pdf> <./causal_
forest_memo_files/figure-latex/unnamed-chunk-2-10.pdf>]
Overfull \hbox (32.7914pt too wide) in alignment at lines 3784--3805
 [] [] [] [] [] 
 []


Overfull \hbox (32.7914pt too wide) in alignment at lines 3805--3826
 [] [] [] [] [] 
 []


Overfull \hbox (32.7914pt too wide) in alignment at lines 3826--3846
 [] [] [] [] [] 
 []

[116]
Overfull \hbox (32.7914pt too wide) in alignment at lines 3846--3866
 [] [] [] [] [] 
 []


Overfull \hbox (32.7914pt too wide) in alignment at lines 3866--3887
 [] [] [] [] [] 
 []

[117]
Overfull \hbox (32.7914pt too wide) in alignment at lines 3887--3907
 [] [] [] [] [] 
 []


Overfull \hbox (32.7914pt too wide) in alignment at lines 3907--3927
 [] [] [] [] [] 
 []


Overfull \hbox (32.7914pt too wide) in alignment at lines 3927--3947
 [] [] [] [] [] 
 []

[118]
Overfull \hbox (32.7914pt too wide) in alignment at lines 3947--3964
 [] [] [] [] [] 
 []

[119]
Overfull \hbox (46.11pt too wide) in alignment at lines 3966--3971
 [] [] [] [] [] [] 
 []


Overfull \hbox (46.11pt too wide) in alignment at lines 3971--3976
 [] [] [] [] [] [] 
 []


Overfull \hbox (46.11pt too wide) in alignment at lines 3976--3978
 [] [] [] [] [] [] 
 []


Overfull \hbox (46.11pt too wide) in alignment at lines 3978--3980
 [] [] [] [] [] [] 
 []


Overfull \hbox (46.11pt too wide) in alignment at lines 3980--4002
 [] [] [] [] [] [] 
 []

[120] [121] [122] [123] [124] [125] [126] [127] [128] [129]
Overfull \hbox (15.28033pt too wide) in paragraph at lines 4393--4393
\T1/lmr/m/n/10 (-20) drug/inhalant/prescription 
 []

[130] [131] [132] [133] [134] [135] [136] [137]
Overfull \hbox (15.28033pt too wide) in paragraph at lines 4578--4578
\T1/lmr/m/n/10 (-20) drug/inhalant/prescription 
 []

[138] [139] [140] [141] [142]
<causal_forest_memo_files/figure-latex/unnamed-chunk-2-11.pdf, id=779, 500.8712
5pt x 243.91125pt>
File: causal_forest_memo_files/figure-latex/unnamed-chunk-2-11.pdf Graphic file
 (type pdf)
<use causal_forest_memo_files/figure-latex/unnamed-chunk-2-11.pdf>
Package pdftex.def Info: causal_forest_memo_files/figure-latex/unnamed-chunk-2-
11.pdf  used on input line 4636.
(pdftex.def)             Requested size: 500.87764pt x 243.91435pt.

Overfull \hbox (18.00262pt too wide) in paragraph at lines 4644--4644
[]|\T1/lmr/m/n/10 (-20) differential.forest.prediction|  
 []


Overfull \hbox (40.11pt too wide) in alignment at lines 4638--4646
 [] [] [] [] [] [] [] [] 
 []

<causal_forest_memo_files/figure-latex/unnamed-chunk-2-12.pdf, id=780, 499.8675
pt x 243.91125pt>
File: causal_forest_memo_files/figure-latex/unnamed-chunk-2-12.pdf Graphic file
 (type pdf)
<use causal_forest_memo_files/figure-latex/unnamed-chunk-2-12.pdf>
Package pdftex.def Info: causal_forest_memo_files/figure-latex/unnamed-chunk-2-
12.pdf  used on input line 4648.
(pdftex.def)             Requested size: 499.87389pt x 243.91435pt.

Overfull \hbox (32.7914pt too wide) in alignment at lines 4650--4655
 [] [] [] [] [] 
 []


Overfull \hbox (32.7914pt too wide) in alignment at lines 4655--4660
 [] [] [] [] [] 
 []


Overfull \hbox (32.7914pt too wide) in alignment at lines 4660--4662
 [] [] [] [] [] 
 []


Overfull \hbox (32.7914pt too wide) in alignment at lines 4662--4664
 [] [] [] [] [] 
 []


Overfull \hbox (32.7914pt too wide) in alignment at lines 4664--4686
 [] [] [] [] [] 
 []

[143 <./causal_forest_memo_files/figure-latex/unnamed-chunk-2-11.pdf> <./causal
_forest_memo_files/figure-latex/unnamed-chunk-2-12.pdf>]
Overfull \hbox (32.7914pt too wide) in alignment at lines 4686--4707
 [] [] [] [] [] 
 []


Overfull \hbox (32.7914pt too wide) in alignment at lines 4707--4728
 [] [] [] [] [] 
 []


Overfull \hbox (32.7914pt too wide) in alignment at lines 4728--4748
 [] [] [] [] [] 
 []

[144]
Overfull \hbox (32.7914pt too wide) in alignment at lines 4748--4768
 [] [] [] [] [] 
 []


Overfull \hbox (32.7914pt too wide) in alignment at lines 4768--4789
 [] [] [] [] [] 
 []

[145]
Overfull \hbox (32.7914pt too wide) in alignment at lines 4789--4809
 [] [] [] [] [] 
 []


Overfull \hbox (32.7914pt too wide) in alignment at lines 4809--4829
 [] [] [] [] [] 
 []


Overfull \hbox (32.7914pt too wide) in alignment at lines 4829--4849
 [] [] [] [] [] 
 []

[146]
Overfull \hbox (32.7914pt too wide) in alignment at lines 4849--4866
 [] [] [] [] [] 
 []

[147]
Overfull \hbox (46.11pt too wide) in alignment at lines 4868--4873
 [] [] [] [] [] [] 
 []


Overfull \hbox (46.11pt too wide) in alignment at lines 4873--4878
 [] [] [] [] [] [] 
 []


Overfull \hbox (46.11pt too wide) in alignment at lines 4878--4880
 [] [] [] [] [] [] 
 []


Overfull \hbox (46.11pt too wide) in alignment at lines 4880--4882
 [] [] [] [] [] [] 
 []


Overfull \hbox (46.11pt too wide) in alignment at lines 4882--4904
 [] [] [] [] [] [] 
 []

[148] [149] [150] [151] [152] [153] [154] [155] [156] [157]
Overfull \hbox (15.28033pt too wide) in paragraph at lines 5295--5295
\T1/lmr/m/n/10 (-20) drug/inhalant/prescription 
 []

[158] [159] [160] [161] [162] [163] [164] [165]
Overfull \hbox (15.28033pt too wide) in paragraph at lines 5480--5480
\T1/lmr/m/n/10 (-20) drug/inhalant/prescription 
 []

[166] [167] [168] [169] [170]
<causal_forest_memo_files/figure-latex/unnamed-chunk-2-13.pdf, id=923, 500.8712
5pt x 243.91125pt>
File: causal_forest_memo_files/figure-latex/unnamed-chunk-2-13.pdf Graphic file
 (type pdf)
<use causal_forest_memo_files/figure-latex/unnamed-chunk-2-13.pdf>
Package pdftex.def Info: causal_forest_memo_files/figure-latex/unnamed-chunk-2-
13.pdf  used on input line 5538.
(pdftex.def)             Requested size: 500.87764pt x 243.91435pt.

Overfull \hbox (18.00262pt too wide) in paragraph at lines 5546--5546
[]|\T1/lmr/m/n/10 (-20) differential.forest.prediction|  
 []


Overfull \hbox (40.11pt too wide) in alignment at lines 5540--5548
 [] [] [] [] [] [] [] [] 
 []

<causal_forest_memo_files/figure-latex/unnamed-chunk-2-14.pdf, id=924, 499.8675
pt x 243.91125pt>
File: causal_forest_memo_files/figure-latex/unnamed-chunk-2-14.pdf Graphic file
 (type pdf)
<use causal_forest_memo_files/figure-latex/unnamed-chunk-2-14.pdf>
Package pdftex.def Info: causal_forest_memo_files/figure-latex/unnamed-chunk-2-
14.pdf  used on input line 5550.
(pdftex.def)             Requested size: 499.87389pt x 243.91435pt.

Overfull \hbox (32.7914pt too wide) in alignment at lines 5552--5557
 [] [] [] [] [] 
 []


Overfull \hbox (32.7914pt too wide) in alignment at lines 5557--5562
 [] [] [] [] [] 
 []


Overfull \hbox (32.7914pt too wide) in alignment at lines 5562--5564
 [] [] [] [] [] 
 []


Overfull \hbox (32.7914pt too wide) in alignment at lines 5564--5566
 [] [] [] [] [] 
 []


Overfull \hbox (32.7914pt too wide) in alignment at lines 5566--5588
 [] [] [] [] [] 
 []

[171 <./causal_forest_memo_files/figure-latex/unnamed-chunk-2-13.pdf> <./causal
_forest_memo_files/figure-latex/unnamed-chunk-2-14.pdf>]
Overfull \hbox (32.7914pt too wide) in alignment at lines 5588--5609
 [] [] [] [] [] 
 []


Overfull \hbox (32.7914pt too wide) in alignment at lines 5609--5630
 [] [] [] [] [] 
 []


Overfull \hbox (32.7914pt too wide) in alignment at lines 5630--5650
 [] [] [] [] [] 
 []

[172]
Overfull \hbox (32.7914pt too wide) in alignment at lines 5650--5670
 [] [] [] [] [] 
 []


Overfull \hbox (32.7914pt too wide) in alignment at lines 5670--5691
 [] [] [] [] [] 
 []

[173]
Overfull \hbox (32.7914pt too wide) in alignment at lines 5691--5711
 [] [] [] [] [] 
 []


Overfull \hbox (32.7914pt too wide) in alignment at lines 5711--5731
 [] [] [] [] [] 
 []


Overfull \hbox (32.7914pt too wide) in alignment at lines 5731--5751
 [] [] [] [] [] 
 []

[174]
Overfull \hbox (32.7914pt too wide) in alignment at lines 5751--5768
 [] [] [] [] [] 
 []

[175]
Overfull \hbox (46.11pt too wide) in alignment at lines 5770--5775
 [] [] [] [] [] [] 
 []


Overfull \hbox (46.11pt too wide) in alignment at lines 5775--5780
 [] [] [] [] [] [] 
 []


Overfull \hbox (46.11pt too wide) in alignment at lines 5780--5782
 [] [] [] [] [] [] 
 []


Overfull \hbox (46.11pt too wide) in alignment at lines 5782--5784
 [] [] [] [] [] [] 
 []


Overfull \hbox (46.11pt too wide) in alignment at lines 5784--5806
 [] [] [] [] [] [] 
 []

[176] [177] [178] [179] [180] [181] [182] [183] [184] [185]
Overfull \hbox (15.28033pt too wide) in paragraph at lines 6197--6197
\T1/lmr/m/n/10 (-20) drug/inhalant/prescription 
 []

[186] [187] [188] [189] [190] [191] [192] [193]
Overfull \hbox (15.28033pt too wide) in paragraph at lines 6382--6382
\T1/lmr/m/n/10 (-20) drug/inhalant/prescription 
 []

[194] [195] [196] [197] [198]
<causal_forest_memo_files/figure-latex/unnamed-chunk-3-1.pdf, id=1066, 536.0025
pt x 309.155pt>
File: causal_forest_memo_files/figure-latex/unnamed-chunk-3-1.pdf Graphic file 
(type pdf)
<use causal_forest_memo_files/figure-latex/unnamed-chunk-3-1.pdf>
Package pdftex.def Info: causal_forest_memo_files/figure-latex/unnamed-chunk-3-
1.pdf  used on input line 6439.
(pdftex.def)             Requested size: 505.8871pt x 291.78506pt.
<causal_forest_memo_files/figure-latex/unnamed-chunk-3-2.pdf, id=1067, 529.98pt
 x 309.155pt>
File: causal_forest_memo_files/figure-latex/unnamed-chunk-3-2.pdf Graphic file 
(type pdf)
<use causal_forest_memo_files/figure-latex/unnamed-chunk-3-2.pdf>
Package pdftex.def Info: causal_forest_memo_files/figure-latex/unnamed-chunk-3-
2.pdf  used on input line 6441.
(pdftex.def)             Requested size: 505.89609pt x 295.10605pt.
[199 <./causal_forest_memo_files/figure-latex/unnamed-chunk-3-1.pdf> <./causal_
forest_memo_files/figure-latex/unnamed-chunk-3-2.pdf>]
Overfull \hbox (34.11pt too wide) in alignment at lines 6445--6450
 [] [] [] [] [] 
 []


Overfull \hbox (34.11pt too wide) in alignment at lines 6450--6455
 [] [] [] [] [] 
 []


Overfull \hbox (34.11pt too wide) in alignment at lines 6455--6457
 [] [] [] [] [] 
 []


Overfull \hbox (34.11pt too wide) in alignment at lines 6457--6459
 [] [] [] [] [] 
 []


Overfull \hbox (34.11pt too wide) in alignment at lines 6459--6481
 [] [] [] [] [] 
 []


Overfull \hbox (34.11pt too wide) in alignment at lines 6481--6502
 [] [] [] [] [] 
 []


Overfull \hbox (34.11pt too wide) in alignment at lines 6502--6523
 [] [] [] [] [] 
 []


Overfull \hbox (34.11pt too wide) in alignment at lines 6523--6543
 [] [] [] [] [] 
 []

[200]
Overfull \hbox (34.11pt too wide) in alignment at lines 6543--6563
 [] [] [] [] [] 
 []


Overfull \hbox (34.11pt too wide) in alignment at lines 6563--6584
 [] [] [] [] [] 
 []

[201]
Overfull \hbox (34.11pt too wide) in alignment at lines 6584--6604
 [] [] [] [] [] 
 []


Overfull \hbox (34.11pt too wide) in alignment at lines 6604--6624
 [] [] [] [] [] 
 []


Overfull \hbox (34.11pt too wide) in alignment at lines 6624--6644
 [] [] [] [] [] 
 []

[202]
Overfull \hbox (34.11pt too wide) in alignment at lines 6644--6662
 [] [] [] [] [] 
 []

[203] [204]
Overfull \hbox (34.11pt too wide) in alignment at lines 6666--6671
 [] [] [] [] [] 
 []


Overfull \hbox (34.11pt too wide) in alignment at lines 6671--6676
 [] [] [] [] [] 
 []


Overfull \hbox (34.11pt too wide) in alignment at lines 6676--6678
 [] [] [] [] [] 
 []


Overfull \hbox (34.11pt too wide) in alignment at lines 6678--6680
 [] [] [] [] [] 
 []


Overfull \hbox (34.11pt too wide) in alignment at lines 6680--6702
 [] [] [] [] [] 
 []

[205]
Overfull \hbox (34.11pt too wide) in alignment at lines 6706--6711
 [] [] [] [] [] 
 []


Overfull \hbox (34.11pt too wide) in alignment at lines 6711--6716
 [] [] [] [] [] 
 []


Overfull \hbox (34.11pt too wide) in alignment at lines 6716--6718
 [] [] [] [] [] 
 []


Overfull \hbox (34.11pt too wide) in alignment at lines 6718--6720
 [] [] [] [] [] 
 []


Overfull \hbox (34.11pt too wide) in alignment at lines 6720--6744
 [] [] [] [] [] 
 []


Overfull \hbox (34.11pt too wide) in alignment at lines 6744--6768
 [] [] [] [] [] 
 []


Overfull \hbox (34.11pt too wide) in alignment at lines 6768--6786
 [] [] [] [] [] 
 []

[206] [207] [208]
Overfull \hbox (34.11pt too wide) in alignment at lines 6790--6795
 [] [] [] [] [] 
 []


Overfull \hbox (34.11pt too wide) in alignment at lines 6795--6800
 [] [] [] [] [] 
 []


Overfull \hbox (34.11pt too wide) in alignment at lines 6800--6802
 [] [] [] [] [] 
 []


Overfull \hbox (34.11pt too wide) in alignment at lines 6802--6804
 [] [] [] [] [] 
 []


Overfull \hbox (34.11pt too wide) in alignment at lines 6804--6828
 [] [] [] [] [] 
 []


Overfull \hbox (34.11pt too wide) in alignment at lines 6828--6852
 [] [] [] [] [] 
 []


Overfull \hbox (34.11pt too wide) in alignment at lines 6852--6876
 [] [] [] [] [] 
 []

[209]
Overfull \hbox (34.11pt too wide) in alignment at lines 6876--6900
 [] [] [] [] [] 
 []

[210]
Overfull \hbox (34.11pt too wide) in alignment at lines 6900--6909
 [] [] [] [] [] 
 []

[211] [212]
Overfull \hbox (34.11pt too wide) in alignment at lines 6913--6918
 [] [] [] [] [] 
 []


Overfull \hbox (34.11pt too wide) in alignment at lines 6918--6923
 [] [] [] [] [] 
 []


Overfull \hbox (34.11pt too wide) in alignment at lines 6923--6925
 [] [] [] [] [] 
 []


Overfull \hbox (34.11pt too wide) in alignment at lines 6925--6927
 [] [] [] [] [] 
 []


Overfull \hbox (34.11pt too wide) in alignment at lines 6927--6949
 [] [] [] [] [] 
 []


Overfull \hbox (34.11pt too wide) in alignment at lines 6949--6970
 [] [] [] [] [] 
 []


Overfull \hbox (34.11pt too wide) in alignment at lines 6970--6991
 [] [] [] [] [] 
 []


Overfull \hbox (34.11pt too wide) in alignment at lines 6991--7011
 [] [] [] [] [] 
 []

[213]
Overfull \hbox (34.11pt too wide) in alignment at lines 7011--7031
 [] [] [] [] [] 
 []


Overfull \hbox (34.11pt too wide) in alignment at lines 7031--7052
 [] [] [] [] [] 
 []


Overfull \hbox (34.11pt too wide) in alignment at lines 7052--7072
 [] [] [] [] [] 
 []

[214]
Overfull \hbox (34.11pt too wide) in alignment at lines 7072--7092
 [] [] [] [] [] 
 []


Overfull \hbox (34.11pt too wide) in alignment at lines 7092--7112
 [] [] [] [] [] 
 []

[215]
Overfull \hbox (34.11pt too wide) in alignment at lines 7112--7130
 [] [] [] [] [] 
 []

[216] [217]
Overfull \hbox (34.11pt too wide) in alignment at lines 7134--7139
 [] [] [] [] [] 
 []


Overfull \hbox (34.11pt too wide) in alignment at lines 7139--7144
 [] [] [] [] [] 
 []


Overfull \hbox (34.11pt too wide) in alignment at lines 7144--7146
 [] [] [] [] [] 
 []


Overfull \hbox (34.11pt too wide) in alignment at lines 7146--7148
 [] [] [] [] [] 
 []


Overfull \hbox (34.11pt too wide) in alignment at lines 7148--7170
 [] [] [] [] [] 
 []

[218]
Overfull \hbox (34.11pt too wide) in alignment at lines 7174--7179
 [] [] [] [] [] 
 []


Overfull \hbox (34.11pt too wide) in alignment at lines 7179--7184
 [] [] [] [] [] 
 []


Overfull \hbox (34.11pt too wide) in alignment at lines 7184--7186
 [] [] [] [] [] 
 []


Overfull \hbox (34.11pt too wide) in alignment at lines 7186--7188
 [] [] [] [] [] 
 []


Overfull \hbox (34.11pt too wide) in alignment at lines 7188--7212
 [] [] [] [] [] 
 []


Overfull \hbox (34.11pt too wide) in alignment at lines 7212--7236
 [] [] [] [] [] 
 []


Overfull \hbox (34.11pt too wide) in alignment at lines 7236--7254
 [] [] [] [] [] 
 []

[219] [220] [221]
Overfull \hbox (34.11pt too wide) in alignment at lines 7258--7263
 [] [] [] [] [] 
 []


Overfull \hbox (34.11pt too wide) in alignment at lines 7263--7268
 [] [] [] [] [] 
 []


Overfull \hbox (34.11pt too wide) in alignment at lines 7268--7270
 [] [] [] [] [] 
 []


Overfull \hbox (34.11pt too wide) in alignment at lines 7270--7272
 [] [] [] [] [] 
 []


Overfull \hbox (34.11pt too wide) in alignment at lines 7272--7296
 [] [] [] [] [] 
 []


Overfull \hbox (34.11pt too wide) in alignment at lines 7296--7320
 [] [] [] [] [] 
 []


Overfull \hbox (34.11pt too wide) in alignment at lines 7320--7344
 [] [] [] [] [] 
 []

[222]
Overfull \hbox (34.11pt too wide) in alignment at lines 7344--7368
 [] [] [] [] [] 
 []

[223]
Overfull \hbox (34.11pt too wide) in alignment at lines 7368--7377
 [] [] [] [] [] 
 []

[224] [225]
Package atveryend Info: Empty hook `BeforeClearDocument' on input line 7381.
Package atveryend Info: Empty hook `AfterLastShipout' on input line 7381.
(./causal_forest_memo.aux)
Package atveryend Info: Executing hook `AtVeryEndDocument' on input line 7381.
Package atveryend Info: Executing hook `AtEndAfterFileList' on input line 7381.

Package rerunfilecheck Info: File `causal_forest_memo.out' has not changed.
(rerunfilecheck)             Checksum: FC059EA8DA513D673CE5AAE751735989;2174.

LaTeX Warning: There were multiply-defined labels.

Package atveryend Info: Empty hook `AtVeryVeryEnd' on input line 7381.
 ) 
Here is how much of TeX's memory you used:
 14378 strings out of 492641
 210240 string characters out of 6128839
 375414 words of memory out of 5000000
 17665 multiletter control sequences out of 15000+600000
 55069 words of font info for 93 fonts, out of 8000000 for 9000
 1141 hyphenation exceptions out of 8191
 34i,9n,40p,530b,438s stack positions out of 5000i,500n,10000p,200000b,80000s
{/export/opt/texlive/2018/texmf-dist/fonts/enc/dvips/lm/lm-ec.enc}{/export/op
t/texlive/2018/texmf-dist/fonts/enc/dvips/lm/lm-mathit.enc}{/export/opt/texlive
/2018/texmf-dist/fonts/enc/dvips/lm/lm-rm.enc}{/export/opt/texlive/2018/texmf-d
ist/fonts/enc/dvips/lm/lm-ts1.enc}</export/opt/texlive/2018/texmf-dist/fonts/ty
pe1/public/lm/lmbx10.pfb></export/opt/texlive/2018/texmf-dist/fonts/type1/publi
c/lm/lmbx12.pfb></export/opt/texlive/2018/texmf-dist/fonts/type1/public/lm/lmmi
10.pfb></export/opt/texlive/2018/texmf-dist/fonts/type1/public/lm/lmr10.pfb></e
xport/opt/texlive/2018/texmf-dist/fonts/type1/public/lm/lmr17.pfb></export/opt/
texlive/2018/texmf-dist/fonts/type1/public/lm/lmri10.pfb></export/opt/texlive/2
018/texmf-dist/fonts/type1/public/lm/lmtt10.pfb>
Output written on causal_forest_memo.pdf (225 pages, 1272053 bytes).
PDF statistics:
 1321 PDF objects out of 1440 (max. 8388607)
 1025 compressed objects within 11 object streams
 304 named destinations out of 1000 (max. 500000)
 12430 words of extra memory for PDF output out of 14400 (max. 10000000)

